#
# There is insufficient memory for the Java Runtime Environment to continue.
# Native memory allocation (mmap) failed to map 262144 bytes for committing reserved memory.
# Possible reasons:
#   The system is out of physical RAM or swap space
#   In 32 bit mode, the process size limit was hit
# Possible solutions:
#   Reduce memory load on the system
#   Increase physical memory or swap space
#   Check if swap backing store is full
#   Use 64 bit Java on a 64 bit OS
#   Decrease Java heap size (-Xmx/-Xms)
#   Decrease number of Java threads
#   Decrease Java thread stack sizes (-Xss)
#   Set larger code cache with -XX:ReservedCodeCacheSize=
# This output file may be truncated or incomplete.
#
#  Out of Memory Error (os_linux.cpp:2627), pid=13201, tid=139736912549632
#
# JRE version: Java(TM) SE Runtime Environment (8.0_91-b14) (build 1.8.0_91-b14)
# Java VM: Java HotSpot(TM) 64-Bit Server VM (25.91-b14 mixed mode linux-amd64 compressed oops)
# Failed to write core dump. Core dumps have been disabled. To enable core dumping, try "ulimit -c unlimited" before starting Java again
#

---------------  T H R E A D  ---------------

Current thread (0x00007f16dc002000):  JavaThread "restartedMain" [_thread_in_vm, id=13213, stack(0x00007f1708f8d000,0x00007f170908e000)]

Stack: [0x00007f1708f8d000,0x00007f170908e000],  sp=0x00007f1709087fe0,  free space=1003k
Native frames: (J=compiled Java code, j=interpreted, Vv=VM code, C=native code)
V  [libjvm.so+0xabc18a]  VMError::report_and_die()+0x2ba
V  [libjvm.so+0x4fafeb]  report_vm_out_of_memory(char const*, int, unsigned long, VMErrorType, char const*)+0x8b
V  [libjvm.so+0x91cbb3]  os::Linux::commit_memory_impl(char*, unsigned long, bool)+0x103
V  [libjvm.so+0x91d109]  os::pd_commit_memory(char*, unsigned long, unsigned long, bool)+0x29
V  [libjvm.so+0x91740a]  os::commit_memory(char*, unsigned long, unsigned long, bool)+0x2a
V  [libjvm.so+0xab7ee9]  VirtualSpace::expand_by(unsigned long, bool)+0x199
V  [libjvm.so+0x89bcc6]  VirtualSpaceList::expand_node_by(VirtualSpaceNode*, unsigned long, unsigned long)+0x76
V  [libjvm.so+0x89eae0]  VirtualSpaceList::expand_by(unsigned long, unsigned long)+0xf0
V  [libjvm.so+0x89ec73]  VirtualSpaceList::get_new_chunk(unsigned long, unsigned long, unsigned long)+0xb3
V  [libjvm.so+0x8a07c2]  SpaceManager::grow_and_allocate(unsigned long)+0x2d2
V  [libjvm.so+0x8a09cb]  SpaceManager::allocate_work(unsigned long)+0x14b
V  [libjvm.so+0x8a0a5c]  SpaceManager::allocate(unsigned long)+0x7c
V  [libjvm.so+0x8a0cae]  Metaspace::allocate(ClassLoaderData*, unsigned long, bool, MetaspaceObj::Type, Thread*)+0x17e
V  [libjvm.so+0x4f03e5]  ConstantPool::allocate(ClassLoaderData*, int, Thread*)+0x135
V  [libjvm.so+0x45b977]  ClassFileParser::parse_constant_pool(Thread*)+0x387
V  [libjvm.so+0x45f47b]  ClassFileParser::parseClassFile(Symbol*, ClassLoaderData*, Handle, KlassHandle, GrowableArray<Handle>*, TempNewSymbol&, bool, Thread*)+0x6bb
V  [libjvm.so+0xa2dfff]  SystemDictionary::resolve_from_stream(Symbol*, Handle, Handle, ClassFileStream*, bool, Thread*)+0x17f
V  [libjvm.so+0x70dd3e]  jvm_define_class_common(JNIEnv_*, char const*, _jobject*, signed char const*, int, _jobject*, char const*, unsigned char, Thread*)+0x2ae
V  [libjvm.so+0x7130e1]  JVM_DefineClassWithSource+0xe1
C  [libjava.so+0xeb65]  Java_java_lang_ClassLoader_defineClass1+0x155
J 546  java.lang.ClassLoader.defineClass1(Ljava/lang/String;[BIILjava/security/ProtectionDomain;Ljava/lang/String;)Ljava/lang/Class; (0 bytes) @ 0x00007f16f52711cb [0x00007f16f52710c0+0x10b]
J 564 C1 java.lang.ClassLoader.defineClass(Ljava/lang/String;[BIILjava/security/ProtectionDomain;)Ljava/lang/Class; (43 bytes) @ 0x00007f16f5285946 [0x00007f16f5285380+0x5c6]
J 439 C1 java.net.URLClassLoader.defineClass(Ljava/lang/String;Lsun/misc/Resource;)Ljava/lang/Class; (142 bytes) @ 0x00007f16f5227228 [0x00007f16f5225740+0x1ae8]
J 324 C1 java.net.URLClassLoader$1.run()Ljava/lang/Class; (63 bytes) @ 0x00007f16f51d59cb [0x00007f16f51d5900+0xcb]
J 323 C1 java.net.URLClassLoader$1.run()Ljava/lang/Object; (5 bytes) @ 0x00007f16f51d559d [0x00007f16f51d5540+0x5d]
v  ~StubRoutines::call_stub
V  [libjvm.so+0x68dbc6]  JavaCalls::call_helper(JavaValue*, methodHandle*, JavaCallArguments*, Thread*)+0x1056
V  [libjvm.so+0x726a0c]  JVM_DoPrivileged+0x27c
J 322  java.security.AccessController.doPrivileged(Ljava/security/PrivilegedExceptionAction;Ljava/security/AccessControlContext;)Ljava/lang/Object; (0 bytes) @ 0x00007f16f51d48d5 [0x00007f16f51d4800+0xd5]
J 320 C1 java.net.URLClassLoader.findClass(Ljava/lang/String;)Ljava/lang/Class; (47 bytes) @ 0x00007f16f51d4c7d [0x00007f16f51d4ba0+0xdd]
J 200 C1 java.lang.ClassLoader.loadClass(Ljava/lang/String;Z)Ljava/lang/Class; (122 bytes) @ 0x00007f16f5177bcb [0x00007f16f5177280+0x94b]
J 366 C1 sun.misc.Launcher$AppClassLoader.loadClass(Ljava/lang/String;Z)Ljava/lang/Class; (85 bytes) @ 0x00007f16f51fde37 [0x00007f16f51fd4c0+0x977]
J 365 C1 java.lang.ClassLoader.loadClass(Ljava/lang/String;)Ljava/lang/Class; (7 bytes) @ 0x00007f16f51f9742 [0x00007f16f51f9640+0x102]
v  ~StubRoutines::call_stub
V  [libjvm.so+0x68dbc6]  JavaCalls::call_helper(JavaValue*, methodHandle*, JavaCallArguments*, Thread*)+0x1056
V  [libjvm.so+0x68e0d1]  JavaCalls::call_virtual(JavaValue*, KlassHandle, Symbol*, Symbol*, JavaCallArguments*, Thread*)+0x321
V  [libjvm.so+0x68e516]  JavaCalls::call_virtual(JavaValue*, Handle, KlassHandle, Symbol*, Symbol*, Handle, Thread*)+0x56
V  [libjvm.so+0xa33500]  SystemDictionary::load_instance_class(Symbol*, Handle, Thread*)+0x3f0
V  [libjvm.so+0xa323ec]  SystemDictionary::resolve_instance_class_or_null(Symbol*, Handle, Handle, Thread*)+0x7cc
V  [libjvm.so+0xa33923]  SystemDictionary::resolve_or_fail(Symbol*, Handle, Handle, bool, Thread*)+0x33
V  [libjvm.so+0x993246]  get_mirror_from_signature(methodHandle, SignatureStream*, Thread*)+0xc6
V  [libjvm.so+0x996d5f]  Reflection::get_parameter_types(methodHandle, int, oopDesc**, Thread*)+0x5df
V  [libjvm.so+0x9974ac]  Reflection::new_method(methodHandle, bool, bool, Thread*)+0xfc
V  [libjvm.so+0x7261d9]  get_class_declared_methods_helper(JNIEnv_*, _jclass*, unsigned char, bool, Klass*, Thread*)+0x479
V  [libjvm.so+0x72666b]  JVM_GetClassDeclaredMethods+0xcb
J 2333  java.lang.Class.getDeclaredMethods0(Z)[Ljava/lang/reflect/Method; (0 bytes) @ 0x00007f16f56a94a8 [0x00007f16f56a9400+0xa8]
J 1226 C1 java.lang.Class.privateGetDeclaredMethods(Z)[Ljava/lang/reflect/Method; (67 bytes) @ 0x00007f16f54578a4 [0x00007f16f54575a0+0x304]
j  java.lang.Class.getDeclaredMethods()[Ljava/lang/reflect/Method;+11
j  org.springframework.util.ReflectionUtils.getDeclaredMethods(Ljava/lang/Class;)[Ljava/lang/reflect/Method;+24
J 2339 C1 org.springframework.util.ReflectionUtils.doWithMethods(Ljava/lang/Class;Lorg/springframework/util/ReflectionUtils$MethodCallback;Lorg/springframework/util/ReflectionUtils$MethodFilter;)V (176 bytes) @ 0x00007f16f56ae835 [0x00007f16f56ae7e0+0x55]
j  org.springframework.util.ReflectionUtils.doWithMethods(Ljava/lang/Class;Lorg/springframework/util/ReflectionUtils$MethodCallback;)V+3
j  org.springframework.util.ReflectionUtils.getUniqueDeclaredMethods(Ljava/lang/Class;)[Ljava/lang/reflect/Method;+19
j  org.springframework.beans.factory.support.AbstractAutowireCapableBeanFactory.getTypeForFactoryMethod(Ljava/lang/String;Lorg/springframework/beans/factory/support/RootBeanDefinition;[Ljava/lang/Class;)Ljava/lang/Class;+99
J 2331 C1 org.springframework.beans.factory.support.AbstractAutowireCapableBeanFactory.determineTargetType(Ljava/lang/String;Lorg/springframework/beans/factory/support/RootBeanDefinition;[Ljava/lang/Class;)Ljava/lang/Class; (60 bytes) @ 0x00007f16f56a80a9 [0x00007f16f56a7fc0+0xe9]
J 2334 C1 org.springframework.beans.factory.support.AbstractAutowireCapableBeanFactory.predictBeanType(Ljava/lang/String;Lorg/springframework/beans/factory/support/RootBeanDefinition;[Ljava/lang/Class;)Ljava/lang/Class; (126 bytes) @ 0x00007f16f56aa2ac [0x00007f16f56aa220+0x8c]
J 2330 C1 org.springframework.beans.factory.support.AbstractBeanFactory.isFactoryBean(Ljava/lang/String;)Z (75 bytes) @ 0x00007f16f56a8a34 [0x00007f16f56a8680+0x3b4]
j  org.springframework.boot.autoconfigure.condition.BeanTypeRegistry$OptimizedBeanTypeRegistry.addBeanTypeForNonAliasDefinition(Ljava/lang/String;)V+55
j  org.springframework.boot.autoconfigure.condition.BeanTypeRegistry$OptimizedBeanTypeRegistry.addBeanType(Ljava/lang/String;)V+46
j  org.springframework.boot.autoconfigure.condition.BeanTypeRegistry$OptimizedBeanTypeRegistry.getNamesForType(Ljava/lang/Class;)Ljava/util/Set;+56
j  org.springframework.boot.autoconfigure.condition.OnBeanCondition.collectBeanNamesForType(Ljava/util/Set;Lorg/springframework/beans/factory/ListableBeanFactory;Ljava/lang/Class;Z)V+6
j  org.springframework.boot.autoconfigure.condition.OnBeanCondition.getBeanNamesForType(Lorg/springframework/beans/factory/ListableBeanFactory;Ljava/lang/String;Ljava/lang/ClassLoader;Z)Ljava/util/Collection;+20
j  org.springframework.boot.autoconfigure.condition.OnBeanCondition.getMatchingBeans(Lorg/springframework/context/annotation/ConditionContext;Lorg/springframework/boot/autoconfigure/condition/OnBeanCondition$BeanSearchSpec;)Ljava/util/List;+121
j  org.springframework.boot.autoconfigure.condition.OnBeanCondition.getMatchOutcome(Lorg/springframework/context/annotation/ConditionContext;Lorg/springframework/core/type/AnnotatedTypeMetadata;)Lorg/springframework/boot/autoconfigure/condition/ConditionOutcome;+301
J 2393 C1 org.springframework.boot.autoconfigure.condition.SpringBootCondition.matches(Lorg/springframework/context/annotation/ConditionContext;Lorg/springframework/core/type/AnnotatedTypeMetadata;)Z (118 bytes) @ 0x00007f16f51beeb8 [0x00007f16f51bee20+0x98]
J 2305 C1 org.springframework.context.annotation.ConditionEvaluator.shouldSkip(Lorg/springframework/core/type/AnnotatedTypeMetadata;Lorg/springframework/context/annotation/ConfigurationCondition$ConfigurationPhase;)Z (250 bytes) @ 0x00007f16f569d225 [0x00007f16f569ca20+0x805]
j  org.springframework.context.annotation.ConfigurationClassBeanDefinitionReader$TrackedConditionEvaluator.shouldSkip(Lorg/springframework/context/annotation/ConfigurationClass;)Z+104
j  org.springframework.context.annotation.ConfigurationClassBeanDefinitionReader$TrackedConditionEvaluator.shouldSkip(Lorg/springframework/context/annotation/ConfigurationClass;)Z+63
j  org.springframework.context.annotation.ConfigurationClassBeanDefinitionReader.loadBeanDefinitionsForConfigurationClass(Lorg/springframework/context/annotation/ConfigurationClass;Lorg/springframework/context/annotation/ConfigurationClassBeanDefinitionReader$TrackedConditionEvaluator;)V+2
j  org.springframework.context.annotation.ConfigurationClassBeanDefinitionReader.loadBeanDefinitions(Ljava/util/Set;)V+41
j  org.springframework.context.annotation.ConfigurationClassPostProcessor.processConfigBeanDefinitions(Lorg/springframework/beans/factory/support/BeanDefinitionRegistry;)V+366
j  org.springframework.context.annotation.ConfigurationClassPostProcessor.postProcessBeanDefinitionRegistry(Lorg/springframework/beans/factory/support/BeanDefinitionRegistry;)V+161
j  org.springframework.context.support.PostProcessorRegistrationDelegate.invokeBeanDefinitionRegistryPostProcessors(Ljava/util/Collection;Lorg/springframework/beans/factory/support/BeanDefinitionRegistry;)V+28
j  org.springframework.context.support.PostProcessorRegistrationDelegate.invokeBeanFactoryPostProcessors(Lorg/springframework/beans/factory/config/ConfigurableListableBeanFactory;Ljava/util/List;)V+229
j  org.springframework.context.support.AbstractApplicationContext.invokeBeanFactoryPostProcessors(Lorg/springframework/beans/factory/config/ConfigurableListableBeanFactory;)V+5
j  org.springframework.context.support.AbstractApplicationContext.refresh()V+28
j  org.springframework.boot.context.embedded.EmbeddedWebApplicationContext.refresh()V+1
j  org.springframework.boot.SpringApplication.refresh(Lorg/springframework/context/ApplicationContext;)V+10
j  org.springframework.boot.SpringApplication.refreshContext(Lorg/springframework/context/ConfigurableApplicationContext;)V+2
j  org.springframework.boot.SpringApplication.run([Ljava/lang/String;)Lorg/springframework/context/ConfigurableApplicationContext;+91
j  org.springframework.boot.SpringApplication.run([Ljava/lang/Object;[Ljava/lang/String;)Lorg/springframework/context/ConfigurableApplicationContext;+9
j  org.springframework.boot.SpringApplication.run(Ljava/lang/Object;[Ljava/lang/String;)Lorg/springframework/context/ConfigurableApplicationContext;+9
j  com.myapos.clientmanager.ReactAndSpringDataRestApplication.main([Ljava/lang/String;)V+3
v  ~StubRoutines::call_stub
V  [libjvm.so+0x68dbc6]  JavaCalls::call_helper(JavaValue*, methodHandle*, JavaCallArguments*, Thread*)+0x1056
V  [libjvm.so+0x994487]  Reflection::invoke(instanceKlassHandle, methodHandle, Handle, bool, objArrayHandle, BasicType, objArrayHandle, bool, Thread*)+0x5d7
V  [libjvm.so+0x997b97]  Reflection::invoke_method(oopDesc*, Handle, objArrayHandle, Thread*)+0x147
V  [libjvm.so+0x71c7db]  JVM_InvokeMethod+0x26b
j  sun.reflect.NativeMethodAccessorImpl.invoke0(Ljava/lang/reflect/Method;Ljava/lang/Object;[Ljava/lang/Object;)Ljava/lang/Object;+0
j  sun.reflect.NativeMethodAccessorImpl.invoke(Ljava/lang/Object;[Ljava/lang/Object;)Ljava/lang/Object;+100
j  sun.reflect.DelegatingMethodAccessorImpl.invoke(Ljava/lang/Object;[Ljava/lang/Object;)Ljava/lang/Object;+6
j  java.lang.reflect.Method.invoke(Ljava/lang/Object;[Ljava/lang/Object;)Ljava/lang/Object;+56
j  org.springframework.boot.devtools.restart.RestartLauncher.run()V+41
v  ~StubRoutines::call_stub
V  [libjvm.so+0x68dbc6]  JavaCalls::call_helper(JavaValue*, methodHandle*, JavaCallArguments*, Thread*)+0x1056
V  [libjvm.so+0x68e0d1]  JavaCalls::call_virtual(JavaValue*, KlassHandle, Symbol*, Symbol*, JavaCallArguments*, Thread*)+0x321
V  [libjvm.so+0x68e567]  JavaCalls::call_virtual(JavaValue*, Handle, KlassHandle, Symbol*, Symbol*, Thread*)+0x47
V  [libjvm.so+0x7254b0]  thread_entry(JavaThread*, Thread*)+0xa0
V  [libjvm.so+0xa6b77f]  JavaThread::thread_main_inner()+0xdf
V  [libjvm.so+0xa6b8ac]  JavaThread::run()+0x11c
V  [libjvm.so+0x91ef78]  java_start(Thread*)+0x108
...<more frames>...

Java frames: (J=compiled Java code, j=interpreted, Vv=VM code)
J 546  java.lang.ClassLoader.defineClass1(Ljava/lang/String;[BIILjava/security/ProtectionDomain;Ljava/lang/String;)Ljava/lang/Class; (0 bytes) @ 0x00007f16f5271151 [0x00007f16f52710c0+0x91]
J 564 C1 java.lang.ClassLoader.defineClass(Ljava/lang/String;[BIILjava/security/ProtectionDomain;)Ljava/lang/Class; (43 bytes) @ 0x00007f16f5285946 [0x00007f16f5285380+0x5c6]
J 439 C1 java.net.URLClassLoader.defineClass(Ljava/lang/String;Lsun/misc/Resource;)Ljava/lang/Class; (142 bytes) @ 0x00007f16f5227228 [0x00007f16f5225740+0x1ae8]
J 324 C1 java.net.URLClassLoader$1.run()Ljava/lang/Class; (63 bytes) @ 0x00007f16f51d59cb [0x00007f16f51d5900+0xcb]
J 323 C1 java.net.URLClassLoader$1.run()Ljava/lang/Object; (5 bytes) @ 0x00007f16f51d559d [0x00007f16f51d5540+0x5d]
v  ~StubRoutines::call_stub
J 322  java.security.AccessController.doPrivileged(Ljava/security/PrivilegedExceptionAction;Ljava/security/AccessControlContext;)Ljava/lang/Object; (0 bytes) @ 0x00007f16f51d4863 [0x00007f16f51d4800+0x63]
J 320 C1 java.net.URLClassLoader.findClass(Ljava/lang/String;)Ljava/lang/Class; (47 bytes) @ 0x00007f16f51d4c7d [0x00007f16f51d4ba0+0xdd]
J 200 C1 java.lang.ClassLoader.loadClass(Ljava/lang/String;Z)Ljava/lang/Class; (122 bytes) @ 0x00007f16f5177bcb [0x00007f16f5177280+0x94b]
J 366 C1 sun.misc.Launcher$AppClassLoader.loadClass(Ljava/lang/String;Z)Ljava/lang/Class; (85 bytes) @ 0x00007f16f51fde37 [0x00007f16f51fd4c0+0x977]
J 365 C1 java.lang.ClassLoader.loadClass(Ljava/lang/String;)Ljava/lang/Class; (7 bytes) @ 0x00007f16f51f9742 [0x00007f16f51f9640+0x102]
v  ~StubRoutines::call_stub
J 2333  java.lang.Class.getDeclaredMethods0(Z)[Ljava/lang/reflect/Method; (0 bytes) @ 0x00007f16f56a9438 [0x00007f16f56a9400+0x38]
J 1226 C1 java.lang.Class.privateGetDeclaredMethods(Z)[Ljava/lang/reflect/Method; (67 bytes) @ 0x00007f16f54578a4 [0x00007f16f54575a0+0x304]
j  java.lang.Class.getDeclaredMethods()[Ljava/lang/reflect/Method;+11
j  org.springframework.util.ReflectionUtils.getDeclaredMethods(Ljava/lang/Class;)[Ljava/lang/reflect/Method;+24
J 2339 C1 org.springframework.util.ReflectionUtils.doWithMethods(Ljava/lang/Class;Lorg/springframework/util/ReflectionUtils$MethodCallback;Lorg/springframework/util/ReflectionUtils$MethodFilter;)V (176 bytes) @ 0x00007f16f56ae835 [0x00007f16f56ae7e0+0x55]
j  org.springframework.util.ReflectionUtils.doWithMethods(Ljava/lang/Class;Lorg/springframework/util/ReflectionUtils$MethodCallback;)V+3
j  org.springframework.util.ReflectionUtils.getUniqueDeclaredMethods(Ljava/lang/Class;)[Ljava/lang/reflect/Method;+19
j  org.springframework.beans.factory.support.AbstractAutowireCapableBeanFactory.getTypeForFactoryMethod(Ljava/lang/String;Lorg/springframework/beans/factory/support/RootBeanDefinition;[Ljava/lang/Class;)Ljava/lang/Class;+99
J 2331 C1 org.springframework.beans.factory.support.AbstractAutowireCapableBeanFactory.determineTargetType(Ljava/lang/String;Lorg/springframework/beans/factory/support/RootBeanDefinition;[Ljava/lang/Class;)Ljava/lang/Class; (60 bytes) @ 0x00007f16f56a80a9 [0x00007f16f56a7fc0+0xe9]
J 2334 C1 org.springframework.beans.factory.support.AbstractAutowireCapableBeanFactory.predictBeanType(Ljava/lang/String;Lorg/springframework/beans/factory/support/RootBeanDefinition;[Ljava/lang/Class;)Ljava/lang/Class; (126 bytes) @ 0x00007f16f56aa2ac [0x00007f16f56aa220+0x8c]
J 2330 C1 org.springframework.beans.factory.support.AbstractBeanFactory.isFactoryBean(Ljava/lang/String;)Z (75 bytes) @ 0x00007f16f56a8a34 [0x00007f16f56a8680+0x3b4]
j  org.springframework.boot.autoconfigure.condition.BeanTypeRegistry$OptimizedBeanTypeRegistry.addBeanTypeForNonAliasDefinition(Ljava/lang/String;)V+55
j  org.springframework.boot.autoconfigure.condition.BeanTypeRegistry$OptimizedBeanTypeRegistry.addBeanType(Ljava/lang/String;)V+46
j  org.springframework.boot.autoconfigure.condition.BeanTypeRegistry$OptimizedBeanTypeRegistry.getNamesForType(Ljava/lang/Class;)Ljava/util/Set;+56
j  org.springframework.boot.autoconfigure.condition.OnBeanCondition.collectBeanNamesForType(Ljava/util/Set;Lorg/springframework/beans/factory/ListableBeanFactory;Ljava/lang/Class;Z)V+6
j  org.springframework.boot.autoconfigure.condition.OnBeanCondition.getBeanNamesForType(Lorg/springframework/beans/factory/ListableBeanFactory;Ljava/lang/String;Ljava/lang/ClassLoader;Z)Ljava/util/Collection;+20
j  org.springframework.boot.autoconfigure.condition.OnBeanCondition.getMatchingBeans(Lorg/springframework/context/annotation/ConditionContext;Lorg/springframework/boot/autoconfigure/condition/OnBeanCondition$BeanSearchSpec;)Ljava/util/List;+121
j  org.springframework.boot.autoconfigure.condition.OnBeanCondition.getMatchOutcome(Lorg/springframework/context/annotation/ConditionContext;Lorg/springframework/core/type/AnnotatedTypeMetadata;)Lorg/springframework/boot/autoconfigure/condition/ConditionOutcome;+301
J 2393 C1 org.springframework.boot.autoconfigure.condition.SpringBootCondition.matches(Lorg/springframework/context/annotation/ConditionContext;Lorg/springframework/core/type/AnnotatedTypeMetadata;)Z (118 bytes) @ 0x00007f16f51beeb8 [0x00007f16f51bee20+0x98]
J 2305 C1 org.springframework.context.annotation.ConditionEvaluator.shouldSkip(Lorg/springframework/core/type/AnnotatedTypeMetadata;Lorg/springframework/context/annotation/ConfigurationCondition$ConfigurationPhase;)Z (250 bytes) @ 0x00007f16f569d225 [0x00007f16f569ca20+0x805]
j  org.springframework.context.annotation.ConfigurationClassBeanDefinitionReader$TrackedConditionEvaluator.shouldSkip(Lorg/springframework/context/annotation/ConfigurationClass;)Z+104
j  org.springframework.context.annotation.ConfigurationClassBeanDefinitionReader$TrackedConditionEvaluator.shouldSkip(Lorg/springframework/context/annotation/ConfigurationClass;)Z+63
j  org.springframework.context.annotation.ConfigurationClassBeanDefinitionReader.loadBeanDefinitionsForConfigurationClass(Lorg/springframework/context/annotation/ConfigurationClass;Lorg/springframework/context/annotation/ConfigurationClassBeanDefinitionReader$TrackedConditionEvaluator;)V+2
j  org.springframework.context.annotation.ConfigurationClassBeanDefinitionReader.loadBeanDefinitions(Ljava/util/Set;)V+41
j  org.springframework.context.annotation.ConfigurationClassPostProcessor.processConfigBeanDefinitions(Lorg/springframework/beans/factory/support/BeanDefinitionRegistry;)V+366
j  org.springframework.context.annotation.ConfigurationClassPostProcessor.postProcessBeanDefinitionRegistry(Lorg/springframework/beans/factory/support/BeanDefinitionRegistry;)V+161
j  org.springframework.context.support.PostProcessorRegistrationDelegate.invokeBeanDefinitionRegistryPostProcessors(Ljava/util/Collection;Lorg/springframework/beans/factory/support/BeanDefinitionRegistry;)V+28
j  org.springframework.context.support.PostProcessorRegistrationDelegate.invokeBeanFactoryPostProcessors(Lorg/springframework/beans/factory/config/ConfigurableListableBeanFactory;Ljava/util/List;)V+229
j  org.springframework.context.support.AbstractApplicationContext.invokeBeanFactoryPostProcessors(Lorg/springframework/beans/factory/config/ConfigurableListableBeanFactory;)V+5
j  org.springframework.context.support.AbstractApplicationContext.refresh()V+28
j  org.springframework.boot.context.embedded.EmbeddedWebApplicationContext.refresh()V+1
j  org.springframework.boot.SpringApplication.refresh(Lorg/springframework/context/ApplicationContext;)V+10
j  org.springframework.boot.SpringApplication.refreshContext(Lorg/springframework/context/ConfigurableApplicationContext;)V+2
j  org.springframework.boot.SpringApplication.run([Ljava/lang/String;)Lorg/springframework/context/ConfigurableApplicationContext;+91
j  org.springframework.boot.SpringApplication.run([Ljava/lang/Object;[Ljava/lang/String;)Lorg/springframework/context/ConfigurableApplicationContext;+9
j  org.springframework.boot.SpringApplication.run(Ljava/lang/Object;[Ljava/lang/String;)Lorg/springframework/context/ConfigurableApplicationContext;+9
j  com.myapos.clientmanager.ReactAndSpringDataRestApplication.main([Ljava/lang/String;)V+3
v  ~StubRoutines::call_stub
j  sun.reflect.NativeMethodAccessorImpl.invoke0(Ljava/lang/reflect/Method;Ljava/lang/Object;[Ljava/lang/Object;)Ljava/lang/Object;+0
j  sun.reflect.NativeMethodAccessorImpl.invoke(Ljava/lang/Object;[Ljava/lang/Object;)Ljava/lang/Object;+100
j  sun.reflect.DelegatingMethodAccessorImpl.invoke(Ljava/lang/Object;[Ljava/lang/Object;)Ljava/lang/Object;+6
j  java.lang.reflect.Method.invoke(Ljava/lang/Object;[Ljava/lang/Object;)Ljava/lang/Object;+56
j  org.springframework.boot.devtools.restart.RestartLauncher.run()V+41
v  ~StubRoutines::call_stub

---------------  P R O C E S S  ---------------

Java Threads: ( => current thread )
=>0x00007f16dc002000 JavaThread "restartedMain" [_thread_in_vm, id=13213, stack(0x00007f1708f8d000,0x00007f170908e000)]
  0x00007f1704622800 JavaThread "Thread-0" [_thread_blocked, id=13212, stack(0x00007f170908e000,0x00007f170918f000)]
  0x00007f17040b9800 JavaThread "Service Thread" daemon [_thread_blocked, id=13210, stack(0x00007f1709582000,0x00007f1709683000)]
  0x00007f17040b6000 JavaThread "C1 CompilerThread1" daemon [_thread_blocked, id=13209, stack(0x00007f1709683000,0x00007f1709784000)]
  0x00007f17040b4000 JavaThread "C2 CompilerThread0" daemon [_thread_in_native, id=13208, stack(0x00007f1709784000,0x00007f1709885000)]
  0x00007f17040b2800 JavaThread "Signal Dispatcher" daemon [_thread_blocked, id=13207, stack(0x00007f1709885000,0x00007f1709986000)]
  0x00007f170407e800 JavaThread "Finalizer" daemon [_thread_blocked, id=13206, stack(0x00007f1709c8d000,0x00007f1709d8e000)]
  0x00007f1704079800 JavaThread "Reference Handler" daemon [_thread_blocked, id=13205, stack(0x00007f1709d8e000,0x00007f1709e8f000)]
  0x00007f170400d800 JavaThread "main" [_thread_blocked, id=13203, stack(0x00007f170dd00000,0x00007f170de01000)]

Other Threads:
  0x00007f1704072000 VMThread [stack: 0x00007f1709e8f000,0x00007f1709f90000] [id=13204]
  0x00007f17040bc800 WatcherThread [stack: 0x00007f1709481000,0x00007f1709582000] [id=13211]

VM state:not at safepoint (normal execution)

VM Mutex/Monitor currently owned by a thread: None

Heap:
 def new generation   total 11264K, used 8091K [0x00000000f0600000, 0x00000000f1230000, 0x00000000f5950000)
  eden space 10048K,  73% used [0x00000000f0600000, 0x00000000f0d407c8, 0x00000000f0fd0000)
  from space 1216K,  54% used [0x00000000f1100000, 0x00000000f11a6788, 0x00000000f1230000)
  to   space 1216K,   0% used [0x00000000f0fd0000, 0x00000000f0fd0000, 0x00000000f1100000)
 tenured generation   total 24804K, used 16238K [0x00000000f5950000, 0x00000000f7189000, 0x0000000100000000)
   the space 24804K,  65% used [0x00000000f5950000, 0x00000000f692ba20, 0x00000000f692bc00, 0x00000000f7189000)
 Metaspace       used 24512K, capacity 24816K, committed 24960K, reserved 1071104K
  class space    used 3037K, capacity 3157K, committed 3200K, reserved 1048576K

Card table byte_map: [0x00007f170dc82000,0x00007f170dd00000] byte_map_base: 0x00007f170d4ff000

Polling page: 0x00007f170de10000

CodeCache: size=245760Kb used=6942Kb max_used=6942Kb free=238817Kb
 bounds [0x00007f16f5000000, 0x00007f16f56d0000, 0x00007f1704000000]
 total_blobs=2529 nmethods=2166 adapters=277
 compilation: enabled

Compilation events (10 events):
Event: 17,934 Thread 0x00007f17040b6000 2458       1       org.springframework.context.annotation.ConfigurationMethod::getConfigurationClass (5 bytes)
Event: 17,934 Thread 0x00007f17040b6000 nmethod 2458 0x00007f16f56ce310 code [0x00007f16f56ce460, 0x00007f16f56ce570]
Event: 17,934 Thread 0x00007f17040b6000 2457       1       org.springframework.context.annotation.ConfigurationClass::getBeanName (5 bytes)
Event: 17,934 Thread 0x00007f17040b6000 nmethod 2457 0x00007f16f56ce5d0 code [0x00007f16f56ce720, 0x00007f16f56ce830]
Event: 17,936 Thread 0x00007f17040b6000 2459       2       java.lang.System::getProperty (25 bytes)
Event: 17,937 Thread 0x00007f17040b6000 nmethod 2459 0x00007f16f56ce890 code [0x00007f16f56cea40, 0x00007f16f56ced58]
Event: 17,971 Thread 0x00007f17040b6000 2461       2       java.util.concurrent.ConcurrentHashMap::isEmpty (15 bytes)
Event: 17,971 Thread 0x00007f17040b6000 nmethod 2461 0x00007f16f56cef90 code [0x00007f16f56cf100, 0x00007f16f56cf280]
Event: 17,971 Thread 0x00007f17040b6000 2460       2       java.util.ArrayList::toArray (12 bytes)
Event: 17,972 Thread 0x00007f17040b6000 nmethod 2460 0x00007f16f56cf310 code [0x00007f16f56cf480, 0x00007f16f56cf600]

GC Heap History (10 events):
Event: 15,179 GC heap before
{Heap before GC invocations=57 (full 2):
 def new generation   total 11264K, used 10476K [0x00000000f0600000, 0x00000000f1230000, 0x00000000f5950000)
  eden space 10048K, 100% used [0x00000000f0600000, 0x00000000f0fd0000, 0x00000000f0fd0000)
  from space 1216K,  35% used [0x00000000f0fd0000, 0x00000000f103b3f8, 0x00000000f1100000)
  to   space 1216K,   0% used [0x00000000f1100000, 0x00000000f1100000, 0x00000000f1230000)
 tenured generation   total 24804K, used 14880K [0x00000000f5950000, 0x00000000f7189000, 0x0000000100000000)
   the space 24804K,  59% used [0x00000000f5950000, 0x00000000f67d81f0, 0x00000000f67d8200, 0x00000000f7189000)
 Metaspace       used 22780K, capacity 23134K, committed 23424K, reserved 1069056K
  class space    used 2772K, capacity 2898K, committed 2944K, reserved 1048576K
Event: 15,186 GC heap after
Heap after GC invocations=58 (full 2):
 def new generation   total 11264K, used 457K [0x00000000f0600000, 0x00000000f1230000, 0x00000000f5950000)
  eden space 10048K,   0% used [0x00000000f0600000, 0x00000000f0600000, 0x00000000f0fd0000)
  from space 1216K,  37% used [0x00000000f1100000, 0x00000000f11726b0, 0x00000000f1230000)
  to   space 1216K,   0% used [0x00000000f0fd0000, 0x00000000f0fd0000, 0x00000000f1100000)
 tenured generation   total 24804K, used 14880K [0x00000000f5950000, 0x00000000f7189000, 0x0000000100000000)
   the space 24804K,  59% used [0x00000000f5950000, 0x00000000f67d81f0, 0x00000000f67d8200, 0x00000000f7189000)
 Metaspace       used 22780K, capacity 23134K, committed 23424K, reserved 1069056K
  class space    used 2772K, capacity 2898K, committed 2944K, reserved 1048576K
}
Event: 15,382 GC heap before
{Heap before GC invocations=58 (full 2):
 def new generation   total 11264K, used 10505K [0x00000000f0600000, 0x00000000f1230000, 0x00000000f5950000)
  eden space 10048K, 100% used [0x00000000f0600000, 0x00000000f0fd0000, 0x00000000f0fd0000)
  from space 1216K,  37% used [0x00000000f1100000, 0x00000000f11726b0, 0x00000000f1230000)
  to   space 1216K,   0% used [0x00000000f0fd0000, 0x00000000f0fd0000, 0x00000000f1100000)
 tenured generation   total 24804K, used 14880K [0x00000000f5950000, 0x00000000f7189000, 0x0000000100000000)
   the space 24804K,  59% used [0x00000000f5950000, 0x00000000f67d81f0, 0x00000000f67d8200, 0x00000000f7189000)
 Metaspace       used 22971K, capacity 23358K, committed 23424K, reserved 1069056K
  class space    used 2800K, capacity 2930K, committed 2944K, reserved 1048576K
Event: 15,388 GC heap after
Heap after GC invocations=59 (full 2):
 def new generation   total 11264K, used 760K [0x00000000f0600000, 0x00000000f1230000, 0x00000000f5950000)
  eden space 10048K,   0% used [0x00000000f0600000, 0x00000000f0600000, 0x00000000f0fd0000)
  from space 1216K,  62% used [0x00000000f0fd0000, 0x00000000f108e110, 0x00000000f1100000)
  to   space 1216K,   0% used [0x00000000f1100000, 0x00000000f1100000, 0x00000000f1230000)
 tenured generation   total 24804K, used 14880K [0x00000000f5950000, 0x00000000f7189000, 0x0000000100000000)
   the space 24804K,  59% used [0x00000000f5950000, 0x00000000f67d81f0, 0x00000000f67d8200, 0x00000000f7189000)
 Metaspace       used 22971K, capacity 23358K, committed 23424K, reserved 1069056K
  class space    used 2800K, capacity 2930K, committed 2944K, reserved 1048576K
}
Event: 16,236 GC heap before
{Heap before GC invocations=59 (full 2):
 def new generation   total 11264K, used 10808K [0x00000000f0600000, 0x00000000f1230000, 0x00000000f5950000)
  eden space 10048K, 100% used [0x00000000f0600000, 0x00000000f0fd0000, 0x00000000f0fd0000)
  from space 1216K,  62% used [0x00000000f0fd0000, 0x00000000f108e110, 0x00000000f1100000)
  to   space 1216K,   0% used [0x00000000f1100000, 0x00000000f1100000, 0x00000000f1230000)
 tenured generation   total 24804K, used 14880K [0x00000000f5950000, 0x00000000f7189000, 0x0000000100000000)
   the space 24804K,  59% used [0x00000000f5950000, 0x00000000f67d81f0, 0x00000000f67d8200, 0x00000000f7189000)
 Metaspace       used 23776K, capacity 24164K, committed 24320K, reserved 1071104K
  class space    used 2917K, capacity 3027K, committed 3072K, reserved 1048576K
Event: 16,264 GC heap after
Heap after GC invocations=60 (full 2):
 def new generation   total 11264K, used 1215K [0x00000000f0600000, 0x00000000f1230000, 0x00000000f5950000)
  eden space 10048K,   0% used [0x00000000f0600000, 0x00000000f0600000, 0x00000000f0fd0000)
  from space 1216K,  99% used [0x00000000f1100000, 0x00000000f122fff0, 0x00000000f1230000)
  to   space 1216K,   0% used [0x00000000f0fd0000, 0x00000000f0fd0000, 0x00000000f1100000)
 tenured generation   total 24804K, used 15390K [0x00000000f5950000, 0x00000000f7189000, 0x0000000100000000)
   the space 24804K,  62% used [0x00000000f5950000, 0x00000000f6857b40, 0x00000000f6857c00, 0x00000000f7189000)
 Metaspace       used 23776K, capacity 24164K, committed 24320K, reserved 1071104K
  class space    used 2917K, capacity 3027K, committed 3072K, reserved 1048576K
}
Event: 17,058 GC heap before
{Heap before GC invocations=60 (full 2):
 def new generation   total 11264K, used 11263K [0x00000000f0600000, 0x00000000f1230000, 0x00000000f5950000)
  eden space 10048K, 100% used [0x00000000f0600000, 0x00000000f0fd0000, 0x00000000f0fd0000)
  from space 1216K,  99% used [0x00000000f1100000, 0x00000000f122fff0, 0x00000000f1230000)
  to   space 1216K,   0% used [0x00000000f0fd0000, 0x00000000f0fd0000, 0x00000000f1100000)
 tenured generation   total 24804K, used 15390K [0x00000000f5950000, 0x00000000f7189000, 0x0000000100000000)
   the space 24804K,  62% used [0x00000000f5950000, 0x00000000f6857b40, 0x00000000f6857c00, 0x00000000f7189000)
 Metaspace       used 24088K, capacity 24426K, committed 24704K, reserved 1071104K
  class space    used 2967K, capacity 3092K, committed 3200K, reserved 1048576K
Event: 17,071 GC heap after
Heap after GC invocations=61 (full 2):
 def new generation   total 11264K, used 684K [0x00000000f0600000, 0x00000000f1230000, 0x00000000f5950000)
  eden space 10048K,   0% used [0x00000000f0600000, 0x00000000f0600000, 0x00000000f0fd0000)
  from space 1216K,  56% used [0x00000000f0fd0000, 0x00000000f107b268, 0x00000000f1100000)
  to   space 1216K,   0% used [0x00000000f1100000, 0x00000000f1100000, 0x00000000f1230000)
 tenured generation   total 24804K, used 15956K [0x00000000f5950000, 0x00000000f7189000, 0x0000000100000000)
   the space 24804K,  64% used [0x00000000f5950000, 0x00000000f68e50b8, 0x00000000f68e5200, 0x00000000f7189000)
 Metaspace       used 24088K, capacity 24426K, committed 24704K, reserved 1071104K
  class space    used 2967K, capacity 3092K, committed 3200K, reserved 1048576K
}
Event: 17,624 GC heap before
{Heap before GC invocations=61 (full 2):
 def new generation   total 11264K, used 10732K [0x00000000f0600000, 0x00000000f1230000, 0x00000000f5950000)
  eden space 10048K, 100% used [0x00000000f0600000, 0x00000000f0fd0000, 0x00000000f0fd0000)
  from space 1216K,  56% used [0x00000000f0fd0000, 0x00000000f107b268, 0x00000000f1100000)
  to   space 1216K,   0% used [0x00000000f1100000, 0x00000000f1100000, 0x00000000f1230000)
 tenured generation   total 24804K, used 15956K [0x00000000f5950000, 0x00000000f7189000, 0x0000000100000000)
   the space 24804K,  64% used [0x00000000f5950000, 0x00000000f68e50b8, 0x00000000f68e5200, 0x00000000f7189000)
 Metaspace       used 24137K, capacity 24496K, committed 24704K, reserved 1071104K
  class space    used 2974K, capacity 3093K, committed 3200K, reserved 1048576K
Event: 17,638 GC heap after
Heap after GC invocations=62 (full 2):
 def new generation   total 11264K, used 665K [0x00000000f0600000, 0x00000000f1230000, 0x00000000f5950000)
  eden space 10048K,   0% used [0x00000000f0600000, 0x00000000f0600000, 0x00000000f0fd0000)
  from space 1216K,  54% used [0x00000000f1100000, 0x00000000f11a6788, 0x00000000f1230000)
  to   space 1216K,   0% used [0x00000000f0fd0000, 0x00000000f0fd0000, 0x00000000f1100000)
 tenured generation   total 24804K, used 16238K [0x00000000f5950000, 0x00000000f7189000, 0x0000000100000000)
   the space 24804K,  65% used [0x00000000f5950000, 0x00000000f692ba20, 0x00000000f692bc00, 0x00000000f7189000)
 Metaspace       used 24137K, capacity 24496K, committed 24704K, reserved 1071104K
  class space    used 2974K, capacity 3093K, committed 3200K, reserved 1048576K
}

Deoptimization events (10 events):
Event: 7,318 Thread 0x00007f16dc002000 Uncommon trap: reason=bimorphic action=maybe_recompile pc=0x00007f16f53b330c method=java.util.HashMap.putVal(ILjava/lang/Object;Ljava/lang/Object;ZZ)Ljava/lang/Object; @ 253
Event: 7,352 Thread 0x00007f16dc002000 Uncommon trap: reason=bimorphic action=maybe_recompile pc=0x00007f16f52d5ce4 method=java.util.HashMap.putVal(ILjava/lang/Object;Ljava/lang/Object;ZZ)Ljava/lang/Object; @ 253
Event: 7,558 Thread 0x00007f16d85d3000 Uncommon trap: reason=class_check action=maybe_recompile pc=0x00007f16f52eae7c method=java.util.regex.Matcher.search(I)Z @ 86
Event: 7,655 Thread 0x00007f16d85d3000 Uncommon trap: reason=unstable_if action=reinterpret pc=0x00007f16f535b05c method=sun.misc.URLClassPath$JarLoader.getResource(Ljava/lang/String;Z)Lsun/misc/Resource; @ 15
Event: 8,264 Thread 0x00007f16d85d3000 Uncommon trap: reason=predicate action=maybe_recompile pc=0x00007f16f537093c method=java.lang.String.regionMatches(ZILjava/lang/String;II)Z @ 63
Event: 10,959 Thread 0x00007f16dc002000 Uncommon trap: reason=unstable_if action=reinterpret pc=0x00007f16f55f0b14 method=java.util.AbstractCollection.isEmpty()Z @ 4
Event: 12,895 Thread 0x00007f16dc002000 Uncommon trap: reason=unstable_if action=reinterpret pc=0x00007f16f563d7ec method=java.util.LinkedHashMap.entrySet()Ljava/util/Set; @ 6
Event: 13,809 Thread 0x00007f16dc002000 Uncommon trap: reason=unstable_if action=reinterpret pc=0x00007f16f55d376c method=org.springframework.asm.ClassReader.readUTF(II[C)Ljava/lang/String; @ 77
Event: 13,962 Thread 0x00007f16dc002000 Uncommon trap: reason=unstable_if action=reinterpret pc=0x00007f16f55f1d20 method=java.util.LinkedHashMap.afterNodeInsertion(Z)V @ 18
Event: 17,083 Thread 0x00007f16dc002000 Uncommon trap: reason=unstable_if action=reinterpret pc=0x00007f16f55eb9ec method=java.util.LinkedHashMap.get(Ljava/lang/Object;)Ljava/lang/Object; @ 20

Internal exceptions (10 events):
Event: 7,979 Thread 0x00007f16dc002000 Exception <a 'java/lang/ClassNotFoundException': org/springframework/context/ResourceLoaderAwareCustomizer> (0x00000000f0650588) thrown at [/HUDSON/workspace/8-2-build-linux-amd64/jdk8u91/6644/hotspot/src/share/vm/classfile/systemDictionary.cpp, line 210]
Event: 7,987 Thread 0x00007f16dc002000 Exception <a 'java/lang/ClassNotFoundException': org/springframework/beans/factory/BeanClassLoaderAwareCustomizer> (0x00000000f06a7118) thrown at [/HUDSON/workspace/8-2-build-linux-amd64/jdk8u91/6644/hotspot/src/share/vm/classfile/systemDictionary.cpp, li
Event: 7,988 Thread 0x00007f16dc002000 Exception <a 'java/lang/ClassNotFoundException': org/springframework/context/EnvironmentAwareCustomizer> (0x00000000f06be4a8) thrown at [/HUDSON/workspace/8-2-build-linux-amd64/jdk8u91/6644/hotspot/src/share/vm/classfile/systemDictionary.cpp, line 210]
Event: 8,583 Thread 0x00007f16d85d3000 Exception <a 'java/lang/NoSuchFieldError': method resolution failed> (0x00000000f07bb800) thrown at [/HUDSON/workspace/8-2-build-linux-amd64/jdk8u91/6644/hotspot/src/share/vm/prims/methodHandles.cpp, line 1146]
Event: 8,590 Thread 0x00007f16d85d3000 Exception <a 'java/lang/NoSuchFieldError': method resolution failed> (0x00000000f07fbf80) thrown at [/HUDSON/workspace/8-2-build-linux-amd64/jdk8u91/6644/hotspot/src/share/vm/prims/methodHandles.cpp, line 1146]
Event: 11,673 Thread 0x00007f16dc002000 Exception <a 'java/lang/ClassNotFoundException': java/lang/ObjectCustomizer> (0x00000000f0c16de0) thrown at [/HUDSON/workspace/8-2-build-linux-amd64/jdk8u91/6644/hotspot/src/share/vm/classfile/systemDictionary.cpp, line 210]
Event: 11,675 Thread 0x00007f16dc002000 Exception <a 'java/lang/ClassNotFoundException': org/springframework/boot/autoconfigure/web/ResourcePropertiesCustomizer> (0x00000000f0c35da8) thrown at [/HUDSON/workspace/8-2-build-linux-amd64/jdk8u91/6644/hotspot/src/share/vm/classfile/systemDictionary.
Event: 11,685 Thread 0x00007f16dc002000 Exception <a 'java/lang/ClassNotFoundException': org/springframework/context/ResourceLoaderAwareCustomizer> (0x00000000f0c5c020) thrown at [/HUDSON/workspace/8-2-build-linux-amd64/jdk8u91/6644/hotspot/src/share/vm/classfile/systemDictionary.cpp, line 210]
Event: 11,688 Thread 0x00007f16dc002000 Exception <a 'java/lang/ClassNotFoundException': java/lang/ObjectCustomizer> (0x00000000f0c748a0) thrown at [/HUDSON/workspace/8-2-build-linux-amd64/jdk8u91/6644/hotspot/src/share/vm/classfile/systemDictionary.cpp, line 210]
Event: 11,696 Thread 0x00007f16dc002000 Exception <a 'java/lang/ClassNotFoundException': org/springframework/boot/autoconfigure/web/ResourceProperties$ChainCustomizer> (0x00000000f0c94818) thrown at [/HUDSON/workspace/8-2-build-linux-amd64/jdk8u91/6644/hotspot/src/share/vm/classfile/systemDicti

Events (10 events):
Event: 19,064 loading class org/springframework/data/rest/webmvc/support/DelegatingHandlerMapping
Event: 19,064 loading class org/springframework/data/rest/webmvc/support/DelegatingHandlerMapping done
Event: 19,065 loading class org/springframework/data/rest/webmvc/mapping/LinkCollector
Event: 19,065 loading class org/springframework/data/rest/webmvc/mapping/LinkCollector done
Event: 19,065 loading class org/springframework/data/rest/core/UriToEntityConverter
Event: 19,065 loading class org/springframework/data/rest/core/UriToEntityConverter done
Event: 19,071 loading class org/springframework/data/rest/webmvc/RepositoryRestExceptionHandler
Event: 19,071 loading class org/springframework/data/rest/webmvc/RepositoryRestExceptionHandler done
Event: 19,074 loading class org/springframework/data/rest/webmvc/mapping/Associations
Event: 19,074 loading class org/springframework/data/rest/webmvc/mapping/Associations done


Dynamic libraries:
00400000-00401000 r-xp 00000000 fd:01 1587441                            /usr/lib/jvm/java-8-oracle/jre/bin/java
00600000-00601000 rw-p 00000000 fd:01 1587441                            /usr/lib/jvm/java-8-oracle/jre/bin/java
012ee000-0130f000 rw-p 00000000 00:00 0                                  [heap]
f0600000-f1230000 rw-p 00000000 00:00 0 
f1230000-f5950000 ---p 00000000 00:00 0 
f5950000-f7189000 rw-p 00000000 00:00 0 
f7189000-100000000 ---p 00000000 00:00 0 
100000000-100320000 rw-p 00000000 00:00 0 
100320000-140000000 ---p 00000000 00:00 0 
7f16d8000000-7f16d9624000 rw-p 00000000 00:00 0 
7f16d9624000-7f16dc000000 ---p 00000000 00:00 0 
7f16dc000000-7f16dc021000 rw-p 00000000 00:00 0 
7f16dc021000-7f16e0000000 ---p 00000000 00:00 0 
7f16e0000000-7f16e0021000 rw-p 00000000 00:00 0 
7f16e0021000-7f16e4000000 ---p 00000000 00:00 0 
7f16e4000000-7f16e594f000 rw-p 00000000 00:00 0 
7f16e594f000-7f16e8000000 ---p 00000000 00:00 0 
7f16e8000000-7f16e8021000 rw-p 00000000 00:00 0 
7f16e8021000-7f16ec000000 ---p 00000000 00:00 0 
7f16ec000000-7f16ec021000 rw-p 00000000 00:00 0 
7f16ec021000-7f16f0000000 ---p 00000000 00:00 0 
7f16f0000000-7f16f0095000 rw-p 00000000 00:00 0 
7f16f0095000-7f16f4000000 ---p 00000000 00:00 0 
7f16f46a8000-7f16f4aab000 rw-p 00000000 00:00 0 
7f16f4aeb000-7f16f4b6b000 ---p 00000000 00:00 0 
7f16f4b6b000-7f16f4d6b000 rw-p 00000000 00:00 0 
7f16f4d6b000-7f16f4f6b000 rw-p 00000000 00:00 0 
7f16f4f6b000-7f16f5000000 r--s 01103000 fd:01 1710099                    /usr/lib/jvm/java-8-oracle/jre/lib/ext/jfxrt.jar
7f16f5000000-7f16f56d0000 rwxp 00000000 00:00 0 
7f16f56d0000-7f1704000000 ---p 00000000 00:00 0 
7f1704000000-7f1704777000 rw-p 00000000 00:00 0 
7f1704777000-7f1708000000 ---p 00000000 00:00 0 
7f1708055000-7f1708066000 r-xp 00000000 fd:01 1587414                    /usr/lib/jvm/java-8-oracle/jre/lib/amd64/libnio.so
7f1708066000-7f1708265000 ---p 00011000 fd:01 1587414                    /usr/lib/jvm/java-8-oracle/jre/lib/amd64/libnio.so
7f1708265000-7f1708266000 rw-p 00010000 fd:01 1587414                    /usr/lib/jvm/java-8-oracle/jre/lib/amd64/libnio.so
7f1708266000-7f1708466000 rw-p 00000000 00:00 0 
7f1708466000-7f1708666000 rw-p 00000000 00:00 0 
7f1708666000-7f1708866000 rw-p 00000000 00:00 0 
7f1708866000-7f170886c000 r--s 002f8000 fd:01 1338922                    /usr/lib/jvm/java-8-oracle/jre/lib/charsets.jar
7f170886c000-7f170886f000 ---p 00000000 00:00 0 
7f170886f000-7f170896d000 rw-p 00000000 00:00 0 
7f170896d000-7f1708983000 r-xp 00000000 fd:01 1587425                    /usr/lib/jvm/java-8-oracle/jre/lib/amd64/libnet.so
7f1708983000-7f1708b83000 ---p 00016000 fd:01 1587425                    /usr/lib/jvm/java-8-oracle/jre/lib/amd64/libnet.so
7f1708b83000-7f1708b84000 rw-p 00016000 fd:01 1587425                    /usr/lib/jvm/java-8-oracle/jre/lib/amd64/libnet.so
7f1708b84000-7f1708b8d000 r-xp 00000000 fd:01 1587398                    /usr/lib/jvm/java-8-oracle/jre/lib/amd64/libmanagement.so
7f1708b8d000-7f1708d8c000 ---p 00009000 fd:01 1587398                    /usr/lib/jvm/java-8-oracle/jre/lib/amd64/libmanagement.so
7f1708d8c000-7f1708d8d000 rw-p 00008000 fd:01 1587398                    /usr/lib/jvm/java-8-oracle/jre/lib/amd64/libmanagement.so
7f1708d8d000-7f1708f8d000 rw-p 00000000 00:00 0 
7f1708f8d000-7f1708f90000 ---p 00000000 00:00 0 
7f1708f90000-7f170908e000 rw-p 00000000 00:00 0                          [stack:13213]
7f170908e000-7f1709091000 ---p 00000000 00:00 0 
7f1709091000-7f170918f000 rw-p 00000000 00:00 0                          [stack:13212]
7f170918f000-7f1709192000 r--s 0000b000 fd:01 1196486                    /root/.m2/repository/com/fasterxml/jackson/core/jackson-annotations/2.8.4/jackson-annotations-2.8.4.jar
7f1709192000-7f1709194000 r--s 0000f000 fd:01 1196445                    /root/.m2/repository/org/jboss/logging/jboss-logging/3.3.0.Final/jboss-logging-3.3.0.Final.jar
7f1709194000-7f1709195000 r--s 00000000 fd:01 1196409                    /root/.m2/repository/org/springframework/boot/spring-boot-starter-thymeleaf/1.4.2.RELEASE/spring-boot-starter-thymeleaf-1.4.2.RELEASE.jar
7f1709195000-7f1709196000 r--s 00000000 fd:01 1196513                    /root/.m2/repository/org/springframework/boot/spring-boot-starter-security/1.4.2.RELEASE/spring-boot-starter-security-1.4.2.RELEASE.jar
7f1709196000-7f17091a0000 r--s 00054000 fd:01 1196504                    /root/.m2/repository/org/springframework/spring-messaging/4.3.4.RELEASE/spring-messaging-4.3.4.RELEASE.jar
7f17091a0000-7f17091a5000 r--s 0002a000 fd:01 1196495                    /root/.m2/repository/org/springframework/hateoas/spring-hateoas/0.20.0.RELEASE/spring-hateoas-0.20.0.RELEASE.jar
7f17091a5000-7f17091b2000 r--s 00089000 fd:01 1196465                    /root/.m2/repository/org/hibernate/hibernate-entitymanager/5.0.11.Final/hibernate-entitymanager-5.0.11.Final.jar
7f17091b2000-7f17091b4000 r--s 0000e000 fd:01 1196571                    /root/.m2/repository/com/fasterxml/classmate/1.3.3/classmate-1.3.3.jar
7f17091b4000-7f17091be000 r--s 00069000 fd:01 1196412                    /root/.m2/repository/ch/qos/logback/logback-core/1.1.7/logback-core-1.1.7.jar
7f17091be000-7f17091c3000 r--s 0003c000 fd:01 1196523                    /root/.m2/repository/org/springframework/spring-expression/4.3.4.RELEASE/spring-expression-4.3.4.RELEASE.jar
7f17091c3000-7f17091d3000 r--s 00091000 fd:01 1196509                    /root/.m2/repository/org/springframework/boot/spring-boot/1.4.2.RELEASE/spring-boot-1.4.2.RELEASE.jar
7f17091d3000-7f17091d4000 r--s 00004000 fd:01 1196497                    /root/.m2/repository/org/springframework/plugin/spring-plugin-core/1.2.0.RELEASE/spring-plugin-core-1.2.0.RELEASE.jar
7f17091d4000-7f17091d7000 r--s 00020000 fd:01 1196441                    /root/.m2/repository/org/apache/tomcat/tomcat-jdbc/8.5.6/tomcat-jdbc-8.5.6.jar
7f17091d7000-7f17091f4000 r--s 000d0000 fd:01 1196500                    /root/.m2/repository/org/springframework/boot/spring-boot-autoconfigure/1.4.2.RELEASE/spring-boot-autoconfigure-1.4.2.RELEASE.jar
7f17091f4000-7f17091fb000 r--s 00044000 fd:01 1196415                    /root/.m2/repository/ch/qos/logback/logback-classic/1.1.7/logback-classic-1.1.7.jar
7f17091fb000-7f17091fd000 r--s 00006000 fd:01 1196454                    /root/.m2/repository/javax/transaction/javax.transaction-api/1.2/javax.transaction-api-1.2.jar
7f17091fd000-7f1709266000 r--s 004f3000 fd:01 1196447                    /root/.m2/repository/org/hibernate/hibernate-core/5.0.11.Final/hibernate-core-5.0.11.Final.jar
7f1709266000-7f1709271000 r--s 00051000 fd:01 1196519                    /root/.m2/repository/org/springframework/security/spring-security-core/4.1.3.RELEASE/spring-security-core-4.1.3.RELEASE.jar
7f1709271000-7f1709274000 r--s 00035000 fd:01 1196531                    /root/.m2/repository/ognl/ognl/3.0.8/ognl-3.0.8.jar
7f1709274000-7f1709286000 r--s 0011c000 fd:01 1196487                    /root/.m2/repository/com/fasterxml/jackson/core/jackson-databind/2.8.4/jackson-databind-2.8.4.jar
7f1709286000-7f17092a0000 r--s 000fc000 fd:01 1196549                    /root/.m2/repository/org/springframework/spring-context/4.3.4.RELEASE/spring-context-4.3.4.RELEASE.jar
7f17092a0000-7f17092a1000 r--s 00000000 fd:01 1196558                    /root/.m2/repository/org/springframework/boot/spring-boot-starter-web/1.4.2.RELEASE/spring-boot-starter-web-1.4.2.RELEASE.jar
7f17092a1000-7f17092a4000 r--s 0002b000 fd:01 1196457                    /root/.m2/repository/org/jboss/jandex/2.0.0.Final/jandex-2.0.0.Final.jar
7f17092a4000-7f17092a5000 r--s 00000000 fd:01 1196547                    /root/.m2/repository/org/springframework/boot/spring-boot-starter-mail/1.4.2.RELEASE/spring-boot-starter-mail-1.4.2.RELEASE.jar
7f17092a5000-7f17092af000 r--s 0005f000 fd:01 1196446                    /root/.m2/repository/org/springframework/spring-jdbc/4.3.4.RELEASE/spring-jdbc-4.3.4.RELEASE.jar
7f17092af000-7f17092b1000 r--s 00009000 fd:01 1196443                    /root/.m2/repository/org/apache/tomcat/tomcat-juli/8.5.6/tomcat-juli-8.5.6.jar
7f17092b1000-7f17092b3000 r--s 00009000 fd:01 1196410                    /root/.m2/repository/org/slf4j/slf4j-api/1.7.21/slf4j-api-1.7.21.jar
7f17092b3000-7f17092b4000 r--s 00000000 fd:01 1196417                    /root/.m2/repository/org/springframework/boot/spring-boot-starter-logging/1.4.2.RELEASE/spring-boot-starter-logging-1.4.2.RELEASE.jar
7f17092b4000-7f17092b9000 r--s 00029000 fd:01 1196551                    /root/.m2/repository/org/springframework/spring-context-support/4.3.4.RELEASE/spring-context-support-4.3.4.RELEASE.jar
7f17092b9000-7f17092bc000 r--s 0000c000 fd:01 1196481                    /root/.m2/repository/org/springframework/spring-aspects/4.3.4.RELEASE/spring-aspects-4.3.4.RELEASE.jar
7f17092bc000-7f17092c9000 r--s 000b7000 fd:01 1196530                    /root/.m2/repository/org/thymeleaf/thymeleaf/2.1.5.RELEASE/thymeleaf-2.1.5.RELEASE.jar
7f17092c9000-7f17092ce000 r--s 00036000 fd:01 1196565                    /root/.m2/repository/org/apache/tomcat/embed/tomcat-embed-websocket/8.5.6/tomcat-embed-websocket-8.5.6.jar
7f17092ce000-7f17092d4000 r--s 0002c000 fd:01 1196507                    /root/.m2/repository/org/springframework/boot/spring-boot-devtools/1.4.2.RELEASE/spring-boot-devtools-1.4.2.RELEASE.jar
7f17092d4000-7f17092d7000 r--s 00034000 fd:01 1196427                    /root/.m2/repository/org/thymeleaf/thymeleaf-spring4/2.1.5.RELEASE/thymeleaf-spring4-2.1.5.RELEASE.jar
7f17092d7000-7f17092d9000 r--s 0000e000 fd:01 1196555                    /root/.m2/repository/javax/activation/activation/1.1/activation-1.1.jar
7f17092d9000-7f17092e2000 r--s 00054000 fd:01 1196516                    /root/.m2/repository/org/springframework/spring-aop/4.3.4.RELEASE/spring-aop-4.3.4.RELEASE.jar
7f17092e2000-7f17092e7000 r--s 00017000 fd:01 1196451                    /root/.m2/repository/org/hibernate/javax/persistence/hibernate-jpa-2.1-api/1.0.0.Final/hibernate-jpa-2.1-api-1.0.0.Final.jar
7f17092e7000-7f17092ec000 r--s 00036000 fd:01 1196563                    /root/.m2/repository/org/apache/tomcat/embed/tomcat-embed-el/8.5.6/tomcat-embed-el-8.5.6.jar
7f17092ec000-7f1709301000 r--s 00141000 fd:01 1196536                    /root/.m2/repository/org/projectlombok/lombok/1.16.10/lombok-1.16.10.jar
7f1709301000-7f1709312000 r--s 000b6000 fd:01 1196574                    /root/.m2/repository/org/springframework/spring-web/4.3.4.RELEASE/spring-web-4.3.4.RELEASE.jar
7f1709312000-7f1709315000 r--s 00020000 fd:01 1196533                    /root/.m2/repository/org/unbescape/unbescape/1.1.0.RELEASE/unbescape-1.1.0.RELEASE.jar
7f1709315000-7f1709324000 r--s 001a7000 fd:01 1196537                    /root/.m2/repository/com/h2database/h2/1.4.193/h2-1.4.193.jar
7f1709324000-7f170932e000 r--s 0007c000 fd:01 1196517                    /root/.m2/repository/org/springframework/security/spring-security-config/4.1.3.RELEASE/spring-security-config-4.1.3.RELEASE.jar
7f170932e000-7f170932f000 r--s 00000000 fd:01 1196483                    /root/.m2/repository/org/springframework/boot/spring-boot-starter-data-rest/1.4.2.RELEASE/spring-boot-starter-data-rest-1.4.2.RELEASE.jar
7f170932f000-7f1709334000 r--s 0001b000 fd:01 1196493                    /root/.m2/repository/org/springframework/data/spring-data-rest-core/2.5.5.RELEASE/spring-data-rest-core-2.5.5.RELEASE.jar
7f1709334000-7f170933e000 r--s 0006b000 fd:01 1196473                    /root/.m2/repository/org/springframework/spring-orm/4.3.4.RELEASE/spring-orm-4.3.4.RELEASE.jar
7f170933e000-7f1709357000 r--s 001af000 fd:01 1196425                    /root/.m2/repository/org/aspectj/aspectjweaver/1.8.9/aspectjweaver-1.8.9.jar
7f1709357000-7f1709359000 r--s 00004000 fd:01 1196422                    /root/.m2/repository/org/slf4j/log4j-over-slf4j/1.7.21/log4j-over-slf4j-1.7.21.jar
7f1709359000-7f170935b000 r--s 00003000 fd:01 1196479                    /root/.m2/repository/org/slf4j/jcl-over-slf4j/1.7.21/jcl-over-slf4j-1.7.21.jar
7f170935b000-7f1709360000 r--s 00048000 fd:01 1196460                    /root/.m2/repository/dom4j/dom4j/1.6.1/dom4j-1.6.1.jar
7f1709360000-7f1709364000 r--s 0000c000 fd:01 1196569                    /root/.m2/repository/javax/validation/validation-api/1.1.0.Final/validation-api-1.1.0.Final.jar
7f1709364000-7f1709365000 r--s 00007000 fd:01 1196525                    /root/.m2/repository/org/thymeleaf/extras/thymeleaf-extras-springsecurity4/2.1.2.RELEASE/thymeleaf-extras-springsecurity4-2.1.2.RELEASE.jar
7f1709365000-7f1709369000 r--s 00041000 fd:01 1196489                    /root/.m2/repository/com/fasterxml/jackson/core/jackson-core/2.8.4/jackson-core-2.8.4.jar
7f1709369000-7f1709370000 r--s 0003d000 fd:01 1196491                    /root/.m2/repository/org/springframework/data/spring-data-rest-webmvc/2.5.5.RELEASE/spring-data-rest-webmvc-2.5.5.RELEASE.jar
7f1709370000-7f1709371000 r--s 00000000 fd:01 1196501                    /root/.m2/repository/org/springframework/boot/spring-boot-starter-websocket/1.4.2.RELEASE/spring-boot-starter-websocket-1.4.2.RELEASE.jar
7f1709371000-7f1709379000 r--s 0003a000 fd:01 1196475                    /root/.m2/repository/org/springframework/spring-tx/4.3.4.RELEASE/spring-tx-4.3.4.RELEASE.jar
7f1709379000-7f170937a000 r--s 00000000 fd:01 1196413                    /root/.m2/repository/org/springframework/boot/spring-boot-starter/1.4.2.RELEASE/spring-boot-starter-1.4.2.RELEASE.jar
7f170937a000-7f170938b000 r--s 00099000 fd:01 1196471                    /root/.m2/repository/org/springframework/data/spring-data-commons/1.12.5.RELEASE/spring-data-commons-1.12.5.RELEASE.jar
7f170938b000-7f170938c000 r--s 00000000 fd:01 1196440                    /root/.m2/repository/org/springframework/boot/spring-boot-starter-jdbc/1.4.2.RELEASE/spring-boot-starter-jdbc-1.4.2.RELEASE.jar
7f170938c000-7f17093a2000 r--s 000fa000 fd:01 1196411                    /root/.m2/repository/org/springframework/spring-core/4.3.4.RELEASE/spring-core-4.3.4.RELEASE.jar
7f17093a2000-7f17093a3000 r--s 00000000 fd:01 1196435                    /root/.m2/repository/org/springframework/boot/spring-boot-starter-aop/1.4.2.RELEASE/spring-boot-starter-aop-1.4.2.RELEASE.jar
7f17093a3000-7f17093b5000 r--s 000ce000 fd:01 1196575                    /root/.m2/repository/org/springframework/spring-webmvc/4.3.4.RELEASE/spring-webmvc-4.3.4.RELEASE.jar
7f17093b5000-7f17093c3000 r--s 000ac000 fd:01 1196477                    /root/.m2/repository/org/springframework/spring-beans/4.3.4.RELEASE/spring-beans-4.3.4.RELEASE.jar
7f17093c3000-7f17093ec000 r--s 002b2000 fd:01 1196561                    /root/.m2/repository/org/apache/tomcat/embed/tomcat-embed-core/8.5.6/tomcat-embed-core-8.5.6.jar
7f17093ec000-7f17093f2000 r--s 0003d000 fd:01 1196426                    /root/.m2/repository/org/yaml/snakeyaml/1.17/snakeyaml-1.17.jar
7f17093f2000-7f17093f9000 r--s 0003e000 fd:01 1196469                    /root/.m2/repository/org/springframework/data/spring-data-jpa/1.10.5.RELEASE/spring-data-jpa-1.10.5.RELEASE.jar
7f17093f9000-7f17093fc000 r--s 0001a000 fd:01 1196429                    /root/.m2/repository/nz/net/ultraq/thymeleaf/thymeleaf-layout-dialect/1.4.0/thymeleaf-layout-dialect-1.4.0.jar
7f17093fc000-7f1709405000 r--s 0002d000 fd:01 1196461                    /root/.m2/repository/xml-apis/xml-apis/1.4.01/xml-apis-1.4.01.jar
7f1709405000-7f170940c000 r--s 0009f000 fd:01 1196545                    /root/.m2/repository/org/postgresql/postgresql/9.4.1212.jre7/postgresql-9.4.1212.jre7.jar
7f170940c000-7f1709411000 r--s 00068000 fd:01 1196455                    /root/.m2/repository/antlr/antlr/2.7.7/antlr-2.7.7.jar
7f1709411000-7f170941a000 r--s 00065000 fd:01 1196505                    /root/.m2/repository/org/springframework/spring-websocket/4.3.4.RELEASE/spring-websocket-4.3.4.RELEASE.jar
7f170941a000-7f170941b000 r--s 00000000 fd:01 1196434                    /root/.m2/repository/org/springframework/boot/spring-boot-starter-data-jpa/1.4.2.RELEASE/spring-boot-starter-data-jpa-1.4.2.RELEASE.jar
7f170941b000-7f170942b000 r--s 0009c000 fd:01 1196567                    /root/.m2/repository/org/hibernate/hibernate-validator/5.2.4.Final/hibernate-validator-5.2.4.Final.jar
7f170942b000-7f1709434000 r--s 0008c000 fd:01 1196553                    /root/.m2/repository/com/sun/mail/javax.mail/1.5.6/javax.mail-1.5.6.jar
7f1709434000-7f1709481000 r--s 0040b000 fd:01 1196431                    /root/.m2/repository/org/codehaus/groovy/groovy/2.4.7/groovy-2.4.7.jar
7f1709481000-7f1709482000 ---p 00000000 00:00 0 
7f1709482000-7f1709582000 rw-p 00000000 00:00 0                          [stack:13211]
7f1709582000-7f1709585000 ---p 00000000 00:00 0 
7f1709585000-7f1709683000 rw-p 00000000 00:00 0                          [stack:13210]
7f1709683000-7f1709686000 ---p 00000000 00:00 0 
7f1709686000-7f1709784000 rw-p 00000000 00:00 0                          [stack:13209]
7f1709784000-7f1709787000 ---p 00000000 00:00 0 
7f1709787000-7f1709885000 rw-p 00000000 00:00 0                          [stack:13208]
7f1709885000-7f1709888000 ---p 00000000 00:00 0 
7f1709888000-7f1709986000 rw-p 00000000 00:00 0                          [stack:13207]
7f1709986000-7f1709c8d000 r--p 00000000 fd:01 923282                     /usr/lib/locale/locale-archive
7f1709c8d000-7f1709c90000 ---p 00000000 00:00 0 
7f1709c90000-7f1709d8e000 rw-p 00000000 00:00 0                          [stack:13206]
7f1709d8e000-7f1709d91000 ---p 00000000 00:00 0 
7f1709d91000-7f1709e8f000 rw-p 00000000 00:00 0                          [stack:13205]
7f1709e8f000-7f1709e90000 ---p 00000000 00:00 0 
7f1709e90000-7f1709fdf000 rw-p 00000000 00:00 0                          [stack:13204]
7f1709fdf000-7f170a1b8000 r--s 03d1f000 fd:01 1338940                    /usr/lib/jvm/java-8-oracle/jre/lib/rt.jar
7f170a1b8000-7f170aab1000 rw-p 00000000 00:00 0 
7f170aab1000-7f170aacd000 rw-p 00000000 00:00 0 
7f170aacd000-7f170ae71000 ---p 00000000 00:00 0 
7f170ae71000-7f170ae8b000 r-xp 00000000 fd:01 1587417                    /usr/lib/jvm/java-8-oracle/jre/lib/amd64/libzip.so
7f170ae8b000-7f170b08b000 ---p 0001a000 fd:01 1587417                    /usr/lib/jvm/java-8-oracle/jre/lib/amd64/libzip.so
7f170b08b000-7f170b08c000 rw-p 0001a000 fd:01 1587417                    /usr/lib/jvm/java-8-oracle/jre/lib/amd64/libzip.so
7f170b08c000-7f170b097000 r-xp 00000000 fd:01 393422                     /lib/x86_64-linux-gnu/libnss_files-2.19.so
7f170b097000-7f170b296000 ---p 0000b000 fd:01 393422                     /lib/x86_64-linux-gnu/libnss_files-2.19.so
7f170b296000-7f170b297000 r--p 0000a000 fd:01 393422                     /lib/x86_64-linux-gnu/libnss_files-2.19.so
7f170b297000-7f170b298000 rw-p 0000b000 fd:01 393422                     /lib/x86_64-linux-gnu/libnss_files-2.19.so
7f170b298000-7f170b2a3000 r-xp 00000000 fd:01 393366                     /lib/x86_64-linux-gnu/libnss_nis-2.19.so
7f170b2a3000-7f170b4a2000 ---p 0000b000 fd:01 393366                     /lib/x86_64-linux-gnu/libnss_nis-2.19.so
7f170b4a2000-7f170b4a3000 r--p 0000a000 fd:01 393366                     /lib/x86_64-linux-gnu/libnss_nis-2.19.so
7f170b4a3000-7f170b4a4000 rw-p 0000b000 fd:01 393366                     /lib/x86_64-linux-gnu/libnss_nis-2.19.so
7f170b4a4000-7f170b4bb000 r-xp 00000000 fd:01 393350                     /lib/x86_64-linux-gnu/libnsl-2.19.so
7f170b4bb000-7f170b6ba000 ---p 00017000 fd:01 393350                     /lib/x86_64-linux-gnu/libnsl-2.19.so
7f170b6ba000-7f170b6bb000 r--p 00016000 fd:01 393350                     /lib/x86_64-linux-gnu/libnsl-2.19.so
7f170b6bb000-7f170b6bc000 rw-p 00017000 fd:01 393350                     /lib/x86_64-linux-gnu/libnsl-2.19.so
7f170b6bc000-7f170b6be000 rw-p 00000000 00:00 0 
7f170b6be000-7f170b6c7000 r-xp 00000000 fd:01 393333                     /lib/x86_64-linux-gnu/libnss_compat-2.19.so
7f170b6c7000-7f170b8c6000 ---p 00009000 fd:01 393333                     /lib/x86_64-linux-gnu/libnss_compat-2.19.so
7f170b8c6000-7f170b8c7000 r--p 00008000 fd:01 393333                     /lib/x86_64-linux-gnu/libnss_compat-2.19.so
7f170b8c7000-7f170b8c8000 rw-p 00009000 fd:01 393333                     /lib/x86_64-linux-gnu/libnss_compat-2.19.so
7f170b8c8000-7f170b8f2000 r-xp 00000000 fd:01 1587389                    /usr/lib/jvm/java-8-oracle/jre/lib/amd64/libjava.so
7f170b8f2000-7f170baf2000 ---p 0002a000 fd:01 1587389                    /usr/lib/jvm/java-8-oracle/jre/lib/amd64/libjava.so
7f170baf2000-7f170baf4000 rw-p 0002a000 fd:01 1587389                    /usr/lib/jvm/java-8-oracle/jre/lib/amd64/libjava.so
7f170baf4000-7f170bb01000 r-xp 00000000 fd:01 1587372                    /usr/lib/jvm/java-8-oracle/jre/lib/amd64/libverify.so
7f170bb01000-7f170bd01000 ---p 0000d000 fd:01 1587372                    /usr/lib/jvm/java-8-oracle/jre/lib/amd64/libverify.so
7f170bd01000-7f170bd03000 rw-p 0000d000 fd:01 1587372                    /usr/lib/jvm/java-8-oracle/jre/lib/amd64/libverify.so
7f170bd03000-7f170bd0a000 r-xp 00000000 fd:01 393393                     /lib/x86_64-linux-gnu/librt-2.19.so
7f170bd0a000-7f170bf09000 ---p 00007000 fd:01 393393                     /lib/x86_64-linux-gnu/librt-2.19.so
7f170bf09000-7f170bf0a000 r--p 00006000 fd:01 393393                     /lib/x86_64-linux-gnu/librt-2.19.so
7f170bf0a000-7f170bf0b000 rw-p 00007000 fd:01 393393                     /lib/x86_64-linux-gnu/librt-2.19.so
7f170bf0b000-7f170c010000 r-xp 00000000 fd:01 393254                     /lib/x86_64-linux-gnu/libm-2.19.so
7f170c010000-7f170c20f000 ---p 00105000 fd:01 393254                     /lib/x86_64-linux-gnu/libm-2.19.so
7f170c20f000-7f170c210000 r--p 00104000 fd:01 393254                     /lib/x86_64-linux-gnu/libm-2.19.so
7f170c210000-7f170c211000 rw-p 00105000 fd:01 393254                     /lib/x86_64-linux-gnu/libm-2.19.so
7f170c211000-7f170ced1000 r-xp 00000000 fd:01 1587379                    /usr/lib/jvm/java-8-oracle/jre/lib/amd64/server/libjvm.so
7f170ced1000-7f170d0d1000 ---p 00cc0000 fd:01 1587379                    /usr/lib/jvm/java-8-oracle/jre/lib/amd64/server/libjvm.so
7f170d0d1000-7f170d1a9000 rw-p 00cc0000 fd:01 1587379                    /usr/lib/jvm/java-8-oracle/jre/lib/amd64/server/libjvm.so
7f170d1a9000-7f170d1f4000 rw-p 00000000 00:00 0 
7f170d1f4000-7f170d3af000 r-xp 00000000 fd:01 393407                     /lib/x86_64-linux-gnu/libc-2.19.so
7f170d3af000-7f170d5ae000 ---p 001bb000 fd:01 393407                     /lib/x86_64-linux-gnu/libc-2.19.so
7f170d5ae000-7f170d5b2000 r--p 001ba000 fd:01 393407                     /lib/x86_64-linux-gnu/libc-2.19.so
7f170d5b2000-7f170d5b4000 rw-p 001be000 fd:01 393407                     /lib/x86_64-linux-gnu/libc-2.19.so
7f170d5b4000-7f170d5b9000 rw-p 00000000 00:00 0 
7f170d5b9000-7f170d5bc000 r-xp 00000000 fd:01 393322                     /lib/x86_64-linux-gnu/libdl-2.19.so
7f170d5bc000-7f170d7bb000 ---p 00003000 fd:01 393322                     /lib/x86_64-linux-gnu/libdl-2.19.so
7f170d7bb000-7f170d7bc000 r--p 00002000 fd:01 393322                     /lib/x86_64-linux-gnu/libdl-2.19.so
7f170d7bc000-7f170d7bd000 rw-p 00003000 fd:01 393322                     /lib/x86_64-linux-gnu/libdl-2.19.so
7f170d7bd000-7f170d7d2000 r-xp 00000000 fd:01 1710072                    /usr/lib/jvm/java-8-oracle/jre/lib/amd64/jli/libjli.so
7f170d7d2000-7f170d9d2000 ---p 00015000 fd:01 1710072                    /usr/lib/jvm/java-8-oracle/jre/lib/amd64/jli/libjli.so
7f170d9d2000-7f170d9d3000 rw-p 00015000 fd:01 1710072                    /usr/lib/jvm/java-8-oracle/jre/lib/amd64/jli/libjli.so
7f170d9d3000-7f170d9ec000 r-xp 00000000 fd:01 393353                     /lib/x86_64-linux-gnu/libpthread-2.19.so
7f170d9ec000-7f170dbeb000 ---p 00019000 fd:01 393353                     /lib/x86_64-linux-gnu/libpthread-2.19.so
7f170dbeb000-7f170dbec000 r--p 00018000 fd:01 393353                     /lib/x86_64-linux-gnu/libpthread-2.19.so
7f170dbec000-7f170dbed000 rw-p 00019000 fd:01 393353                     /lib/x86_64-linux-gnu/libpthread-2.19.so
7f170dbed000-7f170dbf1000 rw-p 00000000 00:00 0 
7f170dbf1000-7f170dc14000 r-xp 00000000 fd:01 393355                     /lib/x86_64-linux-gnu/ld-2.19.so
7f170dc14000-7f170dc17000 r--s 00010000 fd:01 1196463                    /root/.m2/repository/org/hibernate/common/hibernate-commons-annotations/5.0.1.Final/hibernate-commons-annotations-5.0.1.Final.jar
7f170dc17000-7f170dc18000 r--s 00000000 fd:01 1196560                    /root/.m2/repository/org/springframework/boot/spring-boot-starter-tomcat/1.4.2.RELEASE/spring-boot-starter-tomcat-1.4.2.RELEASE.jar
7f170dc18000-7f170dc1a000 r--s 00000000 fd:01 1196416                    /root/.m2/repository/org/slf4j/jul-to-slf4j/1.7.21/jul-to-slf4j-1.7.21.jar
7f170dc1a000-7f170dc24000 r--s 000ae000 fd:01 1196450                    /root/.m2/repository/org/javassist/javassist/3.20.0-GA/javassist-3.20.0-GA.jar
7f170dc24000-7f170dc2e000 r--s 0004e000 fd:01 1196521                    /root/.m2/repository/org/springframework/security/spring-security-web/4.1.3.RELEASE/spring-security-web-4.1.3.RELEASE.jar
7f170dc2e000-7f170dc3b000 rw-p 00000000 00:00 0 
7f170dc3b000-7f170dc82000 ---p 00000000 00:00 0 
7f170dc82000-7f170dc89000 rw-p 00000000 00:00 0 
7f170dc89000-7f170dcab000 ---p 00000000 00:00 0 
7f170dcab000-7f170dcb8000 rw-p 00000000 00:00 0 
7f170dcb8000-7f170dcff000 ---p 00000000 00:00 0 
7f170dcff000-7f170dd00000 rw-p 00000000 00:00 0 
7f170dd00000-7f170dd03000 ---p 00000000 00:00 0 
7f170dd03000-7f170de05000 rw-p 00000000 00:00 0                          [stack:13203]
7f170de05000-7f170de07000 r--s 00002000 fd:01 1196468                    /root/.m2/repository/org/atteo/evo-inflector/1.2.1/evo-inflector-1.2.1.jar
7f170de07000-7f170de0f000 rw-s 00000000 fd:01 268525                     /tmp/hsperfdata_root/13201
7f170de0f000-7f170de10000 rw-p 00000000 00:00 0 
7f170de10000-7f170de11000 r--p 00000000 00:00 0 
7f170de11000-7f170de13000 rw-p 00000000 00:00 0 
7f170de13000-7f170de14000 r--p 00022000 fd:01 393355                     /lib/x86_64-linux-gnu/ld-2.19.so
7f170de14000-7f170de15000 rw-p 00023000 fd:01 393355                     /lib/x86_64-linux-gnu/ld-2.19.so
7f170de15000-7f170de16000 rw-p 00000000 00:00 0 
7ffcdc784000-7ffcdc7a7000 rw-p 00000000 00:00 0                          [stack]
7ffcdc7df000-7ffcdc7e1000 r-xp 00000000 00:00 0                          [vdso]
ffffffffff600000-ffffffffff601000 r-xp 00000000 00:00 0                  [vsyscall]

VM Arguments:
java_command: com.myapos.clientmanager.ReactAndSpringDataRestApplication
java_class_path (initial): /var/www/html/security/target/classes:/root/.m2/repository/org/atteo/evo-inflector/1.2.1/evo-inflector-1.2.1.jar:/root/.m2/repository/org/springframework/security/spring-security-web/4.1.3.RELEASE/spring-security-web-4.1.3.RELEASE.jar:/root/.m2/repository/org/javassist/javassist/3.20.0-GA/javassist-3.20.0-GA.jar:/root/.m2/repository/org/slf4j/jul-to-slf4j/1.7.21/jul-to-slf4j-1.7.21.jar:/root/.m2/repository/org/codehaus/groovy/groovy/2.4.7/groovy-2.4.7.jar:/root/.m2/repository/org/springframework/boot/spring-boot-starter-tomcat/1.4.2.RELEASE/spring-boot-starter-tomcat-1.4.2.RELEASE.jar:/root/.m2/repository/com/sun/mail/javax.mail/1.5.6/javax.mail-1.5.6.jar:/root/.m2/repository/org/hibernate/hibernate-validator/5.2.4.Final/hibernate-validator-5.2.4.Final.jar:/root/.m2/repository/org/hibernate/common/hibernate-commons-annotations/5.0.1.Final/hibernate-commons-annotations-5.0.1.Final.jar:/root/.m2/repository/org/springframework/boot/spring-boot-starter-data-jpa/1.4.2.RELEASE/spring-boot-starter-data-jpa-1.4.2.RELEASE.jar:/root/.m2/repository/org/springframework/spring-websocket/4.3.4.RELEASE/spring-websocket-4.3.4.RELEASE.jar:/root/.m2/repository/antlr/antlr/2.7.7/antlr-2.7.7.jar:/root/.m2/repository/org/postgresql/postgresql/9.4.1212.jre7/postgresql-9.4.1212.jre7.jar:/root/.m2/repository/xml-apis/xml-apis/1.4.01/xml-apis-1.4.01.jar:/root/.m2/repository/nz/net/ultraq/thymeleaf/thymeleaf-layout-dialect/1.4.0/thymeleaf-layout-dialect-1.4.0.jar:/root/.m2/repository/org/springframework/data/spring-data-jpa/1.10.5.RELEASE/spring-data-jpa-1.10.5.RELEASE.jar:/root/.m2/repository/org/yaml/snakeyaml/1.17/snakeyaml-1.17.jar:/root/.m2/repository/org/apache/tomcat/embed/tomcat-embed-core/8.5.6/tomcat-embed-core-8.5.6.jar:/root/.m2/repository/org/springframework/spring-beans/4.3.4.RELEASE/spring-beans-4.3.4.RELEASE.jar:/root/.m2/repository/org/springframework/spring-webmvc/4.3.4.RELEASE/spring-webmvc-4.3.4.RELEASE.jar:/root/.m2/repository/org/springframe
Launcher Type: SUN_STANDARD

Environment Variables:
JAVA_HOME=/usr/lib/jvm/java-8-oracle
PATH=/usr/local/sbin:/usr/local/bin:/usr/sbin:/usr/bin:/sbin:/bin:/usr/games:/usr/local/games:/var/www/html/activator-1.3.10-minimal/bin
SHELL=/bin/bash

Signal Handlers:
SIGSEGV: [libjvm.so+0xabca10], sa_mask[0]=11111111011111111101111111111110, sa_flags=SA_RESTART|SA_SIGINFO
SIGBUS: [libjvm.so+0xabca10], sa_mask[0]=11111111011111111101111111111110, sa_flags=SA_RESTART|SA_SIGINFO
SIGFPE: [libjvm.so+0x919a20], sa_mask[0]=11111111011111111101111111111110, sa_flags=SA_RESTART|SA_SIGINFO
SIGPIPE: [libjvm.so+0x919a20], sa_mask[0]=11111111011111111101111111111110, sa_flags=SA_RESTART|SA_SIGINFO
SIGXFSZ: [libjvm.so+0x919a20], sa_mask[0]=11111111011111111101111111111110, sa_flags=SA_RESTART|SA_SIGINFO
SIGILL: [libjvm.so+0x919a20], sa_mask[0]=11111111011111111101111111111110, sa_flags=SA_RESTART|SA_SIGINFO
SIGUSR1: SIG_DFL, sa_mask[0]=00000000000000000000000000000000, sa_flags=none
SIGUSR2: [libjvm.so+0x91b050], sa_mask[0]=00100000000000000000000000000000, sa_flags=SA_RESTART|SA_SIGINFO
SIGHUP: [libjvm.so+0x91c450], sa_mask[0]=11111111011111111101111111111110, sa_flags=SA_RESTART|SA_SIGINFO
SIGINT: [libjvm.so+0x91c450], sa_mask[0]=11111111011111111101111111111110, sa_flags=SA_RESTART|SA_SIGINFO
SIGTERM: [libjvm.so+0x91c450], sa_mask[0]=11111111011111111101111111111110, sa_flags=SA_RESTART|SA_SIGINFO
SIGQUIT: [libjvm.so+0x91c450], sa_mask[0]=11111111011111111101111111111110, sa_flags=SA_RESTART|SA_SIGINFO


---------------  S Y S T E M  ---------------

OS:DISTRIB_ID=Ubuntu
DISTRIB_RELEASE=14.04
DISTRIB_CODENAME=trusty
DISTRIB_DESCRIPTION="Ubuntu 14.04.4 LTS"

uname:Linux 3.13.0-79-generic #123-Ubuntu SMP Fri Feb 19 14:27:58 UTC 2016 x86_64
libc:glibc 2.19 NPTL 2.19 
rlimit: STACK 8192k, CORE 0k, NPROC 7782, NOFILE 4096, AS infinity
load average:1,90 0,82 0,60

/proc/meminfo:
MemTotal:        1017856 kB
MemFree:           49884 kB
Buffers:             212 kB
Cached:            39936 kB
SwapCached:            0 kB
Active:           877160 kB
Inactive:          25460 kB
Active(anon):     876856 kB
Inactive(anon):    21952 kB
Active(file):        304 kB
Inactive(file):     3508 kB
Unevictable:           0 kB
Mlocked:               0 kB
SwapTotal:             0 kB
SwapFree:              0 kB
Dirty:               104 kB
Writeback:             0 kB
AnonPages:        862520 kB
Mapped:            30104 kB
Shmem:             36288 kB
Slab:              29996 kB
SReclaimable:      14260 kB
SUnreclaim:        15736 kB
KernelStack:        1536 kB
PageTables:        14964 kB
NFS_Unstable:          0 kB
Bounce:                0 kB
WritebackTmp:          0 kB
CommitLimit:      508928 kB
Committed_AS:    1681812 kB
VmallocTotal:   34359738367 kB
VmallocUsed:       92284 kB
VmallocChunk:   34359611976 kB
HardwareCorrupted:     0 kB
AnonHugePages:    239616 kB
HugePages_Total:       0
HugePages_Free:        0
HugePages_Rsvd:        0
HugePages_Surp:        0
Hugepagesize:       2048 kB
DirectMap4k:       34808 kB
DirectMap2M:     1013760 kB
DirectMap1G:           0 kB


CPU:total 1 (1 cores per cpu, 1 threads per core) family 6 model 63 stepping 2, cmov, cx8, fxsr, mmx, sse, sse2, sse3, ssse3, sse4.1, sse4.2, popcnt, avx, avx2, aes, clmul, erms, lzcnt, tsc, bmi1, bmi2

/proc/cpuinfo:
processor	: 0
vendor_id	: GenuineIntel
cpu family	: 6
model		: 63
model name	: Intel(R) Xeon(R) CPU E5-2650L v3 @ 1.80GHz
stepping	: 2
microcode	: 0x1
cpu MHz		: 1797.917
cache size	: 30720 KB
physical id	: 0
siblings	: 1
core id		: 0
cpu cores	: 1
apicid		: 0
initial apicid	: 0
fpu		: yes
fpu_exception	: yes
cpuid level	: 13
wp		: yes
flags		: fpu vme de pse tsc msr pae mce cx8 apic sep mtrr pge mca cmov pat pse36 clflush mmx fxsr sse sse2 ss syscall nx pdpe1gb rdtscp lm constant_tsc arch_perfmon rep_good nopl eagerfpu pni pclmulqdq vmx ssse3 fma cx16 pcid sse4_1 sse4_2 x2apic movbe popcnt tsc_deadline_timer aes xsave avx f16c rdrand hypervisor lahf_lm abm arat xsaveopt vnmi ept fsgsbase tsc_adjust bmi1 avx2 smep bmi2 erms invpcid
bogomips	: 3595.83
clflush size	: 64
cache_alignment	: 64
address sizes	: 40 bits physical, 48 bits virtual
power management:



Memory: 4k page, physical 1017856k(49884k free), swap 0k(0k free)

vm_info: Java HotSpot(TM) 64-Bit Server VM (25.91-b14) for linux-amd64 JRE (1.8.0_91-b14), built on Apr  1 2016 00:57:21 by "java_re" with gcc 4.3.0 20080428 (Red Hat 4.3.0-8)

time: Wed Mar 29 16:09:45 2017
elapsed time: 19 seconds (0d 0h 0m 19s)

