#
# There is insufficient memory for the Java Runtime Environment to continue.
# Native memory allocation (mmap) failed to map 65536 bytes for committing reserved memory.
# Possible reasons:
#   The system is out of physical RAM or swap space
#   In 32 bit mode, the process size limit was hit
# Possible solutions:
#   Reduce memory load on the system
#   Increase physical memory or swap space
#   Check if swap backing store is full
#   Use 64 bit Java on a 64 bit OS
#   Decrease Java heap size (-Xmx/-Xms)
#   Decrease number of Java threads
#   Decrease Java thread stack sizes (-Xss)
#   Set larger code cache with -XX:ReservedCodeCacheSize=
# This output file may be truncated or incomplete.
#
#  Out of Memory Error (os_linux.cpp:2627), pid=12581, tid=139950584932096
#
# JRE version: Java(TM) SE Runtime Environment (8.0_91-b14) (build 1.8.0_91-b14)
# Java VM: Java HotSpot(TM) 64-Bit Server VM (25.91-b14 mixed mode linux-amd64 compressed oops)
# Failed to write core dump. Core dumps have been disabled. To enable core dumping, try "ulimit -c unlimited" before starting Java again
#

---------------  T H R E A D  ---------------

Current thread (0x00007f48c40b4000):  JavaThread "C2 CompilerThread0" daemon [_thread_in_vm, id=12588, stack(0x00007f48c8d6a000,0x00007f48c8e6b000)]

Stack: [0x00007f48c8d6a000,0x00007f48c8e6b000],  sp=0x00007f48c8e66450,  free space=1009k
Native frames: (J=compiled Java code, j=interpreted, Vv=VM code, C=native code)
V  [libjvm.so+0xabc18a]  VMError::report_and_die()+0x2ba
V  [libjvm.so+0x4fafeb]  report_vm_out_of_memory(char const*, int, unsigned long, VMErrorType, char const*)+0x8b
V  [libjvm.so+0x91cbb3]  os::Linux::commit_memory_impl(char*, unsigned long, bool)+0x103
V  [libjvm.so+0x91d109]  os::pd_commit_memory(char*, unsigned long, unsigned long, bool)+0x29
V  [libjvm.so+0x91740a]  os::commit_memory(char*, unsigned long, unsigned long, bool)+0x2a
V  [libjvm.so+0xab7ee9]  VirtualSpace::expand_by(unsigned long, bool)+0x199
V  [libjvm.so+0x6185ac]  CodeHeap::expand_by(unsigned long)+0x8c
V  [libjvm.so+0x47f3f0]  CodeCache::allocate(int, bool)+0x60
V  [libjvm.so+0x47a095]  BufferBlob::create(char const*, int)+0x95
V  [libjvm.so+0x47e0fa]  CodeBuffer::initialize(int, int)+0x1a
V  [libjvm.so+0x92ebf8]  Compile::init_buffer(unsigned int*)+0x208
V  [libjvm.so+0x9349a1]  Compile::Output()+0x381
V  [libjvm.so+0x4a0d35]  Compile::Code_Gen()+0x315
V  [libjvm.so+0x4a40d2]  Compile::Compile(ciEnv*, C2Compiler*, ciMethod*, int, bool, bool, bool)+0x14b2
V  [libjvm.so+0x3f1818]  C2Compiler::compile_method(ciEnv*, ciMethod*, int)+0x198
V  [libjvm.so+0x4ae4da]  CompileBroker::invoke_compiler_on_method(CompileTask*)+0xc9a
V  [libjvm.so+0x4af486]  CompileBroker::compiler_thread_loop()+0x5d6
V  [libjvm.so+0xa6b77f]  JavaThread::thread_main_inner()+0xdf
V  [libjvm.so+0xa6b8ac]  JavaThread::run()+0x11c
V  [libjvm.so+0x91ef78]  java_start(Thread*)+0x108
C  [libpthread.so.0+0x8182]  start_thread+0xc2


Current CompileTask:
C2:  19874 2133       4       org.springframework.asm.ClassReader::readCode (3343 bytes)


---------------  P R O C E S S  ---------------

Java Threads: ( => current thread )
  0x00007f489c002000 JavaThread "restartedMain" [_thread_blocked, id=12593, stack(0x00007f48c8573000,0x00007f48c8674000)]
  0x00007f48c463d800 JavaThread "Thread-0" [_thread_blocked, id=12592, stack(0x00007f48c8674000,0x00007f48c8775000)]
  0x00007f48c40b9800 JavaThread "Service Thread" daemon [_thread_blocked, id=12590, stack(0x00007f48c8b68000,0x00007f48c8c69000)]
  0x00007f48c40b6000 JavaThread "C1 CompilerThread1" daemon [_thread_in_vm, id=12589, stack(0x00007f48c8c69000,0x00007f48c8d6a000)]
=>0x00007f48c40b4000 JavaThread "C2 CompilerThread0" daemon [_thread_in_vm, id=12588, stack(0x00007f48c8d6a000,0x00007f48c8e6b000)]
  0x00007f48c40b2800 JavaThread "Signal Dispatcher" daemon [_thread_blocked, id=12587, stack(0x00007f48c8e6b000,0x00007f48c8f6c000)]
  0x00007f48c407e800 JavaThread "Finalizer" daemon [_thread_blocked, id=12586, stack(0x00007f48c9273000,0x00007f48c9374000)]
  0x00007f48c4079800 JavaThread "Reference Handler" daemon [_thread_blocked, id=12585, stack(0x00007f48c9374000,0x00007f48c9475000)]
  0x00007f48c400d800 JavaThread "main" [_thread_blocked, id=12583, stack(0x00007f48cd2e6000,0x00007f48cd3e7000)]

Other Threads:
  0x00007f48c4072000 VMThread [stack: 0x00007f48c9475000,0x00007f48c9576000] [id=12584]
  0x00007f48c40bc800 WatcherThread [stack: 0x00007f48c8a67000,0x00007f48c8b68000] [id=12591]

VM state:not at safepoint (normal execution)

VM Mutex/Monitor currently owned by a thread:  ([mutex/lock_event])
[0x00007f48c4009130] CodeCache_lock - owner thread: 0x00007f48c40b4000
[0x00007f48c400a7b0] Compile_lock - owner thread: 0x00007f48c40b6000
[0x00007f48c400a8b0] MethodCompileQueue_lock - owner thread: 0x00007f48c40b6000

Heap:
 def new generation   total 11200K, used 5000K [0x00000000f0600000, 0x00000000f1220000, 0x00000000f5950000)
  eden space 9984K,  40% used [0x00000000f0600000, 0x00000000f09f3508, 0x00000000f0fc0000)
  from space 1216K,  78% used [0x00000000f0fc0000, 0x00000000f10aec08, 0x00000000f10f0000)
  to   space 1216K,   0% used [0x00000000f10f0000, 0x00000000f10f0000, 0x00000000f1220000)
 tenured generation   total 24744K, used 15915K [0x00000000f5950000, 0x00000000f717a000, 0x0000000100000000)
   the space 24744K,  64% used [0x00000000f5950000, 0x00000000f68dae70, 0x00000000f68db000, 0x00000000f717a000)
 Metaspace       used 23990K, capacity 24324K, committed 24576K, reserved 1071104K
  class space    used 2957K, capacity 3059K, committed 3072K, reserved 1048576K

Card table byte_map: [0x00007f48cd268000,0x00007f48cd2e6000] byte_map_base: 0x00007f48ccae5000

Polling page: 0x00007f48cd3f6000

CodeCache: size=245760Kb used=6515Kb max_used=6515Kb free=239244Kb
 bounds [0x00007f48b5000000, 0x00007f48b5670000, 0x00007f48c4000000]
 total_blobs=2430 nmethods=2065 adapters=277
 compilation: enabled

Compilation events (10 events):
Event: 16,877 Thread 0x00007f48c40b6000 nmethod 2341 0x00007f48b5663c90 code [0x00007f48b5663e20, 0x00007f48b56640a0]
Event: 16,877 Thread 0x00007f48c40b6000 2342       2       java.lang.Class::getDeclaredMethods (18 bytes)
Event: 16,879 Thread 0x00007f48c40b6000 nmethod 2342 0x00007f48b5664190 code [0x00007f48b5664320, 0x00007f48b56644f0]
Event: 17,102 Thread 0x00007f48c40b6000 2344       2       org.springframework.util.ClassUtils::getShortName (8 bytes)
Event: 17,625 Thread 0x00007f48c40b6000 nmethod 2344 0x00007f48b56645d0 code [0x00007f48b5664780, 0x00007f48b56649f8]
Event: 17,647 Thread 0x00007f48c40b6000 2345       2       org.springframework.util.ClassUtils::getQualifiedName (23 bytes)
Event: 18,290 Thread 0x00007f48c40b6000 nmethod 2345 0x00007f48b5664bd0 code [0x00007f48b5664d60, 0x00007f48b5664fd0]
Event: 18,314 Thread 0x00007f48c40b6000 2346       1       org.springframework.beans.factory.support.GenericBeanDefinition::getParentName (5 bytes)
Event: 18,457 Thread 0x00007f48c40b6000 nmethod 2346 0x00007f48b5665150 code [0x00007f48b56652a0, 0x00007f48b56653b0]
Event: 19,621 Thread 0x00007f48c40b6000 2347       2       org.springframework.boot.autoconfigure.condition.ConditionMessage::andCondition (34 bytes)

GC Heap History (10 events):
Event: 13,238 GC heap before
{Heap before GC invocations=56 (full 2):
 def new generation   total 11200K, used 11200K [0x00000000f0600000, 0x00000000f1220000, 0x00000000f5950000)
  eden space 9984K, 100% used [0x00000000f0600000, 0x00000000f0fc0000, 0x00000000f0fc0000)
  from space 1216K, 100% used [0x00000000f10f0000, 0x00000000f1220000, 0x00000000f1220000)
  to   space 1216K,   0% used [0x00000000f0fc0000, 0x00000000f0fc0000, 0x00000000f10f0000)
 tenured generation   total 24744K, used 14969K [0x00000000f5950000, 0x00000000f717a000, 0x0000000100000000)
   the space 24744K,  60% used [0x00000000f5950000, 0x00000000f67ee760, 0x00000000f67ee800, 0x00000000f717a000)
 Metaspace       used 22599K, capacity 22898K, committed 23168K, reserved 1069056K
  class space    used 2752K, capacity 2864K, committed 2944K, reserved 1048576K
Event: 13,243 GC heap after
Heap after GC invocations=57 (full 2):
 def new generation   total 11200K, used 207K [0x00000000f0600000, 0x00000000f1220000, 0x00000000f5950000)
  eden space 9984K,   0% used [0x00000000f0600000, 0x00000000f0600000, 0x00000000f0fc0000)
  from space 1216K,  17% used [0x00000000f0fc0000, 0x00000000f0ff3cc0, 0x00000000f10f0000)
  to   space 1216K,   0% used [0x00000000f10f0000, 0x00000000f10f0000, 0x00000000f1220000)
 tenured generation   total 24744K, used 15347K [0x00000000f5950000, 0x00000000f717a000, 0x0000000100000000)
   the space 24744K,  62% used [0x00000000f5950000, 0x00000000f684cc50, 0x00000000f684ce00, 0x00000000f717a000)
 Metaspace       used 22599K, capacity 22898K, committed 23168K, reserved 1069056K
  class space    used 2752K, capacity 2864K, committed 2944K, reserved 1048576K
}
Event: 13,434 GC heap before
{Heap before GC invocations=57 (full 2):
 def new generation   total 11200K, used 10191K [0x00000000f0600000, 0x00000000f1220000, 0x00000000f5950000)
  eden space 9984K, 100% used [0x00000000f0600000, 0x00000000f0fc0000, 0x00000000f0fc0000)
  from space 1216K,  17% used [0x00000000f0fc0000, 0x00000000f0ff3cc0, 0x00000000f10f0000)
  to   space 1216K,   0% used [0x00000000f10f0000, 0x00000000f10f0000, 0x00000000f1220000)
 tenured generation   total 24744K, used 15347K [0x00000000f5950000, 0x00000000f717a000, 0x0000000100000000)
   the space 24744K,  62% used [0x00000000f5950000, 0x00000000f684cc50, 0x00000000f684ce00, 0x00000000f717a000)
 Metaspace       used 22736K, capacity 23064K, committed 23168K, reserved 1069056K
  class space    used 2766K, capacity 2897K, committed 2944K, reserved 1048576K
Event: 13,442 GC heap after
Heap after GC invocations=58 (full 2):
 def new generation   total 11200K, used 421K [0x00000000f0600000, 0x00000000f1220000, 0x00000000f5950000)
  eden space 9984K,   0% used [0x00000000f0600000, 0x00000000f0600000, 0x00000000f0fc0000)
  from space 1216K,  34% used [0x00000000f10f0000, 0x00000000f1159708, 0x00000000f1220000)
  to   space 1216K,   0% used [0x00000000f0fc0000, 0x00000000f0fc0000, 0x00000000f10f0000)
 tenured generation   total 24744K, used 15347K [0x00000000f5950000, 0x00000000f717a000, 0x0000000100000000)
   the space 24744K,  62% used [0x00000000f5950000, 0x00000000f684cc50, 0x00000000f684ce00, 0x00000000f717a000)
 Metaspace       used 22736K, capacity 23064K, committed 23168K, reserved 1069056K
  class space    used 2766K, capacity 2897K, committed 2944K, reserved 1048576K
}
Event: 13,610 GC heap before
{Heap before GC invocations=58 (full 2):
 def new generation   total 11200K, used 10405K [0x00000000f0600000, 0x00000000f1220000, 0x00000000f5950000)
  eden space 9984K, 100% used [0x00000000f0600000, 0x00000000f0fc0000, 0x00000000f0fc0000)
  from space 1216K,  34% used [0x00000000f10f0000, 0x00000000f1159708, 0x00000000f1220000)
  to   space 1216K,   0% used [0x00000000f0fc0000, 0x00000000f0fc0000, 0x00000000f10f0000)
 tenured generation   total 24744K, used 15347K [0x00000000f5950000, 0x00000000f717a000, 0x0000000100000000)
   the space 24744K,  62% used [0x00000000f5950000, 0x00000000f684cc50, 0x00000000f684ce00, 0x00000000f717a000)
 Metaspace       used 22813K, capacity 23134K, committed 23424K, reserved 1069056K
  class space    used 2778K, capacity 2898K, committed 2944K, reserved 1048576K
Event: 13,620 GC heap after
Heap after GC invocations=59 (full 2):
 def new generation   total 11200K, used 434K [0x00000000f0600000, 0x00000000f1220000, 0x00000000f5950000)
  eden space 9984K,   0% used [0x00000000f0600000, 0x00000000f0600000, 0x00000000f0fc0000)
  from space 1216K,  35% used [0x00000000f0fc0000, 0x00000000f102c928, 0x00000000f10f0000)
  to   space 1216K,   0% used [0x00000000f10f0000, 0x00000000f10f0000, 0x00000000f1220000)
 tenured generation   total 24744K, used 15347K [0x00000000f5950000, 0x00000000f717a000, 0x0000000100000000)
   the space 24744K,  62% used [0x00000000f5950000, 0x00000000f684cc50, 0x00000000f684ce00, 0x00000000f717a000)
 Metaspace       used 22813K, capacity 23134K, committed 23424K, reserved 1069056K
  class space    used 2778K, capacity 2898K, committed 2944K, reserved 1048576K
}
Event: 14,359 GC heap before
{Heap before GC invocations=59 (full 2):
 def new generation   total 11200K, used 10418K [0x00000000f0600000, 0x00000000f1220000, 0x00000000f5950000)
  eden space 9984K, 100% used [0x00000000f0600000, 0x00000000f0fc0000, 0x00000000f0fc0000)
  from space 1216K,  35% used [0x00000000f0fc0000, 0x00000000f102c928, 0x00000000f10f0000)
  to   space 1216K,   0% used [0x00000000f10f0000, 0x00000000f10f0000, 0x00000000f1220000)
 tenured generation   total 24744K, used 15347K [0x00000000f5950000, 0x00000000f717a000, 0x0000000100000000)
   the space 24744K,  62% used [0x00000000f5950000, 0x00000000f684cc50, 0x00000000f684ce00, 0x00000000f717a000)
 Metaspace       used 23206K, capacity 23582K, committed 23808K, reserved 1071104K
  class space    used 2838K, capacity 2962K, committed 3072K, reserved 1048576K
Event: 14,386 GC heap after
Heap after GC invocations=60 (full 2):
 def new generation   total 11200K, used 1049K [0x00000000f0600000, 0x00000000f1220000, 0x00000000f5950000)
  eden space 9984K,   0% used [0x00000000f0600000, 0x00000000f0600000, 0x00000000f0fc0000)
  from space 1216K,  86% used [0x00000000f10f0000, 0x00000000f11f65b0, 0x00000000f1220000)
  to   space 1216K,   0% used [0x00000000f0fc0000, 0x00000000f0fc0000, 0x00000000f10f0000)
 tenured generation   total 24744K, used 15347K [0x00000000f5950000, 0x00000000f717a000, 0x0000000100000000)
   the space 24744K,  62% used [0x00000000f5950000, 0x00000000f684cc50, 0x00000000f684ce00, 0x00000000f717a000)
 Metaspace       used 23206K, capacity 23582K, committed 23808K, reserved 1071104K
  class space    used 2838K, capacity 2962K, committed 3072K, reserved 1048576K
}
Event: 15,499 GC heap before
{Heap before GC invocations=60 (full 2):
 def new generation   total 11200K, used 11033K [0x00000000f0600000, 0x00000000f1220000, 0x00000000f5950000)
  eden space 9984K, 100% used [0x00000000f0600000, 0x00000000f0fc0000, 0x00000000f0fc0000)
  from space 1216K,  86% used [0x00000000f10f0000, 0x00000000f11f65b0, 0x00000000f1220000)
  to   space 1216K,   0% used [0x00000000f0fc0000, 0x00000000f0fc0000, 0x00000000f10f0000)
 tenured generation   total 24744K, used 15347K [0x00000000f5950000, 0x00000000f717a000, 0x0000000100000000)
   the space 24744K,  62% used [0x00000000f5950000, 0x00000000f684cc50, 0x00000000f684ce00, 0x00000000f717a000)
 Metaspace       used 23854K, capacity 24260K, committed 24576K, reserved 1071104K
  class space    used 2932K, capacity 3059K, committed 3072K, reserved 1048576K
Event: 15,541 GC heap after
Heap after GC invocations=61 (full 2):
 def new generation   total 11200K, used 955K [0x00000000f0600000, 0x00000000f1220000, 0x00000000f5950000)
  eden space 9984K,   0% used [0x00000000f0600000, 0x00000000f0600000, 0x00000000f0fc0000)
  from space 1216K,  78% used [0x00000000f0fc0000, 0x00000000f10aec08, 0x00000000f10f0000)
  to   space 1216K,   0% used [0x00000000f10f0000, 0x00000000f10f0000, 0x00000000f1220000)
 tenured generation   total 24744K, used 15915K [0x00000000f5950000, 0x00000000f717a000, 0x0000000100000000)
   the space 24744K,  64% used [0x00000000f5950000, 0x00000000f68dae70, 0x00000000f68db000, 0x00000000f717a000)
 Metaspace       used 23854K, capacity 24260K, committed 24576K, reserved 1071104K
  class space    used 2932K, capacity 3059K, committed 3072K, reserved 1048576K
}

Deoptimization events (10 events):
Event: 7,130 Thread 0x00007f489c002000 Uncommon trap: reason=bimorphic action=maybe_recompile pc=0x00007f48b52d2694 method=java.util.HashMap.putVal(ILjava/lang/Object;Ljava/lang/Object;ZZ)Ljava/lang/Object; @ 253
Event: 7,164 Thread 0x00007f4898566000 Uncommon trap: reason=class_check action=maybe_recompile pc=0x00007f48b52ed2bc method=java.util.regex.Matcher.search(I)Z @ 86
Event: 7,320 Thread 0x00007f4898566000 Uncommon trap: reason=unstable_if action=reinterpret pc=0x00007f48b5358930 method=sun.misc.MetaIndex.mayContain(Ljava/lang/String;)Z @ 38
Event: 7,911 Thread 0x00007f489c002000 Uncommon trap: reason=class_check action=maybe_recompile pc=0x00007f48b52fb96c method=java.util.regex.Pattern$CharProperty.match(Ljava/util/regex/Matcher;ILjava/lang/CharSequence;)Z @ 37
Event: 7,911 Thread 0x00007f489c002000 Uncommon trap: reason=class_check action=maybe_recompile pc=0x00007f48b52fb96c method=java.util.regex.Pattern$CharProperty.match(Ljava/util/regex/Matcher;ILjava/lang/CharSequence;)Z @ 37
Event: 7,911 Thread 0x00007f489c002000 Uncommon trap: reason=class_check action=maybe_recompile pc=0x00007f48b52fb96c method=java.util.regex.Pattern$CharProperty.match(Ljava/util/regex/Matcher;ILjava/lang/CharSequence;)Z @ 37
Event: 7,911 Thread 0x00007f489c002000 Uncommon trap: reason=class_check action=maybe_recompile pc=0x00007f48b52fb96c method=java.util.regex.Pattern$CharProperty.match(Ljava/util/regex/Matcher;ILjava/lang/CharSequence;)Z @ 37
Event: 12,236 Thread 0x00007f489c002000 Uncommon trap: reason=unstable_if action=reinterpret pc=0x00007f48b56001ac method=org.springframework.asm.ClassReader.readUTF(II[C)Ljava/lang/String; @ 77
Event: 12,390 Thread 0x00007f489c002000 Uncommon trap: reason=unstable_if action=reinterpret pc=0x00007f48b5605ae0 method=java.util.LinkedHashMap.afterNodeInsertion(Z)V @ 18
Event: 12,538 Thread 0x00007f489c002000 Uncommon trap: reason=unstable_if action=reinterpret pc=0x00007f48b522dae4 method=org.springframework.asm.ClassReader.readUTF(II[C)Ljava/lang/String; @ 77

Internal exceptions (10 events):
Event: 7,653 Thread 0x00007f489c002000 Exception <a 'java/lang/ClassNotFoundException': org/springframework/context/ResourceLoaderAwareCustomizer> (0x00000000f074f650) thrown at [/HUDSON/workspace/8-2-build-linux-amd64/jdk8u91/6644/hotspot/src/share/vm/classfile/systemDictionary.cpp, line 210]
Event: 7,653 Thread 0x00007f489c002000 Exception <a 'java/lang/ClassNotFoundException': org/springframework/beans/factory/BeanClassLoaderAwareCustomizer> (0x00000000f07695f0) thrown at [/HUDSON/workspace/8-2-build-linux-amd64/jdk8u91/6644/hotspot/src/share/vm/classfile/systemDictionary.cpp, li
Event: 7,670 Thread 0x00007f489c002000 Exception <a 'java/lang/ClassNotFoundException': org/springframework/context/EnvironmentAwareCustomizer> (0x00000000f07db578) thrown at [/HUDSON/workspace/8-2-build-linux-amd64/jdk8u91/6644/hotspot/src/share/vm/classfile/systemDictionary.cpp, line 210]
Event: 8,190 Thread 0x00007f4898566000 Exception <a 'java/lang/NoSuchFieldError': method resolution failed> (0x00000000f07a7ac8) thrown at [/HUDSON/workspace/8-2-build-linux-amd64/jdk8u91/6644/hotspot/src/share/vm/prims/methodHandles.cpp, line 1146]
Event: 8,201 Thread 0x00007f4898566000 Exception <a 'java/lang/NoSuchFieldError': method resolution failed> (0x00000000f07c9420) thrown at [/HUDSON/workspace/8-2-build-linux-amd64/jdk8u91/6644/hotspot/src/share/vm/prims/methodHandles.cpp, line 1146]
Event: 10,644 Thread 0x00007f489c002000 Exception <a 'java/lang/ClassNotFoundException': java/lang/ObjectCustomizer> (0x00000000f0984ba0) thrown at [/HUDSON/workspace/8-2-build-linux-amd64/jdk8u91/6644/hotspot/src/share/vm/classfile/systemDictionary.cpp, line 210]
Event: 10,646 Thread 0x00007f489c002000 Exception <a 'java/lang/ClassNotFoundException': org/springframework/boot/autoconfigure/web/ResourcePropertiesCustomizer> (0x00000000f09a3bb0) thrown at [/HUDSON/workspace/8-2-build-linux-amd64/jdk8u91/6644/hotspot/src/share/vm/classfile/systemDictionary.
Event: 10,653 Thread 0x00007f489c002000 Exception <a 'java/lang/ClassNotFoundException': org/springframework/context/ResourceLoaderAwareCustomizer> (0x00000000f09c9df8) thrown at [/HUDSON/workspace/8-2-build-linux-amd64/jdk8u91/6644/hotspot/src/share/vm/classfile/systemDictionary.cpp, line 210]
Event: 10,655 Thread 0x00007f489c002000 Exception <a 'java/lang/ClassNotFoundException': java/lang/ObjectCustomizer> (0x00000000f09e2628) thrown at [/HUDSON/workspace/8-2-build-linux-amd64/jdk8u91/6644/hotspot/src/share/vm/classfile/systemDictionary.cpp, line 210]
Event: 10,666 Thread 0x00007f489c002000 Exception <a 'java/lang/ClassNotFoundException': org/springframework/boot/autoconfigure/web/ResourceProperties$ChainCustomizer> (0x00000000f0a025b0) thrown at [/HUDSON/workspace/8-2-build-linux-amd64/jdk8u91/6644/hotspot/src/share/vm/classfile/systemDicti

Events (10 events):
Event: 18,614 loading class org/springframework/beans/factory/ObjectProvider
Event: 18,620 loading class org/springframework/beans/factory/ObjectProvider done
Event: 18,783 loading class org/springframework/boot/orm/jpa/EntityManagerFactoryBuilder$EntityManagerFactoryBeanCallback
Event: 18,789 loading class org/springframework/boot/orm/jpa/EntityManagerFactoryBuilder$EntityManagerFactoryBeanCallback done
Event: 19,152 loading class org/springframework/orm/jpa/vendor/HibernateJpaVendorAdapter
Event: 19,154 loading class org/springframework/orm/jpa/vendor/HibernateJpaVendorAdapter done
Event: 19,631 loading class org/springframework/boot/autoconfigure/orm/jpa/DataSourceInitializedPublisher
Event: 19,632 loading class org/springframework/boot/autoconfigure/orm/jpa/DataSourceInitializedPublisher done
Event: 19,652 loading class org/springframework/util/ReflectionUtils$1
Event: 19,652 loading class org/springframework/util/ReflectionUtils$1 done


Dynamic libraries:
00400000-00401000 r-xp 00000000 fd:01 1587441                            /usr/lib/jvm/java-8-oracle/jre/bin/java
00600000-00601000 rw-p 00000000 fd:01 1587441                            /usr/lib/jvm/java-8-oracle/jre/bin/java
011ab000-011cc000 rw-p 00000000 00:00 0                                  [heap]
f0600000-f1220000 rw-p 00000000 00:00 0 
f1220000-f5950000 ---p 00000000 00:00 0 
f5950000-f717a000 rw-p 00000000 00:00 0 
f717a000-100000000 ---p 00000000 00:00 0 
100000000-100300000 rw-p 00000000 00:00 0 
100300000-140000000 ---p 00000000 00:00 0 
7f4897bce000-7f4897cce000 rw-p 00000000 00:00 0 
7f4897cce000-7f4897dce000 ---p 00000000 00:00 0 
7f4898000000-7f48992a7000 rw-p 00000000 00:00 0 
7f48992a7000-7f489c000000 ---p 00000000 00:00 0 
7f489c000000-7f489c021000 rw-p 00000000 00:00 0 
7f489c021000-7f48a0000000 ---p 00000000 00:00 0 
7f48a0000000-7f48a0021000 rw-p 00000000 00:00 0 
7f48a0021000-7f48a4000000 ---p 00000000 00:00 0 
7f48a4000000-7f48a5c7c000 rw-p 00000000 00:00 0 
7f48a5c7c000-7f48a8000000 ---p 00000000 00:00 0 
7f48a8000000-7f48a8021000 rw-p 00000000 00:00 0 
7f48a8021000-7f48ac000000 ---p 00000000 00:00 0 
7f48ac000000-7f48ac021000 rw-p 00000000 00:00 0 
7f48ac021000-7f48b0000000 ---p 00000000 00:00 0 
7f48b0000000-7f48b007a000 rw-p 00000000 00:00 0 
7f48b007a000-7f48b4000000 ---p 00000000 00:00 0 
7f48b4143000-7f48b4343000 rw-p 00000000 00:00 0 
7f48b4343000-7f48b4543000 rw-p 00000000 00:00 0 
7f48b4543000-7f48b45d8000 r--s 01103000 fd:01 1710099                    /usr/lib/jvm/java-8-oracle/jre/lib/ext/jfxrt.jar
7f48b45d8000-7f48b45e9000 r-xp 00000000 fd:01 1587414                    /usr/lib/jvm/java-8-oracle/jre/lib/amd64/libnio.so
7f48b45e9000-7f48b47e8000 ---p 00011000 fd:01 1587414                    /usr/lib/jvm/java-8-oracle/jre/lib/amd64/libnio.so
7f48b47e8000-7f48b47e9000 rw-p 00010000 fd:01 1587414                    /usr/lib/jvm/java-8-oracle/jre/lib/amd64/libnio.so
7f48b47e9000-7f48b49e9000 rw-p 00000000 00:00 0 
7f48b49e9000-7f48b4be9000 rw-p 00000000 00:00 0 
7f48b4be9000-7f48b4de9000 rw-p 00000000 00:00 0 
7f48b4de9000-7f48b4dff000 r-xp 00000000 fd:01 1587425                    /usr/lib/jvm/java-8-oracle/jre/lib/amd64/libnet.so
7f48b4dff000-7f48b4fff000 ---p 00016000 fd:01 1587425                    /usr/lib/jvm/java-8-oracle/jre/lib/amd64/libnet.so
7f48b4fff000-7f48b5000000 rw-p 00016000 fd:01 1587425                    /usr/lib/jvm/java-8-oracle/jre/lib/amd64/libnet.so
7f48b5000000-7f48b5670000 rwxp 00000000 00:00 0 
7f48b5680000-7f48c4000000 ---p 00000000 00:00 0 
7f48c4000000-7f48c478e000 rw-p 00000000 00:00 0 
7f48c478e000-7f48c8000000 ---p 00000000 00:00 0 
7f48c8063000-7f48c8069000 r--s 002f8000 fd:01 1338922                    /usr/lib/jvm/java-8-oracle/jre/lib/charsets.jar
7f48c8069000-7f48c806c000 ---p 00000000 00:00 0 
7f48c806c000-7f48c816a000 rw-p 00000000 00:00 0 
7f48c816a000-7f48c8173000 r-xp 00000000 fd:01 1587398                    /usr/lib/jvm/java-8-oracle/jre/lib/amd64/libmanagement.so
7f48c8173000-7f48c8372000 ---p 00009000 fd:01 1587398                    /usr/lib/jvm/java-8-oracle/jre/lib/amd64/libmanagement.so
7f48c8372000-7f48c8373000 rw-p 00008000 fd:01 1587398                    /usr/lib/jvm/java-8-oracle/jre/lib/amd64/libmanagement.so
7f48c8373000-7f48c8573000 rw-p 00000000 00:00 0 
7f48c8573000-7f48c8576000 ---p 00000000 00:00 0 
7f48c8576000-7f48c8674000 rw-p 00000000 00:00 0                          [stack:12593]
7f48c8674000-7f48c8677000 ---p 00000000 00:00 0 
7f48c8677000-7f48c8775000 rw-p 00000000 00:00 0                          [stack:12592]
7f48c8775000-7f48c8778000 r--s 0000b000 fd:01 1196486                    /root/.m2/repository/com/fasterxml/jackson/core/jackson-annotations/2.8.4/jackson-annotations-2.8.4.jar
7f48c8778000-7f48c877a000 r--s 0000f000 fd:01 1196445                    /root/.m2/repository/org/jboss/logging/jboss-logging/3.3.0.Final/jboss-logging-3.3.0.Final.jar
7f48c877a000-7f48c877b000 r--s 00000000 fd:01 1196409                    /root/.m2/repository/org/springframework/boot/spring-boot-starter-thymeleaf/1.4.2.RELEASE/spring-boot-starter-thymeleaf-1.4.2.RELEASE.jar
7f48c877b000-7f48c877c000 r--s 00000000 fd:01 1196513                    /root/.m2/repository/org/springframework/boot/spring-boot-starter-security/1.4.2.RELEASE/spring-boot-starter-security-1.4.2.RELEASE.jar
7f48c877c000-7f48c8786000 r--s 00054000 fd:01 1196504                    /root/.m2/repository/org/springframework/spring-messaging/4.3.4.RELEASE/spring-messaging-4.3.4.RELEASE.jar
7f48c8786000-7f48c878b000 r--s 0002a000 fd:01 1196495                    /root/.m2/repository/org/springframework/hateoas/spring-hateoas/0.20.0.RELEASE/spring-hateoas-0.20.0.RELEASE.jar
7f48c878b000-7f48c8798000 r--s 00089000 fd:01 1196465                    /root/.m2/repository/org/hibernate/hibernate-entitymanager/5.0.11.Final/hibernate-entitymanager-5.0.11.Final.jar
7f48c8798000-7f48c879a000 r--s 0000e000 fd:01 1196571                    /root/.m2/repository/com/fasterxml/classmate/1.3.3/classmate-1.3.3.jar
7f48c879a000-7f48c87a4000 r--s 00069000 fd:01 1196412                    /root/.m2/repository/ch/qos/logback/logback-core/1.1.7/logback-core-1.1.7.jar
7f48c87a4000-7f48c87a9000 r--s 0003c000 fd:01 1196523                    /root/.m2/repository/org/springframework/spring-expression/4.3.4.RELEASE/spring-expression-4.3.4.RELEASE.jar
7f48c87a9000-7f48c87b9000 r--s 00091000 fd:01 1196509                    /root/.m2/repository/org/springframework/boot/spring-boot/1.4.2.RELEASE/spring-boot-1.4.2.RELEASE.jar
7f48c87b9000-7f48c87ba000 r--s 00004000 fd:01 1196497                    /root/.m2/repository/org/springframework/plugin/spring-plugin-core/1.2.0.RELEASE/spring-plugin-core-1.2.0.RELEASE.jar
7f48c87ba000-7f48c87bd000 r--s 00020000 fd:01 1196441                    /root/.m2/repository/org/apache/tomcat/tomcat-jdbc/8.5.6/tomcat-jdbc-8.5.6.jar
7f48c87bd000-7f48c87da000 r--s 000d0000 fd:01 1196500                    /root/.m2/repository/org/springframework/boot/spring-boot-autoconfigure/1.4.2.RELEASE/spring-boot-autoconfigure-1.4.2.RELEASE.jar
7f48c87da000-7f48c87e1000 r--s 00044000 fd:01 1196415                    /root/.m2/repository/ch/qos/logback/logback-classic/1.1.7/logback-classic-1.1.7.jar
7f48c87e1000-7f48c87e3000 r--s 00006000 fd:01 1196454                    /root/.m2/repository/javax/transaction/javax.transaction-api/1.2/javax.transaction-api-1.2.jar
7f48c87e3000-7f48c884c000 r--s 004f3000 fd:01 1196447                    /root/.m2/repository/org/hibernate/hibernate-core/5.0.11.Final/hibernate-core-5.0.11.Final.jar
7f48c884c000-7f48c8857000 r--s 00051000 fd:01 1196519                    /root/.m2/repository/org/springframework/security/spring-security-core/4.1.3.RELEASE/spring-security-core-4.1.3.RELEASE.jar
7f48c8857000-7f48c885a000 r--s 00035000 fd:01 1196531                    /root/.m2/repository/ognl/ognl/3.0.8/ognl-3.0.8.jar
7f48c885a000-7f48c886c000 r--s 0011c000 fd:01 1196487                    /root/.m2/repository/com/fasterxml/jackson/core/jackson-databind/2.8.4/jackson-databind-2.8.4.jar
7f48c886c000-7f48c8886000 r--s 000fc000 fd:01 1196549                    /root/.m2/repository/org/springframework/spring-context/4.3.4.RELEASE/spring-context-4.3.4.RELEASE.jar
7f48c8886000-7f48c8887000 r--s 00000000 fd:01 1196558                    /root/.m2/repository/org/springframework/boot/spring-boot-starter-web/1.4.2.RELEASE/spring-boot-starter-web-1.4.2.RELEASE.jar
7f48c8887000-7f48c888a000 r--s 0002b000 fd:01 1196457                    /root/.m2/repository/org/jboss/jandex/2.0.0.Final/jandex-2.0.0.Final.jar
7f48c888a000-7f48c888b000 r--s 00000000 fd:01 1196547                    /root/.m2/repository/org/springframework/boot/spring-boot-starter-mail/1.4.2.RELEASE/spring-boot-starter-mail-1.4.2.RELEASE.jar
7f48c888b000-7f48c8895000 r--s 0005f000 fd:01 1196446                    /root/.m2/repository/org/springframework/spring-jdbc/4.3.4.RELEASE/spring-jdbc-4.3.4.RELEASE.jar
7f48c8895000-7f48c8897000 r--s 00009000 fd:01 1196443                    /root/.m2/repository/org/apache/tomcat/tomcat-juli/8.5.6/tomcat-juli-8.5.6.jar
7f48c8897000-7f48c8899000 r--s 00009000 fd:01 1196410                    /root/.m2/repository/org/slf4j/slf4j-api/1.7.21/slf4j-api-1.7.21.jar
7f48c8899000-7f48c889a000 r--s 00000000 fd:01 1196417                    /root/.m2/repository/org/springframework/boot/spring-boot-starter-logging/1.4.2.RELEASE/spring-boot-starter-logging-1.4.2.RELEASE.jar
7f48c889a000-7f48c889f000 r--s 00029000 fd:01 1196551                    /root/.m2/repository/org/springframework/spring-context-support/4.3.4.RELEASE/spring-context-support-4.3.4.RELEASE.jar
7f48c889f000-7f48c88a2000 r--s 0000c000 fd:01 1196481                    /root/.m2/repository/org/springframework/spring-aspects/4.3.4.RELEASE/spring-aspects-4.3.4.RELEASE.jar
7f48c88a2000-7f48c88af000 r--s 000b7000 fd:01 1196530                    /root/.m2/repository/org/thymeleaf/thymeleaf/2.1.5.RELEASE/thymeleaf-2.1.5.RELEASE.jar
7f48c88af000-7f48c88b4000 r--s 00036000 fd:01 1196565                    /root/.m2/repository/org/apache/tomcat/embed/tomcat-embed-websocket/8.5.6/tomcat-embed-websocket-8.5.6.jar
7f48c88b4000-7f48c88ba000 r--s 0002c000 fd:01 1196507                    /root/.m2/repository/org/springframework/boot/spring-boot-devtools/1.4.2.RELEASE/spring-boot-devtools-1.4.2.RELEASE.jar
7f48c88ba000-7f48c88bd000 r--s 00034000 fd:01 1196427                    /root/.m2/repository/org/thymeleaf/thymeleaf-spring4/2.1.5.RELEASE/thymeleaf-spring4-2.1.5.RELEASE.jar
7f48c88bd000-7f48c88bf000 r--s 0000e000 fd:01 1196555                    /root/.m2/repository/javax/activation/activation/1.1/activation-1.1.jar
7f48c88bf000-7f48c88c8000 r--s 00054000 fd:01 1196516                    /root/.m2/repository/org/springframework/spring-aop/4.3.4.RELEASE/spring-aop-4.3.4.RELEASE.jar
7f48c88c8000-7f48c88cd000 r--s 00017000 fd:01 1196451                    /root/.m2/repository/org/hibernate/javax/persistence/hibernate-jpa-2.1-api/1.0.0.Final/hibernate-jpa-2.1-api-1.0.0.Final.jar
7f48c88cd000-7f48c88d2000 r--s 00036000 fd:01 1196563                    /root/.m2/repository/org/apache/tomcat/embed/tomcat-embed-el/8.5.6/tomcat-embed-el-8.5.6.jar
7f48c88d2000-7f48c88e7000 r--s 00141000 fd:01 1196536                    /root/.m2/repository/org/projectlombok/lombok/1.16.10/lombok-1.16.10.jar
7f48c88e7000-7f48c88f8000 r--s 000b6000 fd:01 1196574                    /root/.m2/repository/org/springframework/spring-web/4.3.4.RELEASE/spring-web-4.3.4.RELEASE.jar
7f48c88f8000-7f48c88fb000 r--s 00020000 fd:01 1196533                    /root/.m2/repository/org/unbescape/unbescape/1.1.0.RELEASE/unbescape-1.1.0.RELEASE.jar
7f48c88fb000-7f48c890a000 r--s 001a7000 fd:01 1196537                    /root/.m2/repository/com/h2database/h2/1.4.193/h2-1.4.193.jar
7f48c890a000-7f48c8914000 r--s 0007c000 fd:01 1196517                    /root/.m2/repository/org/springframework/security/spring-security-config/4.1.3.RELEASE/spring-security-config-4.1.3.RELEASE.jar
7f48c8914000-7f48c8915000 r--s 00000000 fd:01 1196483                    /root/.m2/repository/org/springframework/boot/spring-boot-starter-data-rest/1.4.2.RELEASE/spring-boot-starter-data-rest-1.4.2.RELEASE.jar
7f48c8915000-7f48c891a000 r--s 0001b000 fd:01 1196493                    /root/.m2/repository/org/springframework/data/spring-data-rest-core/2.5.5.RELEASE/spring-data-rest-core-2.5.5.RELEASE.jar
7f48c891a000-7f48c8924000 r--s 0006b000 fd:01 1196473                    /root/.m2/repository/org/springframework/spring-orm/4.3.4.RELEASE/spring-orm-4.3.4.RELEASE.jar
7f48c8924000-7f48c893d000 r--s 001af000 fd:01 1196425                    /root/.m2/repository/org/aspectj/aspectjweaver/1.8.9/aspectjweaver-1.8.9.jar
7f48c893d000-7f48c893f000 r--s 00004000 fd:01 1196422                    /root/.m2/repository/org/slf4j/log4j-over-slf4j/1.7.21/log4j-over-slf4j-1.7.21.jar
7f48c893f000-7f48c8941000 r--s 00003000 fd:01 1196479                    /root/.m2/repository/org/slf4j/jcl-over-slf4j/1.7.21/jcl-over-slf4j-1.7.21.jar
7f48c8941000-7f48c8946000 r--s 00048000 fd:01 1196460                    /root/.m2/repository/dom4j/dom4j/1.6.1/dom4j-1.6.1.jar
7f48c8946000-7f48c894a000 r--s 0000c000 fd:01 1196569                    /root/.m2/repository/javax/validation/validation-api/1.1.0.Final/validation-api-1.1.0.Final.jar
7f48c894a000-7f48c894b000 r--s 00007000 fd:01 1196525                    /root/.m2/repository/org/thymeleaf/extras/thymeleaf-extras-springsecurity4/2.1.2.RELEASE/thymeleaf-extras-springsecurity4-2.1.2.RELEASE.jar
7f48c894b000-7f48c894f000 r--s 00041000 fd:01 1196489                    /root/.m2/repository/com/fasterxml/jackson/core/jackson-core/2.8.4/jackson-core-2.8.4.jar
7f48c894f000-7f48c8956000 r--s 0003d000 fd:01 1196491                    /root/.m2/repository/org/springframework/data/spring-data-rest-webmvc/2.5.5.RELEASE/spring-data-rest-webmvc-2.5.5.RELEASE.jar
7f48c8956000-7f48c8957000 r--s 00000000 fd:01 1196501                    /root/.m2/repository/org/springframework/boot/spring-boot-starter-websocket/1.4.2.RELEASE/spring-boot-starter-websocket-1.4.2.RELEASE.jar
7f48c8957000-7f48c895f000 r--s 0003a000 fd:01 1196475                    /root/.m2/repository/org/springframework/spring-tx/4.3.4.RELEASE/spring-tx-4.3.4.RELEASE.jar
7f48c895f000-7f48c8960000 r--s 00000000 fd:01 1196413                    /root/.m2/repository/org/springframework/boot/spring-boot-starter/1.4.2.RELEASE/spring-boot-starter-1.4.2.RELEASE.jar
7f48c8960000-7f48c8971000 r--s 00099000 fd:01 1196471                    /root/.m2/repository/org/springframework/data/spring-data-commons/1.12.5.RELEASE/spring-data-commons-1.12.5.RELEASE.jar
7f48c8971000-7f48c8972000 r--s 00000000 fd:01 1196440                    /root/.m2/repository/org/springframework/boot/spring-boot-starter-jdbc/1.4.2.RELEASE/spring-boot-starter-jdbc-1.4.2.RELEASE.jar
7f48c8972000-7f48c8988000 r--s 000fa000 fd:01 1196411                    /root/.m2/repository/org/springframework/spring-core/4.3.4.RELEASE/spring-core-4.3.4.RELEASE.jar
7f48c8988000-7f48c8989000 r--s 00000000 fd:01 1196435                    /root/.m2/repository/org/springframework/boot/spring-boot-starter-aop/1.4.2.RELEASE/spring-boot-starter-aop-1.4.2.RELEASE.jar
7f48c8989000-7f48c899b000 r--s 000ce000 fd:01 1196575                    /root/.m2/repository/org/springframework/spring-webmvc/4.3.4.RELEASE/spring-webmvc-4.3.4.RELEASE.jar
7f48c899b000-7f48c89a9000 r--s 000ac000 fd:01 1196477                    /root/.m2/repository/org/springframework/spring-beans/4.3.4.RELEASE/spring-beans-4.3.4.RELEASE.jar
7f48c89a9000-7f48c89d2000 r--s 002b2000 fd:01 1196561                    /root/.m2/repository/org/apache/tomcat/embed/tomcat-embed-core/8.5.6/tomcat-embed-core-8.5.6.jar
7f48c89d2000-7f48c89d8000 r--s 0003d000 fd:01 1196426                    /root/.m2/repository/org/yaml/snakeyaml/1.17/snakeyaml-1.17.jar
7f48c89d8000-7f48c89df000 r--s 0003e000 fd:01 1196469                    /root/.m2/repository/org/springframework/data/spring-data-jpa/1.10.5.RELEASE/spring-data-jpa-1.10.5.RELEASE.jar
7f48c89df000-7f48c89e2000 r--s 0001a000 fd:01 1196429                    /root/.m2/repository/nz/net/ultraq/thymeleaf/thymeleaf-layout-dialect/1.4.0/thymeleaf-layout-dialect-1.4.0.jar
7f48c89e2000-7f48c89eb000 r--s 0002d000 fd:01 1196461                    /root/.m2/repository/xml-apis/xml-apis/1.4.01/xml-apis-1.4.01.jar
7f48c89eb000-7f48c89f2000 r--s 0009f000 fd:01 1196545                    /root/.m2/repository/org/postgresql/postgresql/9.4.1212.jre7/postgresql-9.4.1212.jre7.jar
7f48c89f2000-7f48c89f7000 r--s 00068000 fd:01 1196455                    /root/.m2/repository/antlr/antlr/2.7.7/antlr-2.7.7.jar
7f48c89f7000-7f48c8a00000 r--s 00065000 fd:01 1196505                    /root/.m2/repository/org/springframework/spring-websocket/4.3.4.RELEASE/spring-websocket-4.3.4.RELEASE.jar
7f48c8a00000-7f48c8a01000 r--s 00000000 fd:01 1196434                    /root/.m2/repository/org/springframework/boot/spring-boot-starter-data-jpa/1.4.2.RELEASE/spring-boot-starter-data-jpa-1.4.2.RELEASE.jar
7f48c8a01000-7f48c8a11000 r--s 0009c000 fd:01 1196567                    /root/.m2/repository/org/hibernate/hibernate-validator/5.2.4.Final/hibernate-validator-5.2.4.Final.jar
7f48c8a11000-7f48c8a1a000 r--s 0008c000 fd:01 1196553                    /root/.m2/repository/com/sun/mail/javax.mail/1.5.6/javax.mail-1.5.6.jar
7f48c8a1a000-7f48c8a67000 r--s 0040b000 fd:01 1196431                    /root/.m2/repository/org/codehaus/groovy/groovy/2.4.7/groovy-2.4.7.jar
7f48c8a67000-7f48c8a68000 ---p 00000000 00:00 0 
7f48c8a68000-7f48c8b68000 rw-p 00000000 00:00 0                          [stack:12591]
7f48c8b68000-7f48c8b6b000 ---p 00000000 00:00 0 
7f48c8b6b000-7f48c8c69000 rw-p 00000000 00:00 0                          [stack:12590]
7f48c8c69000-7f48c8c6c000 ---p 00000000 00:00 0 
7f48c8c6c000-7f48c8d6a000 rw-p 00000000 00:00 0                          [stack:12589]
7f48c8d6a000-7f48c8d6d000 ---p 00000000 00:00 0 
7f48c8d6d000-7f48c8e6b000 rw-p 00000000 00:00 0                          [stack:12588]
7f48c8e6b000-7f48c8e6e000 ---p 00000000 00:00 0 
7f48c8e6e000-7f48c8f6c000 rw-p 00000000 00:00 0                          [stack:12587]
7f48c8f6c000-7f48c9273000 r--p 00000000 fd:01 923282                     /usr/lib/locale/locale-archive
7f48c9273000-7f48c9276000 ---p 00000000 00:00 0 
7f48c9276000-7f48c9374000 rw-p 00000000 00:00 0                          [stack:12586]
7f48c9374000-7f48c9377000 ---p 00000000 00:00 0 
7f48c9377000-7f48c9475000 rw-p 00000000 00:00 0                          [stack:12585]
7f48c9475000-7f48c9476000 ---p 00000000 00:00 0 
7f48c9476000-7f48c95c5000 rw-p 00000000 00:00 0                          [stack:12584]
7f48c95c5000-7f48c979e000 r--s 03d1f000 fd:01 1338940                    /usr/lib/jvm/java-8-oracle/jre/lib/rt.jar
7f48c979e000-7f48ca097000 rw-p 00000000 00:00 0 
7f48ca097000-7f48ca0b1000 rw-p 00000000 00:00 0 
7f48ca0b1000-7f48ca457000 ---p 00000000 00:00 0 
7f48ca457000-7f48ca471000 r-xp 00000000 fd:01 1587417                    /usr/lib/jvm/java-8-oracle/jre/lib/amd64/libzip.so
7f48ca471000-7f48ca671000 ---p 0001a000 fd:01 1587417                    /usr/lib/jvm/java-8-oracle/jre/lib/amd64/libzip.so
7f48ca671000-7f48ca672000 rw-p 0001a000 fd:01 1587417                    /usr/lib/jvm/java-8-oracle/jre/lib/amd64/libzip.so
7f48ca672000-7f48ca67d000 r-xp 00000000 fd:01 393422                     /lib/x86_64-linux-gnu/libnss_files-2.19.so
7f48ca67d000-7f48ca87c000 ---p 0000b000 fd:01 393422                     /lib/x86_64-linux-gnu/libnss_files-2.19.so
7f48ca87c000-7f48ca87d000 r--p 0000a000 fd:01 393422                     /lib/x86_64-linux-gnu/libnss_files-2.19.so
7f48ca87d000-7f48ca87e000 rw-p 0000b000 fd:01 393422                     /lib/x86_64-linux-gnu/libnss_files-2.19.so
7f48ca87e000-7f48ca889000 r-xp 00000000 fd:01 393366                     /lib/x86_64-linux-gnu/libnss_nis-2.19.so
7f48ca889000-7f48caa88000 ---p 0000b000 fd:01 393366                     /lib/x86_64-linux-gnu/libnss_nis-2.19.so
7f48caa88000-7f48caa89000 r--p 0000a000 fd:01 393366                     /lib/x86_64-linux-gnu/libnss_nis-2.19.so
7f48caa89000-7f48caa8a000 rw-p 0000b000 fd:01 393366                     /lib/x86_64-linux-gnu/libnss_nis-2.19.so
7f48caa8a000-7f48caaa1000 r-xp 00000000 fd:01 393350                     /lib/x86_64-linux-gnu/libnsl-2.19.so
7f48caaa1000-7f48caca0000 ---p 00017000 fd:01 393350                     /lib/x86_64-linux-gnu/libnsl-2.19.so
7f48caca0000-7f48caca1000 r--p 00016000 fd:01 393350                     /lib/x86_64-linux-gnu/libnsl-2.19.so
7f48caca1000-7f48caca2000 rw-p 00017000 fd:01 393350                     /lib/x86_64-linux-gnu/libnsl-2.19.so
7f48caca2000-7f48caca4000 rw-p 00000000 00:00 0 
7f48caca4000-7f48cacad000 r-xp 00000000 fd:01 393333                     /lib/x86_64-linux-gnu/libnss_compat-2.19.so
7f48cacad000-7f48caeac000 ---p 00009000 fd:01 393333                     /lib/x86_64-linux-gnu/libnss_compat-2.19.so
7f48caeac000-7f48caead000 r--p 00008000 fd:01 393333                     /lib/x86_64-linux-gnu/libnss_compat-2.19.so
7f48caead000-7f48caeae000 rw-p 00009000 fd:01 393333                     /lib/x86_64-linux-gnu/libnss_compat-2.19.so
7f48caeae000-7f48caed8000 r-xp 00000000 fd:01 1587389                    /usr/lib/jvm/java-8-oracle/jre/lib/amd64/libjava.so
7f48caed8000-7f48cb0d8000 ---p 0002a000 fd:01 1587389                    /usr/lib/jvm/java-8-oracle/jre/lib/amd64/libjava.so
7f48cb0d8000-7f48cb0da000 rw-p 0002a000 fd:01 1587389                    /usr/lib/jvm/java-8-oracle/jre/lib/amd64/libjava.so
7f48cb0da000-7f48cb0e7000 r-xp 00000000 fd:01 1587372                    /usr/lib/jvm/java-8-oracle/jre/lib/amd64/libverify.so
7f48cb0e7000-7f48cb2e7000 ---p 0000d000 fd:01 1587372                    /usr/lib/jvm/java-8-oracle/jre/lib/amd64/libverify.so
7f48cb2e7000-7f48cb2e9000 rw-p 0000d000 fd:01 1587372                    /usr/lib/jvm/java-8-oracle/jre/lib/amd64/libverify.so
7f48cb2e9000-7f48cb2f0000 r-xp 00000000 fd:01 393393                     /lib/x86_64-linux-gnu/librt-2.19.so
7f48cb2f0000-7f48cb4ef000 ---p 00007000 fd:01 393393                     /lib/x86_64-linux-gnu/librt-2.19.so
7f48cb4ef000-7f48cb4f0000 r--p 00006000 fd:01 393393                     /lib/x86_64-linux-gnu/librt-2.19.so
7f48cb4f0000-7f48cb4f1000 rw-p 00007000 fd:01 393393                     /lib/x86_64-linux-gnu/librt-2.19.so
7f48cb4f1000-7f48cb5f6000 r-xp 00000000 fd:01 393254                     /lib/x86_64-linux-gnu/libm-2.19.so
7f48cb5f6000-7f48cb7f5000 ---p 00105000 fd:01 393254                     /lib/x86_64-linux-gnu/libm-2.19.so
7f48cb7f5000-7f48cb7f6000 r--p 00104000 fd:01 393254                     /lib/x86_64-linux-gnu/libm-2.19.so
7f48cb7f6000-7f48cb7f7000 rw-p 00105000 fd:01 393254                     /lib/x86_64-linux-gnu/libm-2.19.so
7f48cb7f7000-7f48cc4b7000 r-xp 00000000 fd:01 1587379                    /usr/lib/jvm/java-8-oracle/jre/lib/amd64/server/libjvm.so
7f48cc4b7000-7f48cc6b7000 ---p 00cc0000 fd:01 1587379                    /usr/lib/jvm/java-8-oracle/jre/lib/amd64/server/libjvm.so
7f48cc6b7000-7f48cc78f000 rw-p 00cc0000 fd:01 1587379                    /usr/lib/jvm/java-8-oracle/jre/lib/amd64/server/libjvm.so
7f48cc78f000-7f48cc7da000 rw-p 00000000 00:00 0 
7f48cc7da000-7f48cc995000 r-xp 00000000 fd:01 393407                     /lib/x86_64-linux-gnu/libc-2.19.so
7f48cc995000-7f48ccb94000 ---p 001bb000 fd:01 393407                     /lib/x86_64-linux-gnu/libc-2.19.so
7f48ccb94000-7f48ccb98000 r--p 001ba000 fd:01 393407                     /lib/x86_64-linux-gnu/libc-2.19.so
7f48ccb98000-7f48ccb9a000 rw-p 001be000 fd:01 393407                     /lib/x86_64-linux-gnu/libc-2.19.so
7f48ccb9a000-7f48ccb9f000 rw-p 00000000 00:00 0 
7f48ccb9f000-7f48ccba2000 r-xp 00000000 fd:01 393322                     /lib/x86_64-linux-gnu/libdl-2.19.so
7f48ccba2000-7f48ccda1000 ---p 00003000 fd:01 393322                     /lib/x86_64-linux-gnu/libdl-2.19.so
7f48ccda1000-7f48ccda2000 r--p 00002000 fd:01 393322                     /lib/x86_64-linux-gnu/libdl-2.19.so
7f48ccda2000-7f48ccda3000 rw-p 00003000 fd:01 393322                     /lib/x86_64-linux-gnu/libdl-2.19.so
7f48ccda3000-7f48ccdb8000 r-xp 00000000 fd:01 1710072                    /usr/lib/jvm/java-8-oracle/jre/lib/amd64/jli/libjli.so
7f48ccdb8000-7f48ccfb8000 ---p 00015000 fd:01 1710072                    /usr/lib/jvm/java-8-oracle/jre/lib/amd64/jli/libjli.so
7f48ccfb8000-7f48ccfb9000 rw-p 00015000 fd:01 1710072                    /usr/lib/jvm/java-8-oracle/jre/lib/amd64/jli/libjli.so
7f48ccfb9000-7f48ccfd2000 r-xp 00000000 fd:01 393353                     /lib/x86_64-linux-gnu/libpthread-2.19.so
7f48ccfd2000-7f48cd1d1000 ---p 00019000 fd:01 393353                     /lib/x86_64-linux-gnu/libpthread-2.19.so
7f48cd1d1000-7f48cd1d2000 r--p 00018000 fd:01 393353                     /lib/x86_64-linux-gnu/libpthread-2.19.so
7f48cd1d2000-7f48cd1d3000 rw-p 00019000 fd:01 393353                     /lib/x86_64-linux-gnu/libpthread-2.19.so
7f48cd1d3000-7f48cd1d7000 rw-p 00000000 00:00 0 
7f48cd1d7000-7f48cd1fa000 r-xp 00000000 fd:01 393355                     /lib/x86_64-linux-gnu/ld-2.19.so
7f48cd1fa000-7f48cd1fd000 r--s 00010000 fd:01 1196463                    /root/.m2/repository/org/hibernate/common/hibernate-commons-annotations/5.0.1.Final/hibernate-commons-annotations-5.0.1.Final.jar
7f48cd1fd000-7f48cd1fe000 r--s 00000000 fd:01 1196560                    /root/.m2/repository/org/springframework/boot/spring-boot-starter-tomcat/1.4.2.RELEASE/spring-boot-starter-tomcat-1.4.2.RELEASE.jar
7f48cd1fe000-7f48cd200000 r--s 00000000 fd:01 1196416                    /root/.m2/repository/org/slf4j/jul-to-slf4j/1.7.21/jul-to-slf4j-1.7.21.jar
7f48cd200000-7f48cd20a000 r--s 000ae000 fd:01 1196450                    /root/.m2/repository/org/javassist/javassist/3.20.0-GA/javassist-3.20.0-GA.jar
7f48cd20a000-7f48cd214000 r--s 0004e000 fd:01 1196521                    /root/.m2/repository/org/springframework/security/spring-security-web/4.1.3.RELEASE/spring-security-web-4.1.3.RELEASE.jar
7f48cd214000-7f48cd221000 rw-p 00000000 00:00 0 
7f48cd221000-7f48cd268000 ---p 00000000 00:00 0 
7f48cd268000-7f48cd26f000 rw-p 00000000 00:00 0 
7f48cd26f000-7f48cd291000 ---p 00000000 00:00 0 
7f48cd291000-7f48cd29e000 rw-p 00000000 00:00 0 
7f48cd29e000-7f48cd2e5000 ---p 00000000 00:00 0 
7f48cd2e5000-7f48cd2e6000 rw-p 00000000 00:00 0 
7f48cd2e6000-7f48cd2e9000 ---p 00000000 00:00 0 
7f48cd2e9000-7f48cd3eb000 rw-p 00000000 00:00 0                          [stack:12583]
7f48cd3eb000-7f48cd3ed000 r--s 00002000 fd:01 1196468                    /root/.m2/repository/org/atteo/evo-inflector/1.2.1/evo-inflector-1.2.1.jar
7f48cd3ed000-7f48cd3f5000 rw-s 00000000 fd:01 268525                     /tmp/hsperfdata_root/12581
7f48cd3f5000-7f48cd3f6000 rw-p 00000000 00:00 0 
7f48cd3f6000-7f48cd3f7000 r--p 00000000 00:00 0 
7f48cd3f7000-7f48cd3f9000 rw-p 00000000 00:00 0 
7f48cd3f9000-7f48cd3fa000 r--p 00022000 fd:01 393355                     /lib/x86_64-linux-gnu/ld-2.19.so
7f48cd3fa000-7f48cd3fb000 rw-p 00023000 fd:01 393355                     /lib/x86_64-linux-gnu/ld-2.19.so
7f48cd3fb000-7f48cd3fc000 rw-p 00000000 00:00 0 
7ffe282c6000-7ffe282e9000 rw-p 00000000 00:00 0                          [stack]
7ffe28321000-7ffe28323000 r-xp 00000000 00:00 0                          [vdso]
ffffffffff600000-ffffffffff601000 r-xp 00000000 00:00 0                  [vsyscall]

VM Arguments:
java_command: com.myapos.clientmanager.ReactAndSpringDataRestApplication
java_class_path (initial): /var/www/html/security/target/classes:/root/.m2/repository/org/atteo/evo-inflector/1.2.1/evo-inflector-1.2.1.jar:/root/.m2/repository/org/springframework/security/spring-security-web/4.1.3.RELEASE/spring-security-web-4.1.3.RELEASE.jar:/root/.m2/repository/org/javassist/javassist/3.20.0-GA/javassist-3.20.0-GA.jar:/root/.m2/repository/org/slf4j/jul-to-slf4j/1.7.21/jul-to-slf4j-1.7.21.jar:/root/.m2/repository/org/codehaus/groovy/groovy/2.4.7/groovy-2.4.7.jar:/root/.m2/repository/org/springframework/boot/spring-boot-starter-tomcat/1.4.2.RELEASE/spring-boot-starter-tomcat-1.4.2.RELEASE.jar:/root/.m2/repository/com/sun/mail/javax.mail/1.5.6/javax.mail-1.5.6.jar:/root/.m2/repository/org/hibernate/hibernate-validator/5.2.4.Final/hibernate-validator-5.2.4.Final.jar:/root/.m2/repository/org/hibernate/common/hibernate-commons-annotations/5.0.1.Final/hibernate-commons-annotations-5.0.1.Final.jar:/root/.m2/repository/org/springframework/boot/spring-boot-starter-data-jpa/1.4.2.RELEASE/spring-boot-starter-data-jpa-1.4.2.RELEASE.jar:/root/.m2/repository/org/springframework/spring-websocket/4.3.4.RELEASE/spring-websocket-4.3.4.RELEASE.jar:/root/.m2/repository/antlr/antlr/2.7.7/antlr-2.7.7.jar:/root/.m2/repository/org/postgresql/postgresql/9.4.1212.jre7/postgresql-9.4.1212.jre7.jar:/root/.m2/repository/xml-apis/xml-apis/1.4.01/xml-apis-1.4.01.jar:/root/.m2/repository/nz/net/ultraq/thymeleaf/thymeleaf-layout-dialect/1.4.0/thymeleaf-layout-dialect-1.4.0.jar:/root/.m2/repository/org/springframework/data/spring-data-jpa/1.10.5.RELEASE/spring-data-jpa-1.10.5.RELEASE.jar:/root/.m2/repository/org/yaml/snakeyaml/1.17/snakeyaml-1.17.jar:/root/.m2/repository/org/apache/tomcat/embed/tomcat-embed-core/8.5.6/tomcat-embed-core-8.5.6.jar:/root/.m2/repository/org/springframework/spring-beans/4.3.4.RELEASE/spring-beans-4.3.4.RELEASE.jar:/root/.m2/repository/org/springframework/spring-webmvc/4.3.4.RELEASE/spring-webmvc-4.3.4.RELEASE.jar:/root/.m2/repository/org/springframe
Launcher Type: SUN_STANDARD

Environment Variables:
JAVA_HOME=/usr/lib/jvm/java-8-oracle
PATH=/usr/local/sbin:/usr/local/bin:/usr/sbin:/usr/bin:/sbin:/bin:/usr/games:/usr/local/games:/var/www/html/activator-1.3.10-minimal/bin
SHELL=/bin/bash

Signal Handlers:
SIGSEGV: [libjvm.so+0xabca10], sa_mask[0]=11111111011111111101111111111110, sa_flags=SA_RESTART|SA_SIGINFO
SIGBUS: [libjvm.so+0xabca10], sa_mask[0]=11111111011111111101111111111110, sa_flags=SA_RESTART|SA_SIGINFO
SIGFPE: [libjvm.so+0x919a20], sa_mask[0]=11111111011111111101111111111110, sa_flags=SA_RESTART|SA_SIGINFO
SIGPIPE: [libjvm.so+0x919a20], sa_mask[0]=11111111011111111101111111111110, sa_flags=SA_RESTART|SA_SIGINFO
SIGXFSZ: [libjvm.so+0x919a20], sa_mask[0]=11111111011111111101111111111110, sa_flags=SA_RESTART|SA_SIGINFO
SIGILL: [libjvm.so+0x919a20], sa_mask[0]=11111111011111111101111111111110, sa_flags=SA_RESTART|SA_SIGINFO
SIGUSR1: SIG_DFL, sa_mask[0]=00000000000000000000000000000000, sa_flags=none
SIGUSR2: [libjvm.so+0x91b050], sa_mask[0]=00100000000000000000000000000000, sa_flags=SA_RESTART|SA_SIGINFO
SIGHUP: [libjvm.so+0x91c450], sa_mask[0]=11111111011111111101111111111110, sa_flags=SA_RESTART|SA_SIGINFO
SIGINT: [libjvm.so+0x91c450], sa_mask[0]=11111111011111111101111111111110, sa_flags=SA_RESTART|SA_SIGINFO
SIGTERM: [libjvm.so+0x91c450], sa_mask[0]=11111111011111111101111111111110, sa_flags=SA_RESTART|SA_SIGINFO
SIGQUIT: [libjvm.so+0x91c450], sa_mask[0]=11111111011111111101111111111110, sa_flags=SA_RESTART|SA_SIGINFO


---------------  S Y S T E M  ---------------

OS:DISTRIB_ID=Ubuntu
DISTRIB_RELEASE=14.04
DISTRIB_CODENAME=trusty
DISTRIB_DESCRIPTION="Ubuntu 14.04.4 LTS"

uname:Linux 3.13.0-79-generic #123-Ubuntu SMP Fri Feb 19 14:27:58 UTC 2016 x86_64
libc:glibc 2.19 NPTL 2.19 
rlimit: STACK 8192k, CORE 0k, NPROC 7782, NOFILE 4096, AS infinity
load average:1,41 0,76 0,48

/proc/meminfo:
MemTotal:        1017856 kB
MemFree:           50808 kB
Buffers:              80 kB
Cached:            37796 kB
SwapCached:            0 kB
Active:           876300 kB
Inactive:          23116 kB
Active(anon):     875896 kB
Inactive(anon):    21948 kB
Active(file):        404 kB
Inactive(file):     1168 kB
Unevictable:           0 kB
Mlocked:               0 kB
SwapTotal:             0 kB
SwapFree:              0 kB
Dirty:                52 kB
Writeback:             0 kB
AnonPages:        861564 kB
Mapped:            29808 kB
Shmem:             36280 kB
Slab:              32964 kB
SReclaimable:      17364 kB
SUnreclaim:        15600 kB
KernelStack:        1496 kB
PageTables:        14548 kB
NFS_Unstable:          0 kB
Bounce:                0 kB
WritebackTmp:          0 kB
CommitLimit:      508928 kB
Committed_AS:    1694464 kB
VmallocTotal:   34359738367 kB
VmallocUsed:       92284 kB
VmallocChunk:   34359611976 kB
HardwareCorrupted:     0 kB
AnonHugePages:    243712 kB
HugePages_Total:       0
HugePages_Free:        0
HugePages_Rsvd:        0
HugePages_Surp:        0
Hugepagesize:       2048 kB
DirectMap4k:       34808 kB
DirectMap2M:     1013760 kB
DirectMap1G:           0 kB


CPU:total 1 (1 cores per cpu, 1 threads per core) family 6 model 63 stepping 2, cmov, cx8, fxsr, mmx, sse, sse2, sse3, ssse3, sse4.1, sse4.2, popcnt, avx, avx2, aes, clmul, erms, lzcnt, tsc, bmi1, bmi2

/proc/cpuinfo:
processor	: 0
vendor_id	: GenuineIntel
cpu family	: 6
model		: 63
model name	: Intel(R) Xeon(R) CPU E5-2650L v3 @ 1.80GHz
stepping	: 2
microcode	: 0x1
cpu MHz		: 1797.917
cache size	: 30720 KB
physical id	: 0
siblings	: 1
core id		: 0
cpu cores	: 1
apicid		: 0
initial apicid	: 0
fpu		: yes
fpu_exception	: yes
cpuid level	: 13
wp		: yes
flags		: fpu vme de pse tsc msr pae mce cx8 apic sep mtrr pge mca cmov pat pse36 clflush mmx fxsr sse sse2 ss syscall nx pdpe1gb rdtscp lm constant_tsc arch_perfmon rep_good nopl eagerfpu pni pclmulqdq vmx ssse3 fma cx16 pcid sse4_1 sse4_2 x2apic movbe popcnt tsc_deadline_timer aes xsave avx f16c rdrand hypervisor lahf_lm abm arat xsaveopt vnmi ept fsgsbase tsc_adjust bmi1 avx2 smep bmi2 erms invpcid
bogomips	: 3595.83
clflush size	: 64
cache_alignment	: 64
address sizes	: 40 bits physical, 48 bits virtual
power management:



Memory: 4k page, physical 1017856k(50808k free), swap 0k(0k free)

vm_info: Java HotSpot(TM) 64-Bit Server VM (25.91-b14) for linux-amd64 JRE (1.8.0_91-b14), built on Apr  1 2016 00:57:21 by "java_re" with gcc 4.3.0 20080428 (Red Hat 4.3.0-8)

time: Wed Mar 29 15:50:46 2017
elapsed time: 20 seconds (0d 0h 0m 20s)

