#
# There is insufficient memory for the Java Runtime Environment to continue.
# Native memory allocation (mmap) failed to map 196608 bytes for committing reserved memory.
# Possible reasons:
#   The system is out of physical RAM or swap space
#   In 32 bit mode, the process size limit was hit
# Possible solutions:
#   Reduce memory load on the system
#   Increase physical memory or swap space
#   Check if swap backing store is full
#   Use 64 bit Java on a 64 bit OS
#   Decrease Java heap size (-Xmx/-Xms)
#   Decrease number of Java threads
#   Decrease Java thread stack sizes (-Xss)
#   Set larger code cache with -XX:ReservedCodeCacheSize=
# This output file may be truncated or incomplete.
#
#  Out of Memory Error (os_linux.cpp:2627), pid=12702, tid=140548054062848
#
# JRE version: Java(TM) SE Runtime Environment (8.0_91-b14) (build 1.8.0_91-b14)
# Java VM: Java HotSpot(TM) 64-Bit Server VM (25.91-b14 mixed mode linux-amd64 compressed oops)
# Failed to write core dump. Core dumps have been disabled. To enable core dumping, try "ulimit -c unlimited" before starting Java again
#

---------------  T H R E A D  ---------------

Current thread (0x00007fd3f4072000):  VMThread [stack: 0x00007fd3e4c61000,0x00007fd3e4d62000] [id=12705]

Stack: [0x00007fd3e4c61000,0x00007fd3e4d62000],  sp=0x00007fd3e4d5fb80,  free space=1018k
Native frames: (J=compiled Java code, j=interpreted, Vv=VM code, C=native code)
V  [libjvm.so+0xabc18a]  VMError::report_and_die()+0x2ba
V  [libjvm.so+0x4fafeb]  report_vm_out_of_memory(char const*, int, unsigned long, VMErrorType, char const*)+0x8b
V  [libjvm.so+0x91cbb3]  os::Linux::commit_memory_impl(char*, unsigned long, bool)+0x103
V  [libjvm.so+0x91d109]  os::pd_commit_memory(char*, unsigned long, unsigned long, bool)+0x29
V  [libjvm.so+0x91740a]  os::commit_memory(char*, unsigned long, unsigned long, bool)+0x2a
V  [libjvm.so+0xab7ee9]  VirtualSpace::expand_by(unsigned long, bool)+0x199
V  [libjvm.so+0x5f76a5]  OneContigSpaceCardGeneration::grow_by(unsigned long)+0x25
V  [libjvm.so+0x5f7aaf]  CardGeneration::expand(unsigned long, unsigned long)+0xaf
V  [libjvm.so+0x5f7b1e]  OneContigSpaceCardGeneration::expand(unsigned long, unsigned long)+0x3e
V  [libjvm.so+0x5f77f8]  OneContigSpaceCardGeneration::expand_and_allocate(unsigned long, bool, bool)+0xc8
V  [libjvm.so+0x5e68dd]  GenCollectedHeap::handle_failed_promotion(Generation*, oopDesc*, unsigned long)+0x5d
V  [libjvm.so+0x5010b9]  DefNewGeneration::copy_to_survivor_space(oopDesc*)+0x99
V  [libjvm.so+0x64d1b2]  InstanceKlass::oop_oop_iterate_nv(oopDesc*, FastScanClosure*)+0x122
V  [libjvm.so+0x9de302]  ContiguousSpace::oop_since_save_marks_iterate_nv(FastScanClosure*)+0x72
V  [libjvm.so+0x5f74a9]  OneContigSpaceCardGeneration::oop_since_save_marks_iterate_nv(FastScanClosure*)+0x39
V  [libjvm.so+0x5e5d6a]  GenCollectedHeap::oop_since_save_marks_iterate(int, FastScanClosure*, FastScanClosure*)+0x5a
V  [libjvm.so+0x502090]  DefNewGeneration::collect(bool, bool, unsigned long, bool)+0x4f0
V  [libjvm.so+0x5e8a9a]  GenCollectedHeap::do_collection(bool, bool, unsigned long, bool, int)+0x54a
V  [libjvm.so+0x486634]  GenCollectorPolicy::satisfy_failed_allocation(unsigned long, bool)+0x134
V  [libjvm.so+0xabd194]  VM_GenCollectForAllocation::doit()+0x94
V  [libjvm.so+0xac55d5]  VM_Operation::evaluate()+0x55
V  [libjvm.so+0xac39aa]  VMThread::evaluate_operation(VM_Operation*)+0xba
V  [libjvm.so+0xac3d2e]  VMThread::loop()+0x1ce
V  [libjvm.so+0xac41a0]  VMThread::run()+0x70
V  [libjvm.so+0x91ef78]  java_start(Thread*)+0x108

VM_Operation (0x00007fd3c7e64e10): GenCollectForAllocation, mode: safepoint, requested by thread 0x00007fd3cc002000


---------------  P R O C E S S  ---------------

Java Threads: ( => current thread )
  0x00007fd3cc002000 JavaThread "restartedMain" [_thread_blocked, id=12716, stack(0x00007fd3c7d67000,0x00007fd3c7e68000)]
  0x00007fd3f4626800 JavaThread "Thread-0" [_thread_blocked, id=12715, stack(0x00007fd3c7e68000,0x00007fd3c7f69000)]
  0x00007fd3f40b9800 JavaThread "Service Thread" daemon [_thread_blocked, id=12711, stack(0x00007fd3e4354000,0x00007fd3e4455000)]
  0x00007fd3f40b6000 JavaThread "C1 CompilerThread1" daemon [_thread_blocked, id=12710, stack(0x00007fd3e4455000,0x00007fd3e4556000)]
  0x00007fd3f40b4000 JavaThread "C2 CompilerThread0" daemon [_thread_in_native, id=12709, stack(0x00007fd3e4556000,0x00007fd3e4657000)]
  0x00007fd3f40b2800 JavaThread "Signal Dispatcher" daemon [_thread_blocked, id=12708, stack(0x00007fd3e4657000,0x00007fd3e4758000)]
  0x00007fd3f407e800 JavaThread "Finalizer" daemon [_thread_blocked, id=12707, stack(0x00007fd3e4a5f000,0x00007fd3e4b60000)]
  0x00007fd3f4079800 JavaThread "Reference Handler" daemon [_thread_blocked, id=12706, stack(0x00007fd3e4b60000,0x00007fd3e4c61000)]
  0x00007fd3f400d800 JavaThread "main" [_thread_blocked, id=12704, stack(0x00007fd3fbada000,0x00007fd3fbbdb000)]

Other Threads:
=>0x00007fd3f4072000 VMThread [stack: 0x00007fd3e4c61000,0x00007fd3e4d62000] [id=12705]
  0x00007fd3f40bc800 WatcherThread [stack: 0x00007fd3e4253000,0x00007fd3e4354000] [id=12712]

VM state:at safepoint (normal execution)

VM Mutex/Monitor currently owned by a thread:  ([mutex/lock_event])
[0x00007fd3f4009db0] Threads_lock - owner thread: 0x00007fd3f4072000
[0x00007fd3f400a2b0] Heap_lock - owner thread: 0x00007fd3cc002000

Heap:
 def new generation   total 8064K, used 8063K [0x00000000f0600000, 0x00000000f0ec0000, 0x00000000f5950000)
  eden space 7168K, 100% used [0x00000000f0600000, 0x00000000f0d00000, 0x00000000f0d00000)
  from space 896K,  99% used [0x00000000f0de0000, 0x00000000f0ebfff8, 0x00000000f0ec0000)
  to   space 896K,  38% used [0x00000000f0d00000, 0x00000000f0d57018, 0x00000000f0de0000)
 tenured generation   total 17772K, used 17771K [0x00000000f5950000, 0x00000000f6aab000, 0x0000000100000000)
   the space 17772K,  99% used [0x00000000f5950000, 0x00000000f6aaafe8, 0x00000000f6aab000, 0x00000000f6aab000)
 Metaspace       used 22559K, capacity 22950K, committed 23168K, reserved 1069056K
  class space    used 2741K, capacity 2862K, committed 2944K, reserved 1048576K

Card table byte_map: [0x00007fd3fba5c000,0x00007fd3fbada000] byte_map_base: 0x00007fd3fb2d9000

Polling page: 0x00007fd3fbbea000

CodeCache: size=245760Kb used=6790Kb max_used=6790Kb free=238969Kb
 bounds [0x00007fd3e5000000, 0x00007fd3e56b0000, 0x00007fd3f4000000]
 total_blobs=2358 nmethods=1996 adapters=276
 compilation: enabled

Compilation events (10 events):
Event: 22,495 Thread 0x00007fd3f40b6000 2262 %     3       org.springframework.asm.Type::getArgumentTypes @ 34 (131 bytes)
Event: 22,563 Thread 0x00007fd3f40b6000 nmethod 2262% 0x00007fd3e56a82d0 code [0x00007fd3e56a84c0, 0x00007fd3e56a8e10]
Event: 22,584 Thread 0x00007fd3f40b6000 2263       2       org.springframework.asm.MethodVisitor::visitParameterAnnotation (20 bytes)
Event: 22,600 Thread 0x00007fd3f40b6000 nmethod 2263 0x00007fd3e539f850 code [0x00007fd3e539f9c0, 0x00007fd3e539fb40]
Event: 22,648 Thread 0x00007fd3f40b6000 2264       2       java.lang.reflect.Field::get (51 bytes)
Event: 22,659 Thread 0x00007fd3f40b6000 nmethod 2264 0x00007fd3e56a9290 code [0x00007fd3e56a9420, 0x00007fd3e56a9678]
Event: 22,659 Thread 0x00007fd3f40b6000 2265       2       java.lang.reflect.Field::getFieldAccessor (35 bytes)
Event: 22,660 Thread 0x00007fd3f40b6000 nmethod 2265 0x00007fd3e539f450 code [0x00007fd3e539f5c0, 0x00007fd3e539f740]
Event: 22,660 Thread 0x00007fd3f40b6000 2266       2       sun.reflect.UnsafeQualifiedStaticObjectFieldAccessorImpl::get (15 bytes)
Event: 22,660 Thread 0x00007fd3f40b6000 nmethod 2266 0x00007fd3e51d9010 code [0x00007fd3e51d9160, 0x00007fd3e51d92b0]

GC Heap History (10 events):
Event: 20,172 GC heap after
Heap after GC invocations=50 (full 1):
 def new generation   total 8064K, used 664K [0x00000000f0600000, 0x00000000f0ec0000, 0x00000000f5950000)
  eden space 7168K,   0% used [0x00000000f0600000, 0x00000000f0600000, 0x00000000f0d00000)
  from space 896K,  74% used [0x00000000f0de0000, 0x00000000f0e862e0, 0x00000000f0ec0000)
  to   space 896K,   0% used [0x00000000f0d00000, 0x00000000f0d00000, 0x00000000f0de0000)
 tenured generation   total 17772K, used 15735K [0x00000000f5950000, 0x00000000f6aab000, 0x0000000100000000)
   the space 17772K,  88% used [0x00000000f5950000, 0x00000000f68adf38, 0x00000000f68ae000, 0x00000000f6aab000)
 Metaspace       used 22490K, capacity 22790K, committed 23168K, reserved 1069056K
  class space    used 2721K, capacity 2830K, committed 2944K, reserved 1048576K
}
Event: 21,289 GC heap before
{Heap before GC invocations=50 (full 1):
 def new generation   total 8064K, used 7832K [0x00000000f0600000, 0x00000000f0ec0000, 0x00000000f5950000)
  eden space 7168K, 100% used [0x00000000f0600000, 0x00000000f0d00000, 0x00000000f0d00000)
  from space 896K,  74% used [0x00000000f0de0000, 0x00000000f0e862e0, 0x00000000f0ec0000)
  to   space 896K,   0% used [0x00000000f0d00000, 0x00000000f0d00000, 0x00000000f0de0000)
 tenured generation   total 17772K, used 15735K [0x00000000f5950000, 0x00000000f6aab000, 0x0000000100000000)
   the space 17772K,  88% used [0x00000000f5950000, 0x00000000f68adf38, 0x00000000f68ae000, 0x00000000f6aab000)
 Metaspace       used 22527K, capacity 22886K, committed 23168K, reserved 1069056K
  class space    used 2731K, capacity 2862K, committed 2944K, reserved 1048576K
Event: 21,325 GC heap after
Heap after GC invocations=51 (full 1):
 def new generation   total 8064K, used 896K [0x00000000f0600000, 0x00000000f0ec0000, 0x00000000f5950000)
  eden space 7168K,   0% used [0x00000000f0600000, 0x00000000f0600000, 0x00000000f0d00000)
  from space 896K, 100% used [0x00000000f0d00000, 0x00000000f0de0000, 0x00000000f0de0000)
  to   space 896K,   0% used [0x00000000f0de0000, 0x00000000f0de0000, 0x00000000f0ec0000)
 tenured generation   total 17772K, used 16557K [0x00000000f5950000, 0x00000000f6aab000, 0x0000000100000000)
   the space 17772K,  93% used [0x00000000f5950000, 0x00000000f697b490, 0x00000000f697b600, 0x00000000f6aab000)
 Metaspace       used 22527K, capacity 22886K, committed 23168K, reserved 1069056K
  class space    used 2731K, capacity 2862K, committed 2944K, reserved 1048576K
}
Event: 21,708 GC heap before
{Heap before GC invocations=51 (full 1):
 def new generation   total 8064K, used 8064K [0x00000000f0600000, 0x00000000f0ec0000, 0x00000000f5950000)
  eden space 7168K, 100% used [0x00000000f0600000, 0x00000000f0d00000, 0x00000000f0d00000)
  from space 896K, 100% used [0x00000000f0d00000, 0x00000000f0de0000, 0x00000000f0de0000)
  to   space 896K,   0% used [0x00000000f0de0000, 0x00000000f0de0000, 0x00000000f0ec0000)
 tenured generation   total 17772K, used 16557K [0x00000000f5950000, 0x00000000f6aab000, 0x0000000100000000)
   the space 17772K,  93% used [0x00000000f5950000, 0x00000000f697b490, 0x00000000f697b600, 0x00000000f6aab000)
 Metaspace       used 22552K, capacity 22886K, committed 23168K, reserved 1069056K
  class space    used 2740K, capacity 2862K, committed 2944K, reserved 1048576K
Event: 21,747 GC heap after
Heap after GC invocations=52 (full 1):
 def new generation   total 8064K, used 895K [0x00000000f0600000, 0x00000000f0ec0000, 0x00000000f5950000)
  eden space 7168K,   0% used [0x00000000f0600000, 0x00000000f0600000, 0x00000000f0d00000)
  from space 896K,  99% used [0x00000000f0de0000, 0x00000000f0ebfff8, 0x00000000f0ec0000)
  to   space 896K,   0% used [0x00000000f0d00000, 0x00000000f0d00000, 0x00000000f0de0000)
 tenured generation   total 17772K, used 16895K [0x00000000f5950000, 0x00000000f6aab000, 0x0000000100000000)
   the space 17772K,  95% used [0x00000000f5950000, 0x00000000f69cffe0, 0x00000000f69d0000, 0x00000000f6aab000)
 Metaspace       used 22552K, capacity 22886K, committed 23168K, reserved 1069056K
  class space    used 2740K, capacity 2862K, committed 2944K, reserved 1048576K
}
Event: 22,036 GC heap before
{Heap before GC invocations=52 (full 1):
 def new generation   total 8064K, used 8063K [0x00000000f0600000, 0x00000000f0ec0000, 0x00000000f5950000)
  eden space 7168K, 100% used [0x00000000f0600000, 0x00000000f0d00000, 0x00000000f0d00000)
  from space 896K,  99% used [0x00000000f0de0000, 0x00000000f0ebfff8, 0x00000000f0ec0000)
  to   space 896K,   0% used [0x00000000f0d00000, 0x00000000f0d00000, 0x00000000f0de0000)
 tenured generation   total 17772K, used 16895K [0x00000000f5950000, 0x00000000f6aab000, 0x0000000100000000)
   the space 17772K,  95% used [0x00000000f5950000, 0x00000000f69cffe0, 0x00000000f69d0000, 0x00000000f6aab000)
 Metaspace       used 22555K, capacity 22886K, committed 23168K, reserved 1069056K
  class space    used 2741K, capacity 2862K, committed 2944K, reserved 1048576K
Event: 22,057 GC heap after
Heap after GC invocations=53 (full 1):
 def new generation   total 8064K, used 896K [0x00000000f0600000, 0x00000000f0ec0000, 0x00000000f5950000)
  eden space 7168K,   0% used [0x00000000f0600000, 0x00000000f0600000, 0x00000000f0d00000)
  from space 896K, 100% used [0x00000000f0d00000, 0x00000000f0de0000, 0x00000000f0de0000)
  to   space 896K,   0% used [0x00000000f0de0000, 0x00000000f0de0000, 0x00000000f0ec0000)
 tenured generation   total 17772K, used 17260K [0x00000000f5950000, 0x00000000f6aab000, 0x0000000100000000)
   the space 17772K,  97% used [0x00000000f5950000, 0x00000000f6a2b1f0, 0x00000000f6a2b200, 0x00000000f6aab000)
 Metaspace       used 22555K, capacity 22886K, committed 23168K, reserved 1069056K
  class space    used 2741K, capacity 2862K, committed 2944K, reserved 1048576K
}
Event: 22,443 GC heap before
{Heap before GC invocations=53 (full 1):
 def new generation   total 8064K, used 8064K [0x00000000f0600000, 0x00000000f0ec0000, 0x00000000f5950000)
  eden space 7168K, 100% used [0x00000000f0600000, 0x00000000f0d00000, 0x00000000f0d00000)
  from space 896K, 100% used [0x00000000f0d00000, 0x00000000f0de0000, 0x00000000f0de0000)
  to   space 896K,   0% used [0x00000000f0de0000, 0x00000000f0de0000, 0x00000000f0ec0000)
 tenured generation   total 17772K, used 17260K [0x00000000f5950000, 0x00000000f6aab000, 0x0000000100000000)
   the space 17772K,  97% used [0x00000000f5950000, 0x00000000f6a2b1f0, 0x00000000f6a2b200, 0x00000000f6aab000)
 Metaspace       used 22556K, capacity 22886K, committed 23168K, reserved 1069056K
  class space    used 2741K, capacity 2862K, committed 2944K, reserved 1048576K
Event: 22,475 GC heap after
Heap after GC invocations=54 (full 1):
 def new generation   total 8064K, used 895K [0x00000000f0600000, 0x00000000f0ec0000, 0x00000000f5950000)
  eden space 7168K,   0% used [0x00000000f0600000, 0x00000000f0600000, 0x00000000f0d00000)
  from space 896K,  99% used [0x00000000f0de0000, 0x00000000f0ebfff8, 0x00000000f0ec0000)
  to   space 896K,   0% used [0x00000000f0d00000, 0x00000000f0d00000, 0x00000000f0de0000)
 tenured generation   total 17772K, used 17705K [0x00000000f5950000, 0x00000000f6aab000, 0x0000000100000000)
   the space 17772K,  99% used [0x00000000f5950000, 0x00000000f6a9a788, 0x00000000f6a9a800, 0x00000000f6aab000)
 Metaspace       used 22556K, capacity 22886K, committed 23168K, reserved 1069056K
  class space    used 2741K, capacity 2862K, committed 2944K, reserved 1048576K
}
Event: 22,811 GC heap before
{Heap before GC invocations=54 (full 1):
 def new generation   total 8064K, used 8063K [0x00000000f0600000, 0x00000000f0ec0000, 0x00000000f5950000)
  eden space 7168K, 100% used [0x00000000f0600000, 0x00000000f0d00000, 0x00000000f0d00000)
  from space 896K,  99% used [0x00000000f0de0000, 0x00000000f0ebfff8, 0x00000000f0ec0000)
  to   space 896K,   0% used [0x00000000f0d00000, 0x00000000f0d00000, 0x00000000f0de0000)
 tenured generation   total 17772K, used 17705K [0x00000000f5950000, 0x00000000f6aab000, 0x0000000100000000)
   the space 17772K,  99% used [0x00000000f5950000, 0x00000000f6a9a788, 0x00000000f6a9a800, 0x00000000f6aab000)
 Metaspace       used 22559K, capacity 22950K, committed 23168K, reserved 1069056K
  class space    used 2741K, capacity 2862K, committed 2944K, reserved 1048576K

Deoptimization events (10 events):
Event: 7,730 Thread 0x00007fd3c84d3800 Uncommon trap: reason=class_check action=maybe_recompile pc=0x00007fd3e52ec6bc method=java.util.regex.Matcher.search(I)Z @ 86
Event: 7,859 Thread 0x00007fd3c84d3800 Uncommon trap: reason=unstable_if action=reinterpret pc=0x00007fd3e535b05c method=sun.misc.URLClassPath$JarLoader.getResource(Ljava/lang/String;Z)Lsun/misc/Resource; @ 15
Event: 8,628 Thread 0x00007fd3c84d3800 Uncommon trap: reason=class_check action=maybe_recompile pc=0x00007fd3e539e7c0 method=java.util.concurrent.ConcurrentHashMap.putVal(Ljava/lang/Object;Ljava/lang/Object;Z)Ljava/lang/Object; @ 192
Event: 18,889 Thread 0x00007fd3cc002000 Uncommon trap: reason=class_check action=maybe_recompile pc=0x00007fd3e5695450 method=org.springframework.asm.ClassReader.readCode(Lorg/springframework/asm/MethodVisitor;Lorg/springframework/asm/Context;I)V @ 2143
Event: 18,914 Thread 0x00007fd3cc002000 Uncommon trap: reason=class_check action=maybe_recompile pc=0x00007fd3e5695450 method=org.springframework.asm.ClassReader.readCode(Lorg/springframework/asm/MethodVisitor;Lorg/springframework/asm/Context;I)V @ 2143
Event: 18,926 Thread 0x00007fd3cc002000 Uncommon trap: reason=class_check action=maybe_recompile pc=0x00007fd3e5695450 method=org.springframework.asm.ClassReader.readCode(Lorg/springframework/asm/MethodVisitor;Lorg/springframework/asm/Context;I)V @ 2143
Event: 20,547 Thread 0x00007fd3cc002000 Uncommon trap: reason=class_check action=maybe_recompile pc=0x00007fd3e5695450 method=org.springframework.asm.ClassReader.readCode(Lorg/springframework/asm/MethodVisitor;Lorg/springframework/asm/Context;I)V @ 2143
Event: 20,710 Thread 0x00007fd3cc002000 Uncommon trap: reason=unstable_if action=reinterpret pc=0x00007fd3e51dce14 method=org.springframework.asm.ClassReader.readUTF(II[C)Ljava/lang/String; @ 77
Event: 21,494 Thread 0x00007fd3cc002000 Uncommon trap: reason=unstable_if action=reinterpret pc=0x00007fd3e51d71e0 method=java.util.LinkedHashMap.afterNodeInsertion(Z)V @ 18
Event: 21,873 Thread 0x00007fd3cc002000 Uncommon trap: reason=unstable_if action=reinterpret pc=0x00007fd3e556d1a4 method=org.springframework.asm.ClassReader.readUTF(II[C)Ljava/lang/String; @ 77

Internal exceptions (10 events):
Event: 8,128 Thread 0x00007fd3cc002000 Exception <a 'java/lang/ClassNotFoundException': org/springframework/context/ResourceLoaderAwareCustomizer> (0x00000000f06c6578) thrown at [/HUDSON/workspace/8-2-build-linux-amd64/jdk8u91/6644/hotspot/src/share/vm/classfile/systemDictionary.cpp, line 210]
Event: 8,128 Thread 0x00007fd3cc002000 Exception <a 'java/lang/ClassNotFoundException': org/springframework/beans/factory/BeanClassLoaderAwareCustomizer> (0x00000000f06e0550) thrown at [/HUDSON/workspace/8-2-build-linux-amd64/jdk8u91/6644/hotspot/src/share/vm/classfile/systemDictionary.cpp, li
Event: 8,151 Thread 0x00007fd3cc002000 Exception <a 'java/lang/ClassNotFoundException': org/springframework/context/EnvironmentAwareCustomizer> (0x00000000f0795068) thrown at [/HUDSON/workspace/8-2-build-linux-amd64/jdk8u91/6644/hotspot/src/share/vm/classfile/systemDictionary.cpp, line 210]
Event: 8,653 Thread 0x00007fd3c84d3800 Exception <a 'java/lang/NoSuchFieldError': method resolution failed> (0x00000000f066f080) thrown at [/HUDSON/workspace/8-2-build-linux-amd64/jdk8u91/6644/hotspot/src/share/vm/prims/methodHandles.cpp, line 1146]
Event: 8,668 Thread 0x00007fd3c84d3800 Exception <a 'java/lang/NoSuchFieldError': method resolution failed> (0x00000000f067c770) thrown at [/HUDSON/workspace/8-2-build-linux-amd64/jdk8u91/6644/hotspot/src/share/vm/prims/methodHandles.cpp, line 1146]
Event: 13,632 Thread 0x00007fd3cc002000 Exception <a 'java/lang/ClassNotFoundException': java/lang/ObjectCustomizer> (0x00000000f0ca3ce8) thrown at [/HUDSON/workspace/8-2-build-linux-amd64/jdk8u91/6644/hotspot/src/share/vm/classfile/systemDictionary.cpp, line 210]
Event: 13,664 Thread 0x00007fd3cc002000 Exception <a 'java/lang/ClassNotFoundException': org/springframework/boot/autoconfigure/web/ResourcePropertiesCustomizer> (0x00000000f0cc2c30) thrown at [/HUDSON/workspace/8-2-build-linux-amd64/jdk8u91/6644/hotspot/src/share/vm/classfile/systemDictionary.
Event: 13,691 Thread 0x00007fd3cc002000 Exception <a 'java/lang/ClassNotFoundException': org/springframework/context/ResourceLoaderAwareCustomizer> (0x00000000f0ce8e70) thrown at [/HUDSON/workspace/8-2-build-linux-amd64/jdk8u91/6644/hotspot/src/share/vm/classfile/systemDictionary.cpp, line 210]
Event: 13,766 Thread 0x00007fd3cc002000 Exception <a 'java/lang/ClassNotFoundException': java/lang/ObjectCustomizer> (0x00000000f0601728) thrown at [/HUDSON/workspace/8-2-build-linux-amd64/jdk8u91/6644/hotspot/src/share/vm/classfile/systemDictionary.cpp, line 210]
Event: 13,767 Thread 0x00007fd3cc002000 Exception <a 'java/lang/ClassNotFoundException': org/springframework/boot/autoconfigure/web/ResourceProperties$ChainCustomizer> (0x00000000f0622270) thrown at [/HUDSON/workspace/8-2-build-linux-amd64/jdk8u91/6644/hotspot/src/share/vm/classfile/systemDicti

Events (10 events):
Event: 21,908 Thread 0x00007fd3cc002000 DEOPT UNPACKING pc=0x00007fd3e5047373 sp=0x00007fd3c7e64820 mode 0
Event: 21,923 loading class org/springframework/beans/factory/annotation/Required
Event: 21,923 loading class org/springframework/beans/factory/annotation/Required done
Event: 22,035 Executing VM operation: GenCollectForAllocation
Event: 22,057 Executing VM operation: GenCollectForAllocation done
Event: 22,442 Executing VM operation: GenCollectForAllocation
Event: 22,475 Executing VM operation: GenCollectForAllocation done
Event: 22,660 loading class com/fasterxml/jackson/annotation/JsonValue
Event: 22,666 loading class com/fasterxml/jackson/annotation/JsonValue done
Event: 22,811 Executing VM operation: GenCollectForAllocation


Dynamic libraries:
00400000-00401000 r-xp 00000000 fd:01 1587441                            /usr/lib/jvm/java-8-oracle/jre/bin/java
00600000-00601000 rw-p 00000000 fd:01 1587441                            /usr/lib/jvm/java-8-oracle/jre/bin/java
01dfb000-01e1c000 rw-p 00000000 00:00 0                                  [heap]
f0600000-f0ec0000 rw-p 00000000 00:00 0 
f0ec0000-f5950000 ---p 00000000 00:00 0 
f5950000-f6aab000 rw-p 00000000 00:00 0 
f6adb000-100000000 ---p 00000000 00:00 0 
100000000-1002e0000 rw-p 00000000 00:00 0 
1002e0000-140000000 ---p 00000000 00:00 0 
7fd3c699a000-7fd3c6b5a000 rw-p 00000000 00:00 0 
7fd3c6b5a000-7fd3c6b9a000 ---p 00000000 00:00 0 
7fd3c6b9a000-7fd3c6d9a000 rw-p 00000000 00:00 0 
7fd3c6d9a000-7fd3c6e2f000 r--s 01103000 fd:01 1710099                    /usr/lib/jvm/java-8-oracle/jre/lib/ext/jfxrt.jar
7fd3c6e2f000-7fd3c6e40000 r-xp 00000000 fd:01 1587414                    /usr/lib/jvm/java-8-oracle/jre/lib/amd64/libnio.so
7fd3c6e40000-7fd3c703f000 ---p 00011000 fd:01 1587414                    /usr/lib/jvm/java-8-oracle/jre/lib/amd64/libnio.so
7fd3c703f000-7fd3c7040000 rw-p 00010000 fd:01 1587414                    /usr/lib/jvm/java-8-oracle/jre/lib/amd64/libnio.so
7fd3c7040000-7fd3c7240000 rw-p 00000000 00:00 0 
7fd3c7240000-7fd3c7440000 rw-p 00000000 00:00 0 
7fd3c7440000-7fd3c7640000 rw-p 00000000 00:00 0 
7fd3c7640000-7fd3c7646000 r--s 002f8000 fd:01 1338922                    /usr/lib/jvm/java-8-oracle/jre/lib/charsets.jar
7fd3c7646000-7fd3c7649000 ---p 00000000 00:00 0 
7fd3c7649000-7fd3c7747000 rw-p 00000000 00:00 0 
7fd3c7747000-7fd3c775d000 r-xp 00000000 fd:01 1587425                    /usr/lib/jvm/java-8-oracle/jre/lib/amd64/libnet.so
7fd3c775d000-7fd3c795d000 ---p 00016000 fd:01 1587425                    /usr/lib/jvm/java-8-oracle/jre/lib/amd64/libnet.so
7fd3c795d000-7fd3c795e000 rw-p 00016000 fd:01 1587425                    /usr/lib/jvm/java-8-oracle/jre/lib/amd64/libnet.so
7fd3c795e000-7fd3c7967000 r-xp 00000000 fd:01 1587398                    /usr/lib/jvm/java-8-oracle/jre/lib/amd64/libmanagement.so
7fd3c7967000-7fd3c7b66000 ---p 00009000 fd:01 1587398                    /usr/lib/jvm/java-8-oracle/jre/lib/amd64/libmanagement.so
7fd3c7b66000-7fd3c7b67000 rw-p 00008000 fd:01 1587398                    /usr/lib/jvm/java-8-oracle/jre/lib/amd64/libmanagement.so
7fd3c7b67000-7fd3c7d67000 rw-p 00000000 00:00 0 
7fd3c7d67000-7fd3c7d6a000 ---p 00000000 00:00 0 
7fd3c7d6a000-7fd3c7e68000 rw-p 00000000 00:00 0                          [stack:12716]
7fd3c7e68000-7fd3c7e6b000 ---p 00000000 00:00 0 
7fd3c7e6b000-7fd3c7f69000 rw-p 00000000 00:00 0                          [stack:12715]
7fd3c7f69000-7fd3c7f6c000 r--s 0000b000 fd:01 1196486                    /root/.m2/repository/com/fasterxml/jackson/core/jackson-annotations/2.8.4/jackson-annotations-2.8.4.jar
7fd3c7f6c000-7fd3c7f6e000 r--s 0000f000 fd:01 1196445                    /root/.m2/repository/org/jboss/logging/jboss-logging/3.3.0.Final/jboss-logging-3.3.0.Final.jar
7fd3c7f6e000-7fd3c7f6f000 r--s 00000000 fd:01 1196409                    /root/.m2/repository/org/springframework/boot/spring-boot-starter-thymeleaf/1.4.2.RELEASE/spring-boot-starter-thymeleaf-1.4.2.RELEASE.jar
7fd3c7f6f000-7fd3c7f79000 r--s 00054000 fd:01 1196504                    /root/.m2/repository/org/springframework/spring-messaging/4.3.4.RELEASE/spring-messaging-4.3.4.RELEASE.jar
7fd3c7f79000-7fd3c7f7e000 r--s 0002a000 fd:01 1196495                    /root/.m2/repository/org/springframework/hateoas/spring-hateoas/0.20.0.RELEASE/spring-hateoas-0.20.0.RELEASE.jar
7fd3c7f7e000-7fd3c7f8b000 r--s 00089000 fd:01 1196465                    /root/.m2/repository/org/hibernate/hibernate-entitymanager/5.0.11.Final/hibernate-entitymanager-5.0.11.Final.jar
7fd3c7f8b000-7fd3c7f8d000 r--s 0000e000 fd:01 1196571                    /root/.m2/repository/com/fasterxml/classmate/1.3.3/classmate-1.3.3.jar
7fd3c7f8d000-7fd3c7f97000 r--s 00069000 fd:01 1196412                    /root/.m2/repository/ch/qos/logback/logback-core/1.1.7/logback-core-1.1.7.jar
7fd3c7f97000-7fd3c8000000 r--s 004f3000 fd:01 1196447                    /root/.m2/repository/org/hibernate/hibernate-core/5.0.11.Final/hibernate-core-5.0.11.Final.jar
7fd3c8000000-7fd3c8cfa000 rw-p 00000000 00:00 0 
7fd3c8cfa000-7fd3cc000000 ---p 00000000 00:00 0 
7fd3cc000000-7fd3cc021000 rw-p 00000000 00:00 0 
7fd3cc021000-7fd3d0000000 ---p 00000000 00:00 0 
7fd3d0000000-7fd3d0021000 rw-p 00000000 00:00 0 
7fd3d0021000-7fd3d4000000 ---p 00000000 00:00 0 
7fd3d4000000-7fd3d5333000 rw-p 00000000 00:00 0 
7fd3d5333000-7fd3d8000000 ---p 00000000 00:00 0 
7fd3d8000000-7fd3d8021000 rw-p 00000000 00:00 0 
7fd3d8021000-7fd3dc000000 ---p 00000000 00:00 0 
7fd3dc000000-7fd3dc021000 rw-p 00000000 00:00 0 
7fd3dc021000-7fd3e0000000 ---p 00000000 00:00 0 
7fd3e0000000-7fd3e02f8000 rw-p 00000000 00:00 0 
7fd3e02f8000-7fd3e4000000 ---p 00000000 00:00 0 
7fd3e4000000-7fd3e4001000 r--s 00000000 fd:01 1196513                    /root/.m2/repository/org/springframework/boot/spring-boot-starter-security/1.4.2.RELEASE/spring-boot-starter-security-1.4.2.RELEASE.jar
7fd3e4001000-7fd3e4006000 r--s 0003c000 fd:01 1196523                    /root/.m2/repository/org/springframework/spring-expression/4.3.4.RELEASE/spring-expression-4.3.4.RELEASE.jar
7fd3e4006000-7fd3e4016000 r--s 00091000 fd:01 1196509                    /root/.m2/repository/org/springframework/boot/spring-boot/1.4.2.RELEASE/spring-boot-1.4.2.RELEASE.jar
7fd3e4016000-7fd3e4017000 r--s 00004000 fd:01 1196497                    /root/.m2/repository/org/springframework/plugin/spring-plugin-core/1.2.0.RELEASE/spring-plugin-core-1.2.0.RELEASE.jar
7fd3e4017000-7fd3e401a000 r--s 00020000 fd:01 1196441                    /root/.m2/repository/org/apache/tomcat/tomcat-jdbc/8.5.6/tomcat-jdbc-8.5.6.jar
7fd3e401a000-7fd3e4037000 r--s 000d0000 fd:01 1196500                    /root/.m2/repository/org/springframework/boot/spring-boot-autoconfigure/1.4.2.RELEASE/spring-boot-autoconfigure-1.4.2.RELEASE.jar
7fd3e4037000-7fd3e403e000 r--s 00044000 fd:01 1196415                    /root/.m2/repository/ch/qos/logback/logback-classic/1.1.7/logback-classic-1.1.7.jar
7fd3e403e000-7fd3e4040000 r--s 00006000 fd:01 1196454                    /root/.m2/repository/javax/transaction/javax.transaction-api/1.2/javax.transaction-api-1.2.jar
7fd3e4040000-7fd3e404b000 r--s 00051000 fd:01 1196519                    /root/.m2/repository/org/springframework/security/spring-security-core/4.1.3.RELEASE/spring-security-core-4.1.3.RELEASE.jar
7fd3e404b000-7fd3e404e000 r--s 00035000 fd:01 1196531                    /root/.m2/repository/ognl/ognl/3.0.8/ognl-3.0.8.jar
7fd3e404e000-7fd3e4060000 r--s 0011c000 fd:01 1196487                    /root/.m2/repository/com/fasterxml/jackson/core/jackson-databind/2.8.4/jackson-databind-2.8.4.jar
7fd3e4060000-7fd3e407a000 r--s 000fc000 fd:01 1196549                    /root/.m2/repository/org/springframework/spring-context/4.3.4.RELEASE/spring-context-4.3.4.RELEASE.jar
7fd3e407a000-7fd3e407b000 r--s 00000000 fd:01 1196558                    /root/.m2/repository/org/springframework/boot/spring-boot-starter-web/1.4.2.RELEASE/spring-boot-starter-web-1.4.2.RELEASE.jar
7fd3e407b000-7fd3e407e000 r--s 0002b000 fd:01 1196457                    /root/.m2/repository/org/jboss/jandex/2.0.0.Final/jandex-2.0.0.Final.jar
7fd3e407e000-7fd3e407f000 r--s 00000000 fd:01 1196547                    /root/.m2/repository/org/springframework/boot/spring-boot-starter-mail/1.4.2.RELEASE/spring-boot-starter-mail-1.4.2.RELEASE.jar
7fd3e407f000-7fd3e4089000 r--s 0005f000 fd:01 1196446                    /root/.m2/repository/org/springframework/spring-jdbc/4.3.4.RELEASE/spring-jdbc-4.3.4.RELEASE.jar
7fd3e4089000-7fd3e408b000 r--s 00009000 fd:01 1196443                    /root/.m2/repository/org/apache/tomcat/tomcat-juli/8.5.6/tomcat-juli-8.5.6.jar
7fd3e408b000-7fd3e408d000 r--s 00009000 fd:01 1196410                    /root/.m2/repository/org/slf4j/slf4j-api/1.7.21/slf4j-api-1.7.21.jar
7fd3e408d000-7fd3e408e000 r--s 00000000 fd:01 1196417                    /root/.m2/repository/org/springframework/boot/spring-boot-starter-logging/1.4.2.RELEASE/spring-boot-starter-logging-1.4.2.RELEASE.jar
7fd3e408e000-7fd3e4093000 r--s 00029000 fd:01 1196551                    /root/.m2/repository/org/springframework/spring-context-support/4.3.4.RELEASE/spring-context-support-4.3.4.RELEASE.jar
7fd3e4093000-7fd3e4096000 r--s 0000c000 fd:01 1196481                    /root/.m2/repository/org/springframework/spring-aspects/4.3.4.RELEASE/spring-aspects-4.3.4.RELEASE.jar
7fd3e4096000-7fd3e40a3000 r--s 000b7000 fd:01 1196530                    /root/.m2/repository/org/thymeleaf/thymeleaf/2.1.5.RELEASE/thymeleaf-2.1.5.RELEASE.jar
7fd3e40a3000-7fd3e40a8000 r--s 00036000 fd:01 1196565                    /root/.m2/repository/org/apache/tomcat/embed/tomcat-embed-websocket/8.5.6/tomcat-embed-websocket-8.5.6.jar
7fd3e40a8000-7fd3e40ae000 r--s 0002c000 fd:01 1196507                    /root/.m2/repository/org/springframework/boot/spring-boot-devtools/1.4.2.RELEASE/spring-boot-devtools-1.4.2.RELEASE.jar
7fd3e40ae000-7fd3e40b1000 r--s 00034000 fd:01 1196427                    /root/.m2/repository/org/thymeleaf/thymeleaf-spring4/2.1.5.RELEASE/thymeleaf-spring4-2.1.5.RELEASE.jar
7fd3e40b1000-7fd3e40b3000 r--s 0000e000 fd:01 1196555                    /root/.m2/repository/javax/activation/activation/1.1/activation-1.1.jar
7fd3e40b3000-7fd3e40bc000 r--s 00054000 fd:01 1196516                    /root/.m2/repository/org/springframework/spring-aop/4.3.4.RELEASE/spring-aop-4.3.4.RELEASE.jar
7fd3e40bc000-7fd3e40c1000 r--s 00017000 fd:01 1196451                    /root/.m2/repository/org/hibernate/javax/persistence/hibernate-jpa-2.1-api/1.0.0.Final/hibernate-jpa-2.1-api-1.0.0.Final.jar
7fd3e40c1000-7fd3e40c6000 r--s 00036000 fd:01 1196563                    /root/.m2/repository/org/apache/tomcat/embed/tomcat-embed-el/8.5.6/tomcat-embed-el-8.5.6.jar
7fd3e40c6000-7fd3e40db000 r--s 00141000 fd:01 1196536                    /root/.m2/repository/org/projectlombok/lombok/1.16.10/lombok-1.16.10.jar
7fd3e40db000-7fd3e40ec000 r--s 000b6000 fd:01 1196574                    /root/.m2/repository/org/springframework/spring-web/4.3.4.RELEASE/spring-web-4.3.4.RELEASE.jar
7fd3e40ec000-7fd3e40ef000 r--s 00020000 fd:01 1196533                    /root/.m2/repository/org/unbescape/unbescape/1.1.0.RELEASE/unbescape-1.1.0.RELEASE.jar
7fd3e40ef000-7fd3e40fe000 r--s 001a7000 fd:01 1196537                    /root/.m2/repository/com/h2database/h2/1.4.193/h2-1.4.193.jar
7fd3e40fe000-7fd3e4108000 r--s 0007c000 fd:01 1196517                    /root/.m2/repository/org/springframework/security/spring-security-config/4.1.3.RELEASE/spring-security-config-4.1.3.RELEASE.jar
7fd3e4108000-7fd3e4109000 r--s 00000000 fd:01 1196483                    /root/.m2/repository/org/springframework/boot/spring-boot-starter-data-rest/1.4.2.RELEASE/spring-boot-starter-data-rest-1.4.2.RELEASE.jar
7fd3e4109000-7fd3e410e000 r--s 0001b000 fd:01 1196493                    /root/.m2/repository/org/springframework/data/spring-data-rest-core/2.5.5.RELEASE/spring-data-rest-core-2.5.5.RELEASE.jar
7fd3e410e000-7fd3e4118000 r--s 0006b000 fd:01 1196473                    /root/.m2/repository/org/springframework/spring-orm/4.3.4.RELEASE/spring-orm-4.3.4.RELEASE.jar
7fd3e4118000-7fd3e4131000 r--s 001af000 fd:01 1196425                    /root/.m2/repository/org/aspectj/aspectjweaver/1.8.9/aspectjweaver-1.8.9.jar
7fd3e4131000-7fd3e4133000 r--s 00004000 fd:01 1196422                    /root/.m2/repository/org/slf4j/log4j-over-slf4j/1.7.21/log4j-over-slf4j-1.7.21.jar
7fd3e4133000-7fd3e4135000 r--s 00003000 fd:01 1196479                    /root/.m2/repository/org/slf4j/jcl-over-slf4j/1.7.21/jcl-over-slf4j-1.7.21.jar
7fd3e4135000-7fd3e413a000 r--s 00048000 fd:01 1196460                    /root/.m2/repository/dom4j/dom4j/1.6.1/dom4j-1.6.1.jar
7fd3e413a000-7fd3e413e000 r--s 0000c000 fd:01 1196569                    /root/.m2/repository/javax/validation/validation-api/1.1.0.Final/validation-api-1.1.0.Final.jar
7fd3e413e000-7fd3e413f000 r--s 00007000 fd:01 1196525                    /root/.m2/repository/org/thymeleaf/extras/thymeleaf-extras-springsecurity4/2.1.2.RELEASE/thymeleaf-extras-springsecurity4-2.1.2.RELEASE.jar
7fd3e413f000-7fd3e4143000 r--s 00041000 fd:01 1196489                    /root/.m2/repository/com/fasterxml/jackson/core/jackson-core/2.8.4/jackson-core-2.8.4.jar
7fd3e4143000-7fd3e414a000 r--s 0003d000 fd:01 1196491                    /root/.m2/repository/org/springframework/data/spring-data-rest-webmvc/2.5.5.RELEASE/spring-data-rest-webmvc-2.5.5.RELEASE.jar
7fd3e414a000-7fd3e414b000 r--s 00000000 fd:01 1196501                    /root/.m2/repository/org/springframework/boot/spring-boot-starter-websocket/1.4.2.RELEASE/spring-boot-starter-websocket-1.4.2.RELEASE.jar
7fd3e414b000-7fd3e4153000 r--s 0003a000 fd:01 1196475                    /root/.m2/repository/org/springframework/spring-tx/4.3.4.RELEASE/spring-tx-4.3.4.RELEASE.jar
7fd3e4153000-7fd3e4154000 r--s 00000000 fd:01 1196413                    /root/.m2/repository/org/springframework/boot/spring-boot-starter/1.4.2.RELEASE/spring-boot-starter-1.4.2.RELEASE.jar
7fd3e4154000-7fd3e4165000 r--s 00099000 fd:01 1196471                    /root/.m2/repository/org/springframework/data/spring-data-commons/1.12.5.RELEASE/spring-data-commons-1.12.5.RELEASE.jar
7fd3e4165000-7fd3e417b000 r--s 000fa000 fd:01 1196411                    /root/.m2/repository/org/springframework/spring-core/4.3.4.RELEASE/spring-core-4.3.4.RELEASE.jar
7fd3e417b000-7fd3e418d000 r--s 000ce000 fd:01 1196575                    /root/.m2/repository/org/springframework/spring-webmvc/4.3.4.RELEASE/spring-webmvc-4.3.4.RELEASE.jar
7fd3e418d000-7fd3e419b000 r--s 000ac000 fd:01 1196477                    /root/.m2/repository/org/springframework/spring-beans/4.3.4.RELEASE/spring-beans-4.3.4.RELEASE.jar
7fd3e419b000-7fd3e41c4000 r--s 002b2000 fd:01 1196561                    /root/.m2/repository/org/apache/tomcat/embed/tomcat-embed-core/8.5.6/tomcat-embed-core-8.5.6.jar
7fd3e41c4000-7fd3e41ca000 r--s 0003d000 fd:01 1196426                    /root/.m2/repository/org/yaml/snakeyaml/1.17/snakeyaml-1.17.jar
7fd3e41ca000-7fd3e41d1000 r--s 0003e000 fd:01 1196469                    /root/.m2/repository/org/springframework/data/spring-data-jpa/1.10.5.RELEASE/spring-data-jpa-1.10.5.RELEASE.jar
7fd3e41d1000-7fd3e41d4000 r--s 0001a000 fd:01 1196429                    /root/.m2/repository/nz/net/ultraq/thymeleaf/thymeleaf-layout-dialect/1.4.0/thymeleaf-layout-dialect-1.4.0.jar
7fd3e41d4000-7fd3e41dd000 r--s 0002d000 fd:01 1196461                    /root/.m2/repository/xml-apis/xml-apis/1.4.01/xml-apis-1.4.01.jar
7fd3e41dd000-7fd3e41e4000 r--s 0009f000 fd:01 1196545                    /root/.m2/repository/org/postgresql/postgresql/9.4.1212.jre7/postgresql-9.4.1212.jre7.jar
7fd3e41e4000-7fd3e41ed000 r--s 00065000 fd:01 1196505                    /root/.m2/repository/org/springframework/spring-websocket/4.3.4.RELEASE/spring-websocket-4.3.4.RELEASE.jar
7fd3e41ed000-7fd3e41fd000 r--s 0009c000 fd:01 1196567                    /root/.m2/repository/org/hibernate/hibernate-validator/5.2.4.Final/hibernate-validator-5.2.4.Final.jar
7fd3e41fd000-7fd3e4206000 r--s 0008c000 fd:01 1196553                    /root/.m2/repository/com/sun/mail/javax.mail/1.5.6/javax.mail-1.5.6.jar
7fd3e4206000-7fd3e4253000 r--s 0040b000 fd:01 1196431                    /root/.m2/repository/org/codehaus/groovy/groovy/2.4.7/groovy-2.4.7.jar
7fd3e4253000-7fd3e4254000 ---p 00000000 00:00 0 
7fd3e4254000-7fd3e4354000 rw-p 00000000 00:00 0                          [stack:12712]
7fd3e4354000-7fd3e4357000 ---p 00000000 00:00 0 
7fd3e4357000-7fd3e4455000 rw-p 00000000 00:00 0                          [stack:12711]
7fd3e4455000-7fd3e4458000 ---p 00000000 00:00 0 
7fd3e4458000-7fd3e4556000 rw-p 00000000 00:00 0                          [stack:12710]
7fd3e4556000-7fd3e4559000 ---p 00000000 00:00 0 
7fd3e4559000-7fd3e4657000 rw-p 00000000 00:00 0                          [stack:12709]
7fd3e4657000-7fd3e465a000 ---p 00000000 00:00 0 
7fd3e465a000-7fd3e4758000 rw-p 00000000 00:00 0                          [stack:12708]
7fd3e4758000-7fd3e4a5f000 r--p 00000000 fd:01 923282                     /usr/lib/locale/locale-archive
7fd3e4a5f000-7fd3e4a62000 ---p 00000000 00:00 0 
7fd3e4a62000-7fd3e4b60000 rw-p 00000000 00:00 0                          [stack:12707]
7fd3e4b60000-7fd3e4b63000 ---p 00000000 00:00 0 
7fd3e4b63000-7fd3e4c61000 rw-p 00000000 00:00 0                          [stack:12706]
7fd3e4c61000-7fd3e4c62000 ---p 00000000 00:00 0 
7fd3e4c62000-7fd3e4db1000 rw-p 00000000 00:00 0                          [stack:12705]
7fd3e4db1000-7fd3e4f8a000 r--s 03d1f000 fd:01 1338940                    /usr/lib/jvm/java-8-oracle/jre/lib/rt.jar
7fd3e4f8a000-7fd3e5000000 rw-p 00000000 00:00 0 
7fd3e5000000-7fd3e56b0000 rwxp 00000000 00:00 0 
7fd3e56b0000-7fd3f4000000 ---p 00000000 00:00 0 
7fd3f4000000-7fd3f4776000 rw-p 00000000 00:00 0 
7fd3f4776000-7fd3f8000000 ---p 00000000 00:00 0 
7fd3f8000000-7fd3f8001000 r--s 00000000 fd:01 1196440                    /root/.m2/repository/org/springframework/boot/spring-boot-starter-jdbc/1.4.2.RELEASE/spring-boot-starter-jdbc-1.4.2.RELEASE.jar
7fd3f8001000-7fd3f8002000 r--s 00000000 fd:01 1196435                    /root/.m2/repository/org/springframework/boot/spring-boot-starter-aop/1.4.2.RELEASE/spring-boot-starter-aop-1.4.2.RELEASE.jar
7fd3f8002000-7fd3f8007000 r--s 00068000 fd:01 1196455                    /root/.m2/repository/antlr/antlr/2.7.7/antlr-2.7.7.jar
7fd3f8007000-7fd3f8008000 r--s 00000000 fd:01 1196434                    /root/.m2/repository/org/springframework/boot/spring-boot-starter-data-jpa/1.4.2.RELEASE/spring-boot-starter-data-jpa-1.4.2.RELEASE.jar
7fd3f8008000-7fd3f888b000 rw-p 00000000 00:00 0 
7fd3f888b000-7fd3f88a6000 rw-p 00000000 00:00 0 
7fd3f88a6000-7fd3f8c4b000 ---p 00000000 00:00 0 
7fd3f8c4b000-7fd3f8c65000 r-xp 00000000 fd:01 1587417                    /usr/lib/jvm/java-8-oracle/jre/lib/amd64/libzip.so
7fd3f8c65000-7fd3f8e65000 ---p 0001a000 fd:01 1587417                    /usr/lib/jvm/java-8-oracle/jre/lib/amd64/libzip.so
7fd3f8e65000-7fd3f8e66000 rw-p 0001a000 fd:01 1587417                    /usr/lib/jvm/java-8-oracle/jre/lib/amd64/libzip.so
7fd3f8e66000-7fd3f8e71000 r-xp 00000000 fd:01 393422                     /lib/x86_64-linux-gnu/libnss_files-2.19.so
7fd3f8e71000-7fd3f9070000 ---p 0000b000 fd:01 393422                     /lib/x86_64-linux-gnu/libnss_files-2.19.so
7fd3f9070000-7fd3f9071000 r--p 0000a000 fd:01 393422                     /lib/x86_64-linux-gnu/libnss_files-2.19.so
7fd3f9071000-7fd3f9072000 rw-p 0000b000 fd:01 393422                     /lib/x86_64-linux-gnu/libnss_files-2.19.so
7fd3f9072000-7fd3f907d000 r-xp 00000000 fd:01 393366                     /lib/x86_64-linux-gnu/libnss_nis-2.19.so
7fd3f907d000-7fd3f927c000 ---p 0000b000 fd:01 393366                     /lib/x86_64-linux-gnu/libnss_nis-2.19.so
7fd3f927c000-7fd3f927d000 r--p 0000a000 fd:01 393366                     /lib/x86_64-linux-gnu/libnss_nis-2.19.so
7fd3f927d000-7fd3f927e000 rw-p 0000b000 fd:01 393366                     /lib/x86_64-linux-gnu/libnss_nis-2.19.so
7fd3f927e000-7fd3f9295000 r-xp 00000000 fd:01 393350                     /lib/x86_64-linux-gnu/libnsl-2.19.so
7fd3f9295000-7fd3f9494000 ---p 00017000 fd:01 393350                     /lib/x86_64-linux-gnu/libnsl-2.19.so
7fd3f9494000-7fd3f9495000 r--p 00016000 fd:01 393350                     /lib/x86_64-linux-gnu/libnsl-2.19.so
7fd3f9495000-7fd3f9496000 rw-p 00017000 fd:01 393350                     /lib/x86_64-linux-gnu/libnsl-2.19.so
7fd3f9496000-7fd3f9498000 rw-p 00000000 00:00 0 
7fd3f9498000-7fd3f94a1000 r-xp 00000000 fd:01 393333                     /lib/x86_64-linux-gnu/libnss_compat-2.19.so
7fd3f94a1000-7fd3f96a0000 ---p 00009000 fd:01 393333                     /lib/x86_64-linux-gnu/libnss_compat-2.19.so
7fd3f96a0000-7fd3f96a1000 r--p 00008000 fd:01 393333                     /lib/x86_64-linux-gnu/libnss_compat-2.19.so
7fd3f96a1000-7fd3f96a2000 rw-p 00009000 fd:01 393333                     /lib/x86_64-linux-gnu/libnss_compat-2.19.so
7fd3f96a2000-7fd3f96cc000 r-xp 00000000 fd:01 1587389                    /usr/lib/jvm/java-8-oracle/jre/lib/amd64/libjava.so
7fd3f96cc000-7fd3f98cc000 ---p 0002a000 fd:01 1587389                    /usr/lib/jvm/java-8-oracle/jre/lib/amd64/libjava.so
7fd3f98cc000-7fd3f98ce000 rw-p 0002a000 fd:01 1587389                    /usr/lib/jvm/java-8-oracle/jre/lib/amd64/libjava.so
7fd3f98ce000-7fd3f98db000 r-xp 00000000 fd:01 1587372                    /usr/lib/jvm/java-8-oracle/jre/lib/amd64/libverify.so
7fd3f98db000-7fd3f9adb000 ---p 0000d000 fd:01 1587372                    /usr/lib/jvm/java-8-oracle/jre/lib/amd64/libverify.so
7fd3f9adb000-7fd3f9add000 rw-p 0000d000 fd:01 1587372                    /usr/lib/jvm/java-8-oracle/jre/lib/amd64/libverify.so
7fd3f9add000-7fd3f9ae4000 r-xp 00000000 fd:01 393393                     /lib/x86_64-linux-gnu/librt-2.19.so
7fd3f9ae4000-7fd3f9ce3000 ---p 00007000 fd:01 393393                     /lib/x86_64-linux-gnu/librt-2.19.so
7fd3f9ce3000-7fd3f9ce4000 r--p 00006000 fd:01 393393                     /lib/x86_64-linux-gnu/librt-2.19.so
7fd3f9ce4000-7fd3f9ce5000 rw-p 00007000 fd:01 393393                     /lib/x86_64-linux-gnu/librt-2.19.so
7fd3f9ce5000-7fd3f9dea000 r-xp 00000000 fd:01 393254                     /lib/x86_64-linux-gnu/libm-2.19.so
7fd3f9dea000-7fd3f9fe9000 ---p 00105000 fd:01 393254                     /lib/x86_64-linux-gnu/libm-2.19.so
7fd3f9fe9000-7fd3f9fea000 r--p 00104000 fd:01 393254                     /lib/x86_64-linux-gnu/libm-2.19.so
7fd3f9fea000-7fd3f9feb000 rw-p 00105000 fd:01 393254                     /lib/x86_64-linux-gnu/libm-2.19.so
7fd3f9feb000-7fd3facab000 r-xp 00000000 fd:01 1587379                    /usr/lib/jvm/java-8-oracle/jre/lib/amd64/server/libjvm.so
7fd3facab000-7fd3faeab000 ---p 00cc0000 fd:01 1587379                    /usr/lib/jvm/java-8-oracle/jre/lib/amd64/server/libjvm.so
7fd3faeab000-7fd3faf83000 rw-p 00cc0000 fd:01 1587379                    /usr/lib/jvm/java-8-oracle/jre/lib/amd64/server/libjvm.so
7fd3faf83000-7fd3fafce000 rw-p 00000000 00:00 0 
7fd3fafce000-7fd3fb189000 r-xp 00000000 fd:01 393407                     /lib/x86_64-linux-gnu/libc-2.19.so
7fd3fb189000-7fd3fb388000 ---p 001bb000 fd:01 393407                     /lib/x86_64-linux-gnu/libc-2.19.so
7fd3fb388000-7fd3fb38c000 r--p 001ba000 fd:01 393407                     /lib/x86_64-linux-gnu/libc-2.19.so
7fd3fb38c000-7fd3fb38e000 rw-p 001be000 fd:01 393407                     /lib/x86_64-linux-gnu/libc-2.19.so
7fd3fb38e000-7fd3fb393000 rw-p 00000000 00:00 0 
7fd3fb393000-7fd3fb396000 r-xp 00000000 fd:01 393322                     /lib/x86_64-linux-gnu/libdl-2.19.so
7fd3fb396000-7fd3fb595000 ---p 00003000 fd:01 393322                     /lib/x86_64-linux-gnu/libdl-2.19.so
7fd3fb595000-7fd3fb596000 r--p 00002000 fd:01 393322                     /lib/x86_64-linux-gnu/libdl-2.19.so
7fd3fb596000-7fd3fb597000 rw-p 00003000 fd:01 393322                     /lib/x86_64-linux-gnu/libdl-2.19.so
7fd3fb597000-7fd3fb5ac000 r-xp 00000000 fd:01 1710072                    /usr/lib/jvm/java-8-oracle/jre/lib/amd64/jli/libjli.so
7fd3fb5ac000-7fd3fb7ac000 ---p 00015000 fd:01 1710072                    /usr/lib/jvm/java-8-oracle/jre/lib/amd64/jli/libjli.so
7fd3fb7ac000-7fd3fb7ad000 rw-p 00015000 fd:01 1710072                    /usr/lib/jvm/java-8-oracle/jre/lib/amd64/jli/libjli.so
7fd3fb7ad000-7fd3fb7c6000 r-xp 00000000 fd:01 393353                     /lib/x86_64-linux-gnu/libpthread-2.19.so
7fd3fb7c6000-7fd3fb9c5000 ---p 00019000 fd:01 393353                     /lib/x86_64-linux-gnu/libpthread-2.19.so
7fd3fb9c5000-7fd3fb9c6000 r--p 00018000 fd:01 393353                     /lib/x86_64-linux-gnu/libpthread-2.19.so
7fd3fb9c6000-7fd3fb9c7000 rw-p 00019000 fd:01 393353                     /lib/x86_64-linux-gnu/libpthread-2.19.so
7fd3fb9c7000-7fd3fb9cb000 rw-p 00000000 00:00 0 
7fd3fb9cb000-7fd3fb9ee000 r-xp 00000000 fd:01 393355                     /lib/x86_64-linux-gnu/ld-2.19.so
7fd3fb9ee000-7fd3fb9f1000 r--s 00010000 fd:01 1196463                    /root/.m2/repository/org/hibernate/common/hibernate-commons-annotations/5.0.1.Final/hibernate-commons-annotations-5.0.1.Final.jar
7fd3fb9f1000-7fd3fb9f2000 r--s 00000000 fd:01 1196560                    /root/.m2/repository/org/springframework/boot/spring-boot-starter-tomcat/1.4.2.RELEASE/spring-boot-starter-tomcat-1.4.2.RELEASE.jar
7fd3fb9f2000-7fd3fb9f4000 r--s 00000000 fd:01 1196416                    /root/.m2/repository/org/slf4j/jul-to-slf4j/1.7.21/jul-to-slf4j-1.7.21.jar
7fd3fb9f4000-7fd3fb9fe000 r--s 000ae000 fd:01 1196450                    /root/.m2/repository/org/javassist/javassist/3.20.0-GA/javassist-3.20.0-GA.jar
7fd3fb9fe000-7fd3fba08000 r--s 0004e000 fd:01 1196521                    /root/.m2/repository/org/springframework/security/spring-security-web/4.1.3.RELEASE/spring-security-web-4.1.3.RELEASE.jar
7fd3fba08000-7fd3fba11000 rw-p 00000000 00:00 0 
7fd3fba11000-7fd3fba5c000 ---p 00000000 00:00 0 
7fd3fba5c000-7fd3fba61000 rw-p 00000000 00:00 0 
7fd3fba61000-7fd3fba85000 ---p 00000000 00:00 0 
7fd3fba85000-7fd3fba8f000 rw-p 00000000 00:00 0 
7fd3fba8f000-7fd3fbad9000 ---p 00000000 00:00 0 
7fd3fbad9000-7fd3fbada000 rw-p 00000000 00:00 0 
7fd3fbada000-7fd3fbadd000 ---p 00000000 00:00 0 
7fd3fbadd000-7fd3fbbdf000 rw-p 00000000 00:00 0                          [stack:12704]
7fd3fbbdf000-7fd3fbbe1000 r--s 00002000 fd:01 1196468                    /root/.m2/repository/org/atteo/evo-inflector/1.2.1/evo-inflector-1.2.1.jar
7fd3fbbe1000-7fd3fbbe9000 rw-s 00000000 fd:01 268525                     /tmp/hsperfdata_root/12702
7fd3fbbe9000-7fd3fbbea000 rw-p 00000000 00:00 0 
7fd3fbbea000-7fd3fbbeb000 ---p 00000000 00:00 0 
7fd3fbbeb000-7fd3fbbed000 rw-p 00000000 00:00 0 
7fd3fbbed000-7fd3fbbee000 r--p 00022000 fd:01 393355                     /lib/x86_64-linux-gnu/ld-2.19.so
7fd3fbbee000-7fd3fbbef000 rw-p 00023000 fd:01 393355                     /lib/x86_64-linux-gnu/ld-2.19.so
7fd3fbbef000-7fd3fbbf0000 rw-p 00000000 00:00 0 
7ffd2265c000-7ffd2267f000 rw-p 00000000 00:00 0                          [stack]
7ffd2274e000-7ffd22750000 r-xp 00000000 00:00 0                          [vdso]
ffffffffff600000-ffffffffff601000 r-xp 00000000 00:00 0                  [vsyscall]

VM Arguments:
java_command: com.myapos.clientmanager.ReactAndSpringDataRestApplication
java_class_path (initial): /var/www/html/security/target/classes:/root/.m2/repository/org/atteo/evo-inflector/1.2.1/evo-inflector-1.2.1.jar:/root/.m2/repository/org/springframework/security/spring-security-web/4.1.3.RELEASE/spring-security-web-4.1.3.RELEASE.jar:/root/.m2/repository/org/javassist/javassist/3.20.0-GA/javassist-3.20.0-GA.jar:/root/.m2/repository/org/slf4j/jul-to-slf4j/1.7.21/jul-to-slf4j-1.7.21.jar:/root/.m2/repository/org/codehaus/groovy/groovy/2.4.7/groovy-2.4.7.jar:/root/.m2/repository/org/springframework/boot/spring-boot-starter-tomcat/1.4.2.RELEASE/spring-boot-starter-tomcat-1.4.2.RELEASE.jar:/root/.m2/repository/com/sun/mail/javax.mail/1.5.6/javax.mail-1.5.6.jar:/root/.m2/repository/org/hibernate/hibernate-validator/5.2.4.Final/hibernate-validator-5.2.4.Final.jar:/root/.m2/repository/org/hibernate/common/hibernate-commons-annotations/5.0.1.Final/hibernate-commons-annotations-5.0.1.Final.jar:/root/.m2/repository/org/springframework/boot/spring-boot-starter-data-jpa/1.4.2.RELEASE/spring-boot-starter-data-jpa-1.4.2.RELEASE.jar:/root/.m2/repository/org/springframework/spring-websocket/4.3.4.RELEASE/spring-websocket-4.3.4.RELEASE.jar:/root/.m2/repository/antlr/antlr/2.7.7/antlr-2.7.7.jar:/root/.m2/repository/org/postgresql/postgresql/9.4.1212.jre7/postgresql-9.4.1212.jre7.jar:/root/.m2/repository/xml-apis/xml-apis/1.4.01/xml-apis-1.4.01.jar:/root/.m2/repository/nz/net/ultraq/thymeleaf/thymeleaf-layout-dialect/1.4.0/thymeleaf-layout-dialect-1.4.0.jar:/root/.m2/repository/org/springframework/data/spring-data-jpa/1.10.5.RELEASE/spring-data-jpa-1.10.5.RELEASE.jar:/root/.m2/repository/org/yaml/snakeyaml/1.17/snakeyaml-1.17.jar:/root/.m2/repository/org/apache/tomcat/embed/tomcat-embed-core/8.5.6/tomcat-embed-core-8.5.6.jar:/root/.m2/repository/org/springframework/spring-beans/4.3.4.RELEASE/spring-beans-4.3.4.RELEASE.jar:/root/.m2/repository/org/springframework/spring-webmvc/4.3.4.RELEASE/spring-webmvc-4.3.4.RELEASE.jar:/root/.m2/repository/org/springframe
Launcher Type: SUN_STANDARD

Environment Variables:
JAVA_HOME=/usr/lib/jvm/java-8-oracle
PATH=/usr/local/sbin:/usr/local/bin:/usr/sbin:/usr/bin:/sbin:/bin:/usr/games:/usr/local/games:/var/www/html/activator-1.3.10-minimal/bin:/var/www/html/security/target/node/:/var/www/html/security/target/node/node_modules/npm/bin/
SHELL=/bin/bash

Signal Handlers:
SIGSEGV: [libjvm.so+0xabca10], sa_mask[0]=11111111011111111101111111111110, sa_flags=SA_RESTART|SA_SIGINFO
SIGBUS: [libjvm.so+0xabca10], sa_mask[0]=11111111011111111101111111111110, sa_flags=SA_RESTART|SA_SIGINFO
SIGFPE: [libjvm.so+0x919a20], sa_mask[0]=11111111011111111101111111111110, sa_flags=SA_RESTART|SA_SIGINFO
SIGPIPE: [libjvm.so+0x919a20], sa_mask[0]=11111111011111111101111111111110, sa_flags=SA_RESTART|SA_SIGINFO
SIGXFSZ: [libjvm.so+0x919a20], sa_mask[0]=11111111011111111101111111111110, sa_flags=SA_RESTART|SA_SIGINFO
SIGILL: [libjvm.so+0x919a20], sa_mask[0]=11111111011111111101111111111110, sa_flags=SA_RESTART|SA_SIGINFO
SIGUSR1: SIG_DFL, sa_mask[0]=00000000000000000000000000000000, sa_flags=none
SIGUSR2: [libjvm.so+0x91b050], sa_mask[0]=00100000000000000000000000000000, sa_flags=SA_RESTART|SA_SIGINFO
SIGHUP: [libjvm.so+0x91c450], sa_mask[0]=11111111011111111101111111111110, sa_flags=SA_RESTART|SA_SIGINFO
SIGINT: [libjvm.so+0x91c450], sa_mask[0]=11111111011111111101111111111110, sa_flags=SA_RESTART|SA_SIGINFO
SIGTERM: [libjvm.so+0x91c450], sa_mask[0]=11111111011111111101111111111110, sa_flags=SA_RESTART|SA_SIGINFO
SIGQUIT: [libjvm.so+0x91c450], sa_mask[0]=11111111011111111101111111111110, sa_flags=SA_RESTART|SA_SIGINFO


---------------  S Y S T E M  ---------------

OS:DISTRIB_ID=Ubuntu
DISTRIB_RELEASE=14.04
DISTRIB_CODENAME=trusty
DISTRIB_DESCRIPTION="Ubuntu 14.04.4 LTS"

uname:Linux 3.13.0-79-generic #123-Ubuntu SMP Fri Feb 19 14:27:58 UTC 2016 x86_64
libc:glibc 2.19 NPTL 2.19 
rlimit: STACK 8192k, CORE 0k, NPROC 7782, NOFILE 4096, AS infinity
load average:2,75 1,48 0,81

/proc/meminfo:
MemTotal:        1017856 kB
MemFree:           48996 kB
Buffers:             188 kB
Cached:            39560 kB
SwapCached:            0 kB
Active:           879560 kB
Inactive:          24680 kB
Active(anon):     878848 kB
Inactive(anon):    21940 kB
Active(file):        712 kB
Inactive(file):     2740 kB
Unevictable:           0 kB
Mlocked:               0 kB
SwapTotal:             0 kB
SwapFree:              0 kB
Dirty:                40 kB
Writeback:             0 kB
AnonPages:        864516 kB
Mapped:            30308 kB
Shmem:             36272 kB
Slab:              30320 kB
SReclaimable:      14872 kB
SUnreclaim:        15448 kB
KernelStack:        1496 kB
PageTables:        14308 kB
NFS_Unstable:          0 kB
Bounce:                0 kB
WritebackTmp:          0 kB
CommitLimit:      508928 kB
Committed_AS:    1682480 kB
VmallocTotal:   34359738367 kB
VmallocUsed:       92284 kB
VmallocChunk:   34359611976 kB
HardwareCorrupted:     0 kB
AnonHugePages:    239616 kB
HugePages_Total:       0
HugePages_Free:        0
HugePages_Rsvd:        0
HugePages_Surp:        0
Hugepagesize:       2048 kB
DirectMap4k:       34808 kB
DirectMap2M:     1013760 kB
DirectMap1G:           0 kB


CPU:total 1 (1 cores per cpu, 1 threads per core) family 6 model 63 stepping 2, cmov, cx8, fxsr, mmx, sse, sse2, sse3, ssse3, sse4.1, sse4.2, popcnt, avx, avx2, aes, clmul, erms, lzcnt, tsc, bmi1, bmi2

/proc/cpuinfo:
processor	: 0
vendor_id	: GenuineIntel
cpu family	: 6
model		: 63
model name	: Intel(R) Xeon(R) CPU E5-2650L v3 @ 1.80GHz
stepping	: 2
microcode	: 0x1
cpu MHz		: 1797.917
cache size	: 30720 KB
physical id	: 0
siblings	: 1
core id		: 0
cpu cores	: 1
apicid		: 0
initial apicid	: 0
fpu		: yes
fpu_exception	: yes
cpuid level	: 13
wp		: yes
flags		: fpu vme de pse tsc msr pae mce cx8 apic sep mtrr pge mca cmov pat pse36 clflush mmx fxsr sse sse2 ss syscall nx pdpe1gb rdtscp lm constant_tsc arch_perfmon rep_good nopl eagerfpu pni pclmulqdq vmx ssse3 fma cx16 pcid sse4_1 sse4_2 x2apic movbe popcnt tsc_deadline_timer aes xsave avx f16c rdrand hypervisor lahf_lm abm arat xsaveopt vnmi ept fsgsbase tsc_adjust bmi1 avx2 smep bmi2 erms invpcid
bogomips	: 3595.83
clflush size	: 64
cache_alignment	: 64
address sizes	: 40 bits physical, 48 bits virtual
power management:



Memory: 4k page, physical 1017856k(48996k free), swap 0k(0k free)

vm_info: Java HotSpot(TM) 64-Bit Server VM (25.91-b14) for linux-amd64 JRE (1.8.0_91-b14), built on Apr  1 2016 00:57:21 by "java_re" with gcc 4.3.0 20080428 (Red Hat 4.3.0-8)

time: Wed Mar 29 15:54:44 2017
elapsed time: 23 seconds (0d 0h 0m 23s)

