0 info it worked if it ends with ok
1 verbose cli [ '/usr/bin/nodejs', '/usr/bin/npm', 'run', 'build' ]
2 info using npm@4.1.2
3 info using node@v7.7.4
4 verbose run-script [ 'prebuild', 'build', 'postbuild' ]
5 info lifecycle my-app@0.1.0~prebuild: my-app@0.1.0
6 silly lifecycle my-app@0.1.0~prebuild: no script for prebuild, continuing
7 info lifecycle my-app@0.1.0~build: my-app@0.1.0
8 verbose lifecycle my-app@0.1.0~build: unsafe-perm in lifecycle true
9 verbose lifecycle my-app@0.1.0~build: PATH: /usr/lib/node_modules/npm/bin/node-gyp-bin:/usr/etc/security/node_modules/.bin:/usr/local/sbin:/usr/local/bin:/usr/sbin:/usr/bin:/sbin:/bin
10 verbose lifecycle my-app@0.1.0~build: CWD: /usr/etc/security
11 silly lifecycle my-app@0.1.0~build: Args: [ '-c', 'node scripts/build.js' ]
12 silly lifecycle my-app@0.1.0~build: Returned: code: 134  signal: null
13 info lifecycle my-app@0.1.0~build: Failed to exec build script
14 verbose stack Error: my-app@0.1.0 build: `node scripts/build.js`
14 verbose stack Exit status 134
14 verbose stack     at EventEmitter.<anonymous> (/usr/lib/node_modules/npm/lib/utils/lifecycle.js:279:16)
14 verbose stack     at emitTwo (events.js:106:13)
14 verbose stack     at EventEmitter.emit (events.js:194:7)
14 verbose stack     at ChildProcess.<anonymous> (/usr/lib/node_modules/npm/lib/utils/spawn.js:40:14)
14 verbose stack     at emitTwo (events.js:106:13)
14 verbose stack     at ChildProcess.emit (events.js:194:7)
14 verbose stack     at maybeClose (internal/child_process.js:899:16)
14 verbose stack     at Process.ChildProcess._handle.onexit (internal/child_process.js:226:5)
15 verbose pkgid my-app@0.1.0
16 verbose cwd /usr/etc/security
17 error Linux 3.13.0-79-generic
18 error argv "/usr/bin/nodejs" "/usr/bin/npm" "run" "build"
19 error node v7.7.4
20 error npm  v4.1.2
21 error code ELIFECYCLE
22 error my-app@0.1.0 build: `node scripts/build.js`
22 error Exit status 134
23 error Failed at the my-app@0.1.0 build script 'node scripts/build.js'.
23 error Make sure you have the latest version of node.js and npm installed.
23 error If you do, this is most likely a problem with the my-app package,
23 error not with npm itself.
23 error Tell the author that this fails on your system:
23 error     node scripts/build.js
23 error You can get information on how to open an issue for this project with:
23 error     npm bugs my-app
23 error Or if that isn't available, you can get their info via:
23 error     npm owner ls my-app
23 error There is likely additional logging output above.
24 verbose exit [ 1, true ]
